#
# There is insufficient memory for the Java Runtime Environment to continue.
# Native memory allocation (malloc) failed to allocate 1625456 bytes. Error detail: Chunk::new
# Possible reasons:
#   The system is out of physical RAM or swap space
#   This process is running with CompressedOops enabled, and the Java Heap may be blocking the growth of the native heap
# Possible solutions:
#   Reduce memory load on the system
#   Increase physical memory or swap space
#   Check if swap backing store is full
#   Decrease Java heap size (-Xmx/-Xms)
#   Decrease number of Java threads
#   Decrease Java thread stack sizes (-Xss)
#   Set larger code cache with -XX:ReservedCodeCacheSize=
#   JVM is running with Unscaled Compressed Oops mode in which the Java heap is
#     placed in the first 4GB address space. The Java Heap base address is the
#     maximum limit for the native heap growth. Please use -XX:HeapBaseMinAddress
#     to set the Java Heap base and to place the Java Heap above 4GB virtual address.
# This output file may be truncated or incomplete.
#
#  Out of Memory Error (arena.cpp:168), pid=1164, tid=7216
#
# JRE version: OpenJDK Runtime Environment Temurin-21.0.7+6 (21.0.7+6) (build 21.0.7+6-LTS)
# Java VM: OpenJDK 64-Bit Server VM Temurin-21.0.7+6 (21.0.7+6-LTS, mixed mode, sharing, tiered, compressed oops, compressed class ptrs, parallel gc, windows-amd64)
# Core dump will be written. Default location: c:\Users\Administrator\Desktop\repos\Virtual-Camera\hs_err_pid1164.mdmp
#

---------------  S U M M A R Y ------------

Command Line: --add-modules=ALL-SYSTEM --add-opens=java.base/java.util=ALL-UNNAMED --add-opens=java.base/java.lang=ALL-UNNAMED --add-opens=java.base/sun.nio.fs=ALL-UNNAMED -Declipse.application=org.eclipse.jdt.ls.core.id1 -Dosgi.bundles.defaultStartLevel=4 -Declipse.product=org.eclipse.jdt.ls.core.product -Djava.import.generatesMetadataFilesAtProjectRoot=false -DDetectVMInstallationsJob.disabled=true -Dfile.encoding=utf8 -XX:+UseParallelGC -XX:GCTimeRatio=4 -XX:AdaptiveSizePolicyWeight=90 -Dsun.zip.disableMemoryMapping=true -Xmx2G -Xms100m -Xlog:disable -javaagent:c:\Users\Administrator\.vscode\extensions\redhat.java-1.43.1-win32-x64\lombok\lombok-1.18.39-4050.jar c:\Users\Administrator\.vscode\extensions\redhat.java-1.43.1-win32-x64\server\plugins\org.eclipse.equinox.launcher_1.7.0.v20250519-0528.jar -configuration c:\Users\Administrator\AppData\Roaming\Code\User\globalStorage\redhat.java\1.43.1\config_ss_win -data c:\Users\Administrator\AppData\Roaming\Code\User\workspaceStorage\34ce6cadecba1fb2d5a0478fb1fb3966\redhat.java\ss_ws --pipe=\\.\pipe\lsp-b15ccd1dea402eb4b625db95fea04fae-sock

Host: Intel(R) Xeon(R) CPU E5-2667 v2 @ 3.30GHz, 4 cores, 3G,  Windows Server 2022 , 64 bit Build 20348 (10.0.20348.143)
Time: Sun Jul 20 17:10:48 2025  Windows Server 2022 , 64 bit Build 20348 (10.0.20348.143) elapsed time: 362.602847 seconds (0d 0h 6m 2s)

---------------  T H R E A D  ---------------

Current thread (0x000001c00c1a78c0):  JavaThread "C2 CompilerThread1" daemon [_thread_in_native, id=7216, stack(0x00000007e4500000,0x00000007e4600000) (1024K)]


Current CompileTask:
C2:362603 8766       4       org.eclipse.jdt.internal.core.JavaProject$ModuleLookup::addTransitive (71 bytes)

Stack: [0x00000007e4500000,0x00000007e4600000]
Native frames: (J=compiled Java code, j=interpreted, Vv=VM code, C=native code)
V  [jvm.dll+0x6ce119]
V  [jvm.dll+0x8a84a1]
V  [jvm.dll+0x8aa9ce]
V  [jvm.dll+0x8ab0b3]
V  [jvm.dll+0x27f8a6]
V  [jvm.dll+0xc507d]
V  [jvm.dll+0xc55b3]
V  [jvm.dll+0x3b68f2]
V  [jvm.dll+0x382aa5]
V  [jvm.dll+0x381f0a]
V  [jvm.dll+0x247af0]
V  [jvm.dll+0x2470cf]
V  [jvm.dll+0x1c760e]
V  [jvm.dll+0x25695a]
V  [jvm.dll+0x254efa]
V  [jvm.dll+0x3f03f6]
V  [jvm.dll+0x851f6b]
V  [jvm.dll+0x6cc7dd]
C  [ucrtbase.dll+0x26b4c]
C  [KERNEL32.DLL+0x14ed0]
C  [ntdll.dll+0x7e20b]


---------------  P R O C E S S  ---------------

Threads class SMR info:
_java_thread_list=0x000001c00e53f650, length=39, elements={
0x000001bfaf2a7aa0, 0x000001bfaf1957f0, 0x000001bfaf196c90, 0x000001bfaf19c3e0,
0x000001bfaf19ce30, 0x000001bfaf19dae0, 0x000001bfaf19e8e0, 0x000001bfaf19f710,
0x000001bfaf211560, 0x000001bfaf26e900, 0x000001c007bc2750, 0x000001c00c69adc0,
0x000001c007a3ae00, 0x000001c00c6ec540, 0x000001c00c44e0a0, 0x000001c00c8620b0,
0x000001c00c9f2db0, 0x000001c00c92be90, 0x000001c00c9203a0, 0x000001c00c91e960,
0x000001c00c91eff0, 0x000001c00c91e2d0, 0x000001c00c91dc40, 0x000001c00c91fd10,
0x000001c00c91f680, 0x000001c00c91cf20, 0x000001c00dd5e870, 0x000001c00dd5db50,
0x000001c00dd5c110, 0x000001c00dd5e1e0, 0x000001c00dd5c7a0, 0x000001c00dd5ef00,
0x000001c00dd5ba80, 0x000001c00dd5ce30, 0x000001c00c91d5b0, 0x000001c00c1d70c0,
0x000001c00c1d8470, 0x000001c00c1d4ff0, 0x000001c00c1a78c0
}

Java Threads: ( => current thread )
  0x000001bfaf2a7aa0 JavaThread "main"                              [_thread_blocked, id=716, stack(0x00000007e1c00000,0x00000007e1d00000) (1024K)]
  0x000001bfaf1957f0 JavaThread "Reference Handler"          daemon [_thread_blocked, id=10696, stack(0x00000007e2100000,0x00000007e2200000) (1024K)]
  0x000001bfaf196c90 JavaThread "Finalizer"                  daemon [_thread_blocked, id=12840, stack(0x00000007e2200000,0x00000007e2300000) (1024K)]
  0x000001bfaf19c3e0 JavaThread "Signal Dispatcher"          daemon [_thread_blocked, id=11012, stack(0x00000007e2300000,0x00000007e2400000) (1024K)]
  0x000001bfaf19ce30 JavaThread "Attach Listener"            daemon [_thread_blocked, id=5420, stack(0x00000007e2400000,0x00000007e2500000) (1024K)]
  0x000001bfaf19dae0 JavaThread "Service Thread"             daemon [_thread_blocked, id=2848, stack(0x00000007e2500000,0x00000007e2600000) (1024K)]
  0x000001bfaf19e8e0 JavaThread "Monitor Deflation Thread"   daemon [_thread_blocked, id=2540, stack(0x00000007e2600000,0x00000007e2700000) (1024K)]
  0x000001bfaf19f710 JavaThread "C2 CompilerThread0"         daemon [_thread_in_native, id=12496, stack(0x00000007e2700000,0x00000007e2800000) (1024K)]
  0x000001bfaf211560 JavaThread "C1 CompilerThread0"         daemon [_thread_blocked, id=9532, stack(0x00000007e2800000,0x00000007e2900000) (1024K)]
  0x000001bfaf26e900 JavaThread "Common-Cleaner"             daemon [_thread_blocked, id=13024, stack(0x00000007e2900000,0x00000007e2a00000) (1024K)]
  0x000001c007bc2750 JavaThread "Notification Thread"        daemon [_thread_blocked, id=5676, stack(0x00000007e2b00000,0x00000007e2c00000) (1024K)]
  0x000001c00c69adc0 JavaThread "Active Thread: Equinox Container: 9b6ffe91-601c-42e2-beb0-433f561b2ccc"        [_thread_blocked, id=11620, stack(0x00000007e2f00000,0x00000007e3000000) (1024K)]
  0x000001c007a3ae00 JavaThread "Framework Event Dispatcher: Equinox Container: 9b6ffe91-601c-42e2-beb0-433f561b2ccc" daemon [_thread_blocked, id=8620, stack(0x00000007e2a00000,0x00000007e2b00000) (1024K)]
  0x000001c00c6ec540 JavaThread "Start Level: Equinox Container: 9b6ffe91-601c-42e2-beb0-433f561b2ccc" daemon [_thread_blocked, id=5924, stack(0x00000007e3000000,0x00000007e3100000) (1024K)]
  0x000001c00c44e0a0 JavaThread "SCR Component Actor"        daemon [_thread_blocked, id=4436, stack(0x00000007e3100000,0x00000007e3200000) (1024K)]
  0x000001c00c8620b0 JavaThread "Worker-JM"                         [_thread_blocked, id=4660, stack(0x00000007e3400000,0x00000007e3500000) (1024K)]
  0x000001c00c9f2db0 JavaThread "JNA Cleaner"                daemon [_thread_blocked, id=10788, stack(0x00000007e3300000,0x00000007e3400000) (1024K)]
  0x000001c00c92be90 JavaThread "Worker-0"                          [_thread_blocked, id=9636, stack(0x00000007e3500000,0x00000007e3600000) (1024K)]
  0x000001c00c9203a0 JavaThread "Thread-2"                   daemon [_thread_in_native, id=12676, stack(0x00000007e3800000,0x00000007e3900000) (1024K)]
  0x000001c00c91e960 JavaThread "Thread-3"                   daemon [_thread_in_native, id=10216, stack(0x00000007e3900000,0x00000007e3a00000) (1024K)]
  0x000001c00c91eff0 JavaThread "Thread-4"                   daemon [_thread_in_native, id=10516, stack(0x00000007e3a00000,0x00000007e3b00000) (1024K)]
  0x000001c00c91e2d0 JavaThread "Thread-5"                   daemon [_thread_in_native, id=7300, stack(0x00000007e3b00000,0x00000007e3c00000) (1024K)]
  0x000001c00c91dc40 JavaThread "Thread-6"                   daemon [_thread_in_native, id=11468, stack(0x00000007e3c00000,0x00000007e3d00000) (1024K)]
  0x000001c00c91fd10 JavaThread "pool-2-thread-1"                   [_thread_blocked, id=2880, stack(0x00000007e3d00000,0x00000007e3e00000) (1024K)]
  0x000001c00c91f680 JavaThread "Worker-2"                          [_thread_blocked, id=8076, stack(0x00000007e3e00000,0x00000007e3f00000) (1024K)]
  0x000001c00c91cf20 JavaThread "WorkspaceEventsHandler"            [_thread_blocked, id=8308, stack(0x00000007e3700000,0x00000007e3800000) (1024K)]
  0x000001c00dd5e870 JavaThread "pool-1-thread-1"                   [_thread_blocked, id=10624, stack(0x00000007e3f00000,0x00000007e4000000) (1024K)]
  0x000001c00dd5db50 JavaThread "ForkJoinPool.commonPool-worker-2" daemon [_thread_blocked, id=7652, stack(0x00000007e1b00000,0x00000007e1c00000) (1024K)]
  0x000001c00dd5c110 JavaThread "ForkJoinPool.commonPool-worker-3" daemon [_thread_blocked, id=13116, stack(0x00000007e1d00000,0x00000007e1e00000) (1024K)]
  0x000001c00dd5e1e0 JavaThread "ForkJoinPool.commonPool-worker-4" daemon [_thread_blocked, id=13152, stack(0x00000007e3200000,0x00000007e3300000) (1024K)]
  0x000001c00dd5c7a0 JavaThread "Compiler Source File Reader" daemon [_thread_blocked, id=3592, stack(0x00000007e4000000,0x00000007e4100000) (1024K)]
  0x000001c00dd5ef00 JavaThread "Compiler Processing Task"   daemon [_thread_blocked, id=9120, stack(0x00000007e4100000,0x00000007e4200000) (1024K)]
  0x000001c00dd5ba80 JavaThread "Compiler Source File Reader" daemon [_thread_blocked, id=9500, stack(0x00000007e3600000,0x00000007e3700000) (1024K)]
  0x000001c00dd5ce30 JavaThread "LocalFile Deleter"          daemon [_thread_blocked, id=4580, stack(0x00000007e4300000,0x00000007e4400000) (1024K)]
  0x000001c00c91d5b0 JavaThread "LocalFile Deleter"          daemon [_thread_blocked, id=11980, stack(0x00000007e4200000,0x00000007e4300000) (1024K)]
  0x000001c00c1d70c0 JavaThread "Worker-3"                          [_thread_blocked, id=9476, stack(0x00000007e4400000,0x00000007e4500000) (1024K)]
  0x000001c00c1d8470 JavaThread "Compiler Class File Writer" daemon [_thread_blocked, id=10204, stack(0x00000007e4600000,0x00000007e4700000) (1024K)]
  0x000001c00c1d4ff0 JavaThread "Compiler Class File Writer" daemon [_thread_blocked, id=11584, stack(0x00000007e4700000,0x00000007e4800000) (1024K)]
=>0x000001c00c1a78c0 JavaThread "C2 CompilerThread1"         daemon [_thread_in_native, id=7216, stack(0x00000007e4500000,0x00000007e4600000) (1024K)]
Total: 39

Other Threads:
  0x000001bfaf176c70 VMThread "VM Thread"                           [id=9548, stack(0x00000007e2000000,0x00000007e2100000) (1024K)]
  0x000001bfaf0f09d0 WatcherThread "VM Periodic Task Thread"        [id=13212, stack(0x00000007e1f00000,0x00000007e2000000) (1024K)]
  0x000001bfaf2c48a0 WorkerThread "GC Thread#0"                     [id=4428, stack(0x00000007e1e00000,0x00000007e1f00000) (1024K)]
  0x000001c00c536810 WorkerThread "GC Thread#1"                     [id=10684, stack(0x00000007e2c00000,0x00000007e2d00000) (1024K)]
  0x000001c00c7ea2b0 WorkerThread "GC Thread#2"                     [id=11408, stack(0x00000007e2d00000,0x00000007e2e00000) (1024K)]
  0x000001c00c7ea650 WorkerThread "GC Thread#3"                     [id=10200, stack(0x00000007e2e00000,0x00000007e2f00000) (1024K)]
Total: 6

Threads with active compile tasks:
C2 CompilerThread0  362658 8780       4       org.eclipse.jdt.internal.compiler.lookup.ModuleBinding::completeIfNeeded (53 bytes)
C2 CompilerThread1  362659 8766       4       org.eclipse.jdt.internal.core.JavaProject$ModuleLookup::addTransitive (71 bytes)
Total: 2

VM state: not at safepoint (normal execution)

VM Mutex/Monitor currently owned by a thread: None

Heap address: 0x0000000080000000, size: 2048 MB, Compressed Oops mode: 32-bit

CDS archive(s) mapped at: [0x000001bfc6000000-0x000001bfc6ba0000-0x000001bfc6ba0000), size 12189696, SharedBaseAddress: 0x000001bfc6000000, ArchiveRelocationMode: 1.
Compressed class space mapped at: 0x000001bfc7000000-0x000001c007000000, reserved size: 1073741824
Narrow klass base: 0x000001bfc6000000, Narrow klass shift: 0, Narrow klass range: 0x100000000

GC Precious Log:
 CardTable entry size: 512
 CPUs: 4 total, 4 available
 Memory: 4095M
 Large Page Support: Disabled
 NUMA Support: Disabled
 Compressed Oops: Enabled (32-bit)
 Alignments: Space 512K, Generation 512K, Heap 2M
 Heap Min Capacity: 100M
 Heap Initial Capacity: 100M
 Heap Max Capacity: 2G
 Pre-touch: Disabled
 Parallel Workers: 4

Heap:
 PSYoungGen      total 22016K, used 19655K [0x00000000d5580000, 0x00000000d7200000, 0x0000000100000000)
  eden space 20992K, 88% used [0x00000000d5580000,0x00000000d67b3a78,0x00000000d6a00000)
  from space 1024K, 99% used [0x00000000d6a80000,0x00000000d6b7e270,0x00000000d6b80000)
  to   space 4096K, 0% used [0x00000000d6e00000,0x00000000d6e00000,0x00000000d7200000)
 ParOldGen       total 68608K, used 36921K [0x0000000080000000, 0x0000000084300000, 0x00000000d5580000)
  object space 68608K, 53% used [0x0000000080000000,0x000000008240e5f0,0x0000000084300000)
 Metaspace       used 46854K, committed 48000K, reserved 1114112K
  class space    used 4406K, committed 4928K, reserved 1048576K

Card table byte_map: [0x000001bfaec60000,0x000001bfaf070000] _byte_map_base: 0x000001bfae860000

Marking Bits: (ParMarkBitMap*) 0x00007fff108131f0
 Begin Bits: [0x000001bfc1760000, 0x000001bfc3760000)
 End Bits:   [0x000001bfc3760000, 0x000001bfc5760000)

Polling page: 0x000001bfad260000

Metaspace:

Usage:
  Non-class:     41.45 MB used.
      Class:      4.30 MB used.
       Both:     45.76 MB used.

Virtual space:
  Non-class space:       64.00 MB reserved,      42.06 MB ( 66%) committed,  1 nodes.
      Class space:        1.00 GB reserved,       4.81 MB ( <1%) committed,  1 nodes.
             Both:        1.06 GB reserved,      46.88 MB (  4%) committed. 

Chunk freelists:
   Non-Class:  5.91 MB
       Class:  11.17 MB
        Both:  17.07 MB

MaxMetaspaceSize: unlimited
CompressedClassSpaceSize: 1.00 GB
Initial GC threshold: 21.00 MB
Current GC threshold: 58.38 MB
CDS: on
 - commit_granule_bytes: 65536.
 - commit_granule_words: 8192.
 - virtual_space_node_default_size: 8388608.
 - enlarge_chunks_in_place: 1.
 - use_allocation_guard: 0.


Internal statistics:

num_allocs_failed_limit: 6.
num_arena_births: 944.
num_arena_deaths: 14.
num_vsnodes_births: 2.
num_vsnodes_deaths: 0.
num_space_committed: 750.
num_space_uncommitted: 0.
num_chunks_returned_to_freelist: 20.
num_chunks_taken_from_freelist: 2969.
num_chunk_merges: 11.
num_chunk_splits: 1888.
num_chunks_enlarged: 1199.
num_inconsistent_stats: 0.

CodeHeap 'non-profiled nmethods': size=120000Kb used=7145Kb max_used=7145Kb free=112854Kb
 bounds [0x000001bfb9f80000, 0x000001bfba680000, 0x000001bfc14b0000]
CodeHeap 'profiled nmethods': size=120000Kb used=21198Kb max_used=21198Kb free=98802Kb
 bounds [0x000001bfb24b0000, 0x000001bfb3970000, 0x000001bfb99e0000]
CodeHeap 'non-nmethods': size=5760Kb used=1412Kb max_used=1481Kb free=4347Kb
 bounds [0x000001bfb99e0000, 0x000001bfb9c50000, 0x000001bfb9f80000]
 total_blobs=9115 nmethods=8386 adapters=631
 compilation: enabled
              stopped_count=0, restarted_count=0
 full_count=0

Compilation events (20 events):
Event: 362.359 Thread 0x000001bfaf211560 8786       3       org.eclipse.jdt.internal.compiler.classfmt.ClassFileReader::isLocal (42 bytes)
Event: 362.359 Thread 0x000001bfaf211560 nmethod 8786 0x000001bfb3951b90 code [0x000001bfb3951d80, 0x000001bfb3952090]
Event: 362.364 Thread 0x000001bfaf211560 8788       3       org.eclipse.jdt.internal.compiler.lookup.LookupEnvironment::createBinaryTypeFrom (106 bytes)
Event: 362.365 Thread 0x000001bfaf211560 nmethod 8788 0x000001bfb3952190 code [0x000001bfb3952400, 0x000001bfb3952e48]
Event: 362.365 Thread 0x000001bfaf211560 8793   !   3       org.eclipse.jdt.internal.compiler.lookup.BinaryTypeBinding::cachePartsFrom2 (1933 bytes)
Event: 362.380 Thread 0x000001bfaf211560 nmethod 8793 0x000001bfb3953210 code [0x000001bfb3953b00, 0x000001bfb3959cb0]
Event: 362.380 Thread 0x000001bfaf211560 8799       3       java.util.concurrent.ConcurrentHashMap::comparableClassFor (115 bytes)
Event: 362.381 Thread 0x000001bfaf211560 nmethod 8799 0x000001bfb395e790 code [0x000001bfb395ea20, 0x000001bfb395f780]
Event: 362.381 Thread 0x000001bfaf211560 8789       3       org.eclipse.jdt.internal.compiler.lookup.BinaryTypeBinding::<init> (9 bytes)
Event: 362.381 Thread 0x000001bfaf211560 nmethod 8789 0x000001bfb395fb10 code [0x000001bfb395fcc0, 0x000001bfb395fe00]
Event: 362.381 Thread 0x000001bfaf211560 8790       3       org.eclipse.jdt.internal.compiler.lookup.BinaryTypeBinding::<init> (354 bytes)
Event: 362.383 Thread 0x000001bfaf211560 nmethod 8790 0x000001bfb395fe90 code [0x000001bfb39601a0, 0x000001bfb3961470]
Event: 362.383 Thread 0x000001bfaf211560 8791       3       org.eclipse.jdt.internal.compiler.classfmt.ClassFileReader::getSourceName (91 bytes)
Event: 362.384 Thread 0x000001bfaf211560 nmethod 8791 0x000001bfb3961b10 code [0x000001bfb3961d60, 0x000001bfb39626a0]
Event: 362.384 Thread 0x000001bfaf211560 8792   !   3       org.eclipse.jdt.internal.compiler.lookup.BinaryTypeBinding::cachePartsFrom (45 bytes)
Event: 362.385 Thread 0x000001bfaf211560 nmethod 8792 0x000001bfb3962a10 code [0x000001bfb3962c20, 0x000001bfb3963050]
Event: 362.385 Thread 0x000001bfaf211560 8797       3       org.eclipse.jdt.internal.compiler.ClassFile::generateCodeAttributeHeader (83 bytes)
Event: 362.385 Thread 0x000001bfaf211560 nmethod 8797 0x000001bfb3963290 code [0x000001bfb3963460, 0x000001bfb39636b8]
Event: 362.385 Thread 0x000001bfaf211560 8798       1       org.eclipse.jdt.core.dom.QualifiedName::getNodeType0 (3 bytes)
Event: 362.385 Thread 0x000001bfaf211560 nmethod 8798 0x000001bfba668f10 code [0x000001bfba6690a0, 0x000001bfba669168]

GC Heap History (20 events):
Event: 62.704 GC heap before
{Heap before GC invocations=22 (full 2):
 PSYoungGen      total 22528K, used 22525K [0x00000000d5580000, 0x00000000d6e80000, 0x0000000100000000)
  eden space 21504K, 100% used [0x00000000d5580000,0x00000000d6a80000,0x00000000d6a80000)
  from space 1024K, 99% used [0x00000000d6b80000,0x00000000d6c7f638,0x00000000d6c80000)
  to   space 2048K, 0% used [0x00000000d6c80000,0x00000000d6c80000,0x00000000d6e80000)
 ParOldGen       total 68608K, used 28925K [0x0000000080000000, 0x0000000084300000, 0x00000000d5580000)
  object space 68608K, 42% used [0x0000000080000000,0x0000000081c3f470,0x0000000084300000)
 Metaspace       used 36181K, committed 37120K, reserved 1114112K
  class space    used 3566K, committed 4032K, reserved 1048576K
}
Event: 62.706 GC heap after
{Heap after GC invocations=22 (full 2):
 PSYoungGen      total 22528K, used 585K [0x00000000d5580000, 0x00000000d6d80000, 0x0000000100000000)
  eden space 21504K, 0% used [0x00000000d5580000,0x00000000d5580000,0x00000000d6a80000)
  from space 1024K, 57% used [0x00000000d6c80000,0x00000000d6d12580,0x00000000d6d80000)
  to   space 1024K, 0% used [0x00000000d6b80000,0x00000000d6b80000,0x00000000d6c80000)
 ParOldGen       total 68608K, used 29925K [0x0000000080000000, 0x0000000084300000, 0x00000000d5580000)
  object space 68608K, 43% used [0x0000000080000000,0x0000000081d396f0,0x0000000084300000)
 Metaspace       used 36181K, committed 37120K, reserved 1114112K
  class space    used 3566K, committed 4032K, reserved 1048576K
}
Event: 63.800 GC heap before
{Heap before GC invocations=23 (full 2):
 PSYoungGen      total 22528K, used 22089K [0x00000000d5580000, 0x00000000d6d80000, 0x0000000100000000)
  eden space 21504K, 100% used [0x00000000d5580000,0x00000000d6a80000,0x00000000d6a80000)
  from space 1024K, 57% used [0x00000000d6c80000,0x00000000d6d12580,0x00000000d6d80000)
  to   space 1024K, 0% used [0x00000000d6b80000,0x00000000d6b80000,0x00000000d6c80000)
 ParOldGen       total 68608K, used 29925K [0x0000000080000000, 0x0000000084300000, 0x00000000d5580000)
  object space 68608K, 43% used [0x0000000080000000,0x0000000081d396f0,0x0000000084300000)
 Metaspace       used 38509K, committed 39488K, reserved 1114112K
  class space    used 3788K, committed 4224K, reserved 1048576K
}
Event: 63.802 GC heap after
{Heap after GC invocations=23 (full 2):
 PSYoungGen      total 22016K, used 512K [0x00000000d5580000, 0x00000000d6d00000, 0x0000000100000000)
  eden space 21504K, 0% used [0x00000000d5580000,0x00000000d5580000,0x00000000d6a80000)
  from space 512K, 100% used [0x00000000d6b80000,0x00000000d6c00000,0x00000000d6c00000)
  to   space 1024K, 0% used [0x00000000d6c00000,0x00000000d6c00000,0x00000000d6d00000)
 ParOldGen       total 68608K, used 29949K [0x0000000080000000, 0x0000000084300000, 0x00000000d5580000)
  object space 68608K, 43% used [0x0000000080000000,0x0000000081d3f6f0,0x0000000084300000)
 Metaspace       used 38509K, committed 39488K, reserved 1114112K
  class space    used 3788K, committed 4224K, reserved 1048576K
}
Event: 65.947 GC heap before
{Heap before GC invocations=24 (full 2):
 PSYoungGen      total 22016K, used 22016K [0x00000000d5580000, 0x00000000d6d00000, 0x0000000100000000)
  eden space 21504K, 100% used [0x00000000d5580000,0x00000000d6a80000,0x00000000d6a80000)
  from space 512K, 100% used [0x00000000d6b80000,0x00000000d6c00000,0x00000000d6c00000)
  to   space 1024K, 0% used [0x00000000d6c00000,0x00000000d6c00000,0x00000000d6d00000)
 ParOldGen       total 68608K, used 29949K [0x0000000080000000, 0x0000000084300000, 0x00000000d5580000)
  object space 68608K, 43% used [0x0000000080000000,0x0000000081d3f6f0,0x0000000084300000)
 Metaspace       used 40405K, committed 41472K, reserved 1114112K
  class space    used 3963K, committed 4480K, reserved 1048576K
}
Event: 65.952 GC heap after
{Heap after GC invocations=24 (full 2):
 PSYoungGen      total 22016K, used 1023K [0x00000000d5580000, 0x00000000d6e80000, 0x0000000100000000)
  eden space 20992K, 0% used [0x00000000d5580000,0x00000000d5580000,0x00000000d6a00000)
  from space 1024K, 99% used [0x00000000d6c00000,0x00000000d6cffd28,0x00000000d6d00000)
  to   space 2048K, 0% used [0x00000000d6a00000,0x00000000d6a00000,0x00000000d6c00000)
 ParOldGen       total 68608K, used 30630K [0x0000000080000000, 0x0000000084300000, 0x00000000d5580000)
  object space 68608K, 44% used [0x0000000080000000,0x0000000081de9990,0x0000000084300000)
 Metaspace       used 40405K, committed 41472K, reserved 1114112K
  class space    used 3963K, committed 4480K, reserved 1048576K
}
Event: 68.927 GC heap before
{Heap before GC invocations=25 (full 2):
 PSYoungGen      total 22016K, used 22015K [0x00000000d5580000, 0x00000000d6e80000, 0x0000000100000000)
  eden space 20992K, 100% used [0x00000000d5580000,0x00000000d6a00000,0x00000000d6a00000)
  from space 1024K, 99% used [0x00000000d6c00000,0x00000000d6cffd28,0x00000000d6d00000)
  to   space 2048K, 0% used [0x00000000d6a00000,0x00000000d6a00000,0x00000000d6c00000)
 ParOldGen       total 68608K, used 30630K [0x0000000080000000, 0x0000000084300000, 0x00000000d5580000)
  object space 68608K, 44% used [0x0000000080000000,0x0000000081de9990,0x0000000084300000)
 Metaspace       used 41038K, committed 42112K, reserved 1114112K
  class space    used 4021K, committed 4544K, reserved 1048576K
}
Event: 68.931 GC heap after
{Heap after GC invocations=25 (full 2):
 PSYoungGen      total 21504K, used 337K [0x00000000d5580000, 0x00000000d6c80000, 0x0000000100000000)
  eden space 20992K, 0% used [0x00000000d5580000,0x00000000d5580000,0x00000000d6a00000)
  from space 512K, 65% used [0x00000000d6a00000,0x00000000d6a54648,0x00000000d6a80000)
  to   space 1024K, 0% used [0x00000000d6b80000,0x00000000d6b80000,0x00000000d6c80000)
 ParOldGen       total 68608K, used 31562K [0x0000000080000000, 0x0000000084300000, 0x00000000d5580000)
  object space 68608K, 46% used [0x0000000080000000,0x0000000081ed2a40,0x0000000084300000)
 Metaspace       used 41038K, committed 42112K, reserved 1114112K
  class space    used 4021K, committed 4544K, reserved 1048576K
}
Event: 72.809 GC heap before
{Heap before GC invocations=26 (full 2):
 PSYoungGen      total 21504K, used 21329K [0x00000000d5580000, 0x00000000d6c80000, 0x0000000100000000)
  eden space 20992K, 100% used [0x00000000d5580000,0x00000000d6a00000,0x00000000d6a00000)
  from space 512K, 65% used [0x00000000d6a00000,0x00000000d6a54648,0x00000000d6a80000)
  to   space 1024K, 0% used [0x00000000d6b80000,0x00000000d6b80000,0x00000000d6c80000)
 ParOldGen       total 68608K, used 31562K [0x0000000080000000, 0x0000000084300000, 0x00000000d5580000)
  object space 68608K, 46% used [0x0000000080000000,0x0000000081ed2a40,0x0000000084300000)
 Metaspace       used 41373K, committed 42496K, reserved 1114112K
  class space    used 4036K, committed 4608K, reserved 1048576K
}
Event: 72.810 GC heap after
{Heap after GC invocations=26 (full 2):
 PSYoungGen      total 21504K, used 128K [0x00000000d5580000, 0x00000000d6c00000, 0x0000000100000000)
  eden space 20992K, 0% used [0x00000000d5580000,0x00000000d5580000,0x00000000d6a00000)
  from space 512K, 25% used [0x00000000d6b80000,0x00000000d6ba0000,0x00000000d6c00000)
  to   space 512K, 0% used [0x00000000d6a00000,0x00000000d6a00000,0x00000000d6a80000)
 ParOldGen       total 68608K, used 31781K [0x0000000080000000, 0x0000000084300000, 0x00000000d5580000)
  object space 68608K, 46% used [0x0000000080000000,0x0000000081f09640,0x0000000084300000)
 Metaspace       used 41373K, committed 42496K, reserved 1114112K
  class space    used 4036K, committed 4608K, reserved 1048576K
}
Event: 256.445 GC heap before
{Heap before GC invocations=27 (full 2):
 PSYoungGen      total 21504K, used 21117K [0x00000000d5580000, 0x00000000d6c00000, 0x0000000100000000)
  eden space 20992K, 99% used [0x00000000d5580000,0x00000000d69ff7c0,0x00000000d6a00000)
  from space 512K, 25% used [0x00000000d6b80000,0x00000000d6ba0000,0x00000000d6c00000)
  to   space 512K, 0% used [0x00000000d6a00000,0x00000000d6a00000,0x00000000d6a80000)
 ParOldGen       total 68608K, used 31781K [0x0000000080000000, 0x0000000084300000, 0x00000000d5580000)
  object space 68608K, 46% used [0x0000000080000000,0x0000000081f09640,0x0000000084300000)
 Metaspace       used 42049K, committed 43136K, reserved 1114112K
  class space    used 4067K, committed 4608K, reserved 1048576K
}
Event: 256.449 GC heap after
{Heap after GC invocations=27 (full 2):
 PSYoungGen      total 21504K, used 494K [0x00000000d5580000, 0x00000000d6d00000, 0x0000000100000000)
  eden space 20992K, 0% used [0x00000000d5580000,0x00000000d5580000,0x00000000d6a00000)
  from space 512K, 96% used [0x00000000d6a00000,0x00000000d6a7bb30,0x00000000d6a80000)
  to   space 1536K, 0% used [0x00000000d6b80000,0x00000000d6b80000,0x00000000d6d00000)
 ParOldGen       total 68608K, used 32567K [0x0000000080000000, 0x0000000084300000, 0x00000000d5580000)
  object space 68608K, 47% used [0x0000000080000000,0x0000000081fcddb0,0x0000000084300000)
 Metaspace       used 42049K, committed 43136K, reserved 1114112K
  class space    used 4067K, committed 4608K, reserved 1048576K
}
Event: 295.067 GC heap before
{Heap before GC invocations=28 (full 2):
 PSYoungGen      total 21504K, used 21486K [0x00000000d5580000, 0x00000000d6d00000, 0x0000000100000000)
  eden space 20992K, 100% used [0x00000000d5580000,0x00000000d6a00000,0x00000000d6a00000)
  from space 512K, 96% used [0x00000000d6a00000,0x00000000d6a7bb30,0x00000000d6a80000)
  to   space 1536K, 0% used [0x00000000d6b80000,0x00000000d6b80000,0x00000000d6d00000)
 ParOldGen       total 68608K, used 32567K [0x0000000080000000, 0x0000000084300000, 0x00000000d5580000)
  object space 68608K, 47% used [0x0000000080000000,0x0000000081fcddb0,0x0000000084300000)
 Metaspace       used 42931K, committed 43968K, reserved 1114112K
  class space    used 4096K, committed 4608K, reserved 1048576K
}
Event: 295.072 GC heap after
{Heap after GC invocations=28 (full 2):
 PSYoungGen      total 22528K, used 1198K [0x00000000d5580000, 0x00000000d6d00000, 0x0000000100000000)
  eden space 20992K, 0% used [0x00000000d5580000,0x00000000d5580000,0x00000000d6a00000)
  from space 1536K, 78% used [0x00000000d6b80000,0x00000000d6cabae8,0x00000000d6d00000)
  to   space 1536K, 0% used [0x00000000d6a00000,0x00000000d6a00000,0x00000000d6b80000)
 ParOldGen       total 68608K, used 33007K [0x0000000080000000, 0x0000000084300000, 0x00000000d5580000)
  object space 68608K, 48% used [0x0000000080000000,0x000000008203bc70,0x0000000084300000)
 Metaspace       used 42931K, committed 43968K, reserved 1114112K
  class space    used 4096K, committed 4608K, reserved 1048576K
}
Event: 327.930 GC heap before
{Heap before GC invocations=29 (full 2):
 PSYoungGen      total 22528K, used 22190K [0x00000000d5580000, 0x00000000d6d00000, 0x0000000100000000)
  eden space 20992K, 100% used [0x00000000d5580000,0x00000000d6a00000,0x00000000d6a00000)
  from space 1536K, 78% used [0x00000000d6b80000,0x00000000d6cabae8,0x00000000d6d00000)
  to   space 1536K, 0% used [0x00000000d6a00000,0x00000000d6a00000,0x00000000d6b80000)
 ParOldGen       total 68608K, used 33007K [0x0000000080000000, 0x0000000084300000, 0x00000000d5580000)
  object space 68608K, 48% used [0x0000000080000000,0x000000008203bc70,0x0000000084300000)
 Metaspace       used 44833K, committed 45952K, reserved 1114112K
  class space    used 4267K, committed 4800K, reserved 1048576K
}
Event: 327.934 GC heap after
{Heap after GC invocations=29 (full 2):
 PSYoungGen      total 22528K, used 960K [0x00000000d5580000, 0x00000000d6d00000, 0x0000000100000000)
  eden space 20992K, 0% used [0x00000000d5580000,0x00000000d5580000,0x00000000d6a00000)
  from space 1536K, 62% used [0x00000000d6a00000,0x00000000d6af0040,0x00000000d6b80000)
  to   space 1536K, 0% used [0x00000000d6b80000,0x00000000d6b80000,0x00000000d6d00000)
 ParOldGen       total 68608K, used 33712K [0x0000000080000000, 0x0000000084300000, 0x00000000d5580000)
  object space 68608K, 49% used [0x0000000080000000,0x00000000820ec3f8,0x0000000084300000)
 Metaspace       used 44833K, committed 45952K, reserved 1114112K
  class space    used 4267K, committed 4800K, reserved 1048576K
}
Event: 330.902 GC heap before
{Heap before GC invocations=30 (full 2):
 PSYoungGen      total 22528K, used 21952K [0x00000000d5580000, 0x00000000d6d00000, 0x0000000100000000)
  eden space 20992K, 100% used [0x00000000d5580000,0x00000000d6a00000,0x00000000d6a00000)
  from space 1536K, 62% used [0x00000000d6a00000,0x00000000d6af0040,0x00000000d6b80000)
  to   space 1536K, 0% used [0x00000000d6b80000,0x00000000d6b80000,0x00000000d6d00000)
 ParOldGen       total 68608K, used 33712K [0x0000000080000000, 0x0000000084300000, 0x00000000d5580000)
  object space 68608K, 49% used [0x0000000080000000,0x00000000820ec3f8,0x0000000084300000)
 Metaspace       used 45606K, committed 46656K, reserved 1114112K
  class space    used 4331K, committed 4800K, reserved 1048576K
}
Event: 330.906 GC heap after
{Heap after GC invocations=30 (full 2):
 PSYoungGen      total 22016K, used 992K [0x00000000d5580000, 0x00000000d6c80000, 0x0000000100000000)
  eden space 20992K, 0% used [0x00000000d5580000,0x00000000d5580000,0x00000000d6a00000)
  from space 1024K, 96% used [0x00000000d6b80000,0x00000000d6c78020,0x00000000d6c80000)
  to   space 1024K, 0% used [0x00000000d6a80000,0x00000000d6a80000,0x00000000d6b80000)
 ParOldGen       total 68608K, used 34569K [0x0000000080000000, 0x0000000084300000, 0x00000000d5580000)
  object space 68608K, 50% used [0x0000000080000000,0x00000000821c2790,0x0000000084300000)
 Metaspace       used 45606K, committed 46656K, reserved 1114112K
  class space    used 4331K, committed 4800K, reserved 1048576K
}
Event: 356.425 GC heap before
{Heap before GC invocations=31 (full 2):
 PSYoungGen      total 22016K, used 21984K [0x00000000d5580000, 0x00000000d6c80000, 0x0000000100000000)
  eden space 20992K, 100% used [0x00000000d5580000,0x00000000d6a00000,0x00000000d6a00000)
  from space 1024K, 96% used [0x00000000d6b80000,0x00000000d6c78020,0x00000000d6c80000)
  to   space 1024K, 0% used [0x00000000d6a80000,0x00000000d6a80000,0x00000000d6b80000)
 ParOldGen       total 68608K, used 34569K [0x0000000080000000, 0x0000000084300000, 0x00000000d5580000)
  object space 68608K, 50% used [0x0000000080000000,0x00000000821c2790,0x0000000084300000)
 Metaspace       used 46524K, committed 47680K, reserved 1114112K
  class space    used 4399K, committed 4928K, reserved 1048576K
}
Event: 356.435 GC heap after
{Heap after GC invocations=31 (full 2):
 PSYoungGen      total 22016K, used 1016K [0x00000000d5580000, 0x00000000d7200000, 0x0000000100000000)
  eden space 20992K, 0% used [0x00000000d5580000,0x00000000d5580000,0x00000000d6a00000)
  from space 1024K, 99% used [0x00000000d6a80000,0x00000000d6b7e270,0x00000000d6b80000)
  to   space 4096K, 0% used [0x00000000d6e00000,0x00000000d6e00000,0x00000000d7200000)
 ParOldGen       total 68608K, used 36921K [0x0000000080000000, 0x0000000084300000, 0x00000000d5580000)
  object space 68608K, 53% used [0x0000000080000000,0x000000008240e5f0,0x0000000084300000)
 Metaspace       used 46524K, committed 47680K, reserved 1114112K
  class space    used 4399K, committed 4928K, reserved 1048576K
}

Dll operation events (10 events):
Event: 0.059 Loaded shared library c:\Users\Administrator\.vscode\extensions\redhat.java-1.43.1-win32-x64\jre\21.0.7-win32-x86_64\bin\java.dll
Event: 0.163 Loaded shared library c:\Users\Administrator\.vscode\extensions\redhat.java-1.43.1-win32-x64\jre\21.0.7-win32-x86_64\bin\zip.dll
Event: 0.295 Loaded shared library C:\Users\Administrator\.vscode\extensions\redhat.java-1.43.1-win32-x64\jre\21.0.7-win32-x86_64\bin\instrument.dll
Event: 0.301 Loaded shared library C:\Users\Administrator\.vscode\extensions\redhat.java-1.43.1-win32-x64\jre\21.0.7-win32-x86_64\bin\net.dll
Event: 0.304 Loaded shared library C:\Users\Administrator\.vscode\extensions\redhat.java-1.43.1-win32-x64\jre\21.0.7-win32-x86_64\bin\nio.dll
Event: 0.308 Loaded shared library C:\Users\Administrator\.vscode\extensions\redhat.java-1.43.1-win32-x64\jre\21.0.7-win32-x86_64\bin\zip.dll
Event: 0.333 Loaded shared library C:\Users\Administrator\.vscode\extensions\redhat.java-1.43.1-win32-x64\jre\21.0.7-win32-x86_64\bin\jimage.dll
Event: 0.421 Loaded shared library c:\Users\Administrator\.vscode\extensions\redhat.java-1.43.1-win32-x64\jre\21.0.7-win32-x86_64\bin\verify.dll
Event: 2.236 Loaded shared library C:\Users\Administrator\AppData\Roaming\Code\User\globalStorage\redhat.java\1.43.1\config_ss_win\org.eclipse.equinox.launcher\org.eclipse.equinox.launcher.win32.win32.x86_64_1.2.1300.v20250331-1702\eclipse_11911.dll
Event: 3.443 Loaded shared library C:\Users\Administrator\AppData\Local\Temp\2\jna-146731693\jna1596158727199352446.dll

Deoptimization events (20 events):
Event: 360.877 Thread 0x000001c00dd5c110 DEOPT PACKING pc=0x000001bfba4df4e8 sp=0x00000007e1dfe260
Event: 360.877 Thread 0x000001c00dd5c110 DEOPT UNPACKING pc=0x000001bfb9a33aa2 sp=0x00000007e1dfe1d0 mode 2
Event: 361.673 Thread 0x000001c00c91f680 DEOPT PACKING pc=0x000001bfb3635ff3 sp=0x00000007e3efe870
Event: 361.673 Thread 0x000001c00c91f680 DEOPT UNPACKING pc=0x000001bfb9a34242 sp=0x00000007e3efdda8 mode 0
Event: 362.237 Thread 0x000001c00dd5c110 Uncommon trap: trap_request=0xffffffe4 fr.pc=0x000001bfba618bf0 relative=0x0000000000000310
Event: 362.237 Thread 0x000001c00dd5c110 Uncommon trap: reason=range_check action=make_not_entrant pc=0x000001bfba618bf0 method=org.eclipse.jdt.internal.compiler.parser.Scanner.pushLineSeparator()V @ 104 c2
Event: 362.237 Thread 0x000001c00dd5c110 DEOPT PACKING pc=0x000001bfba618bf0 sp=0x00000007e1dfecf0
Event: 362.237 Thread 0x000001c00dd5c110 DEOPT UNPACKING pc=0x000001bfb9a33aa2 sp=0x00000007e1dfec90 mode 2
Event: 362.285 Thread 0x000001c00dd5c110 DEOPT PACKING pc=0x000001bfb3667e4a sp=0x00000007e1dfe190
Event: 362.285 Thread 0x000001c00dd5c110 DEOPT UNPACKING pc=0x000001bfb9a34242 sp=0x00000007e1dfd6a8 mode 0
Event: 362.286 Thread 0x000001c00dd5c110 Uncommon trap: trap_request=0xffffffde fr.pc=0x000001bfba634c8c relative=0x000000000000042c
Event: 362.286 Thread 0x000001c00dd5c110 Uncommon trap: reason=class_check action=maybe_recompile pc=0x000001bfba634c8c method=org.eclipse.jdt.internal.compiler.parser.Parser.recoveryTokenCheck()V @ 273 c2
Event: 362.286 Thread 0x000001c00dd5c110 DEOPT PACKING pc=0x000001bfba634c8c sp=0x00000007e1dfe3b0
Event: 362.286 Thread 0x000001c00dd5c110 DEOPT UNPACKING pc=0x000001bfb9a33aa2 sp=0x00000007e1dfe338 mode 2
Event: 362.372 Thread 0x000001c00dd5c110 DEOPT PACKING pc=0x000001bfb3887377 sp=0x00000007e1dfe1f0
Event: 362.372 Thread 0x000001c00dd5c110 DEOPT UNPACKING pc=0x000001bfb9a34242 sp=0x00000007e1dfd6c0 mode 0
Event: 362.385 Thread 0x000001c00dd5c110 Uncommon trap: trap_request=0xffffffc6 fr.pc=0x000001bfba4df4e8 relative=0x0000000000000c68
Event: 362.385 Thread 0x000001c00dd5c110 Uncommon trap: reason=bimorphic_or_optimized_type_check action=maybe_recompile pc=0x000001bfba4df4e8 method=java.util.concurrent.ConcurrentHashMap.putVal(Ljava/lang/Object;Ljava/lang/Object;Z)Ljava/lang/Object; @ 242 c2
Event: 362.385 Thread 0x000001c00dd5c110 DEOPT PACKING pc=0x000001bfba4df4e8 sp=0x00000007e1dfe580
Event: 362.385 Thread 0x000001c00dd5c110 DEOPT UNPACKING pc=0x000001bfb9a33aa2 sp=0x00000007e1dfe4f0 mode 2

Classes loaded (20 events):
Event: 327.959 Loading class java/time/ZonedDateTime$1
Event: 327.959 Loading class java/time/ZonedDateTime$1 done
Event: 328.178 Loading class java/util/concurrent/CompletionException
Event: 328.178 Loading class java/util/concurrent/CompletionException done
Event: 330.267 Loading class java/util/stream/DistinctOps
Event: 330.267 Loading class java/util/stream/DistinctOps done
Event: 330.267 Loading class java/util/stream/DistinctOps$1
Event: 330.268 Loading class java/util/stream/DistinctOps$1 done
Event: 330.274 Loading class java/util/stream/DistinctOps$1$2
Event: 330.274 Loading class java/util/stream/DistinctOps$1$2 done
Event: 330.873 Loading class java/util/zip/CheckedInputStream
Event: 330.885 Loading class java/util/zip/CheckedInputStream done
Event: 331.386 Loading class java/nio/file/Files$2
Event: 331.386 Loading class java/nio/file/Files$2 done
Event: 331.403 Loading class java/util/concurrent/ArrayBlockingQueue
Event: 331.404 Loading class java/util/concurrent/ArrayBlockingQueue done
Event: 355.460 Loading class java/util/concurrent/ForkJoinTask$AdaptedCallable
Event: 355.461 Loading class java/util/concurrent/ForkJoinTask$AdaptedCallable done
Event: 355.797 Loading class java/util/concurrent/ConcurrentHashMap$KeySpliterator
Event: 355.798 Loading class java/util/concurrent/ConcurrentHashMap$KeySpliterator done

Classes unloaded (7 events):
Event: 4.336 Thread 0x000001bfaf176c70 Unloading class 0x000001bfc7184c00 'java/lang/invoke/LambdaForm$MH+0x000001bfc7184c00'
Event: 4.336 Thread 0x000001bfaf176c70 Unloading class 0x000001bfc7184800 'java/lang/invoke/LambdaForm$MH+0x000001bfc7184800'
Event: 4.336 Thread 0x000001bfaf176c70 Unloading class 0x000001bfc7184400 'java/lang/invoke/LambdaForm$MH+0x000001bfc7184400'
Event: 4.336 Thread 0x000001bfaf176c70 Unloading class 0x000001bfc7184000 'java/lang/invoke/LambdaForm$MH+0x000001bfc7184000'
Event: 4.336 Thread 0x000001bfaf176c70 Unloading class 0x000001bfc7183c00 'java/lang/invoke/LambdaForm$BMH+0x000001bfc7183c00'
Event: 4.336 Thread 0x000001bfaf176c70 Unloading class 0x000001bfc7183800 'java/lang/invoke/LambdaForm$DMH+0x000001bfc7183800'
Event: 4.336 Thread 0x000001bfaf176c70 Unloading class 0x000001bfc7182800 'java/lang/invoke/LambdaForm$DMH+0x000001bfc7182800'

Classes redefined (0 events):
No events

Internal exceptions (20 events):
Event: 357.472 Thread 0x000001c00dd5e1e0 Exception <a 'java/lang/ArrayIndexOutOfBoundsException'{0x00000000d574e588}> (0x00000000d574e588) 
thrown [s\src\hotspot\share\runtime\sharedRuntime.cpp, line 625]
Event: 358.362 Thread 0x000001c00dd5e1e0 Exception <a 'java/lang/ArrayIndexOutOfBoundsException'{0x00000000d5ac9f40}> (0x00000000d5ac9f40) 
thrown [s\src\hotspot\share\runtime\sharedRuntime.cpp, line 625]
Event: 358.611 Thread 0x000001c00c1d70c0 Exception <a 'java/lang/ArrayIndexOutOfBoundsException'{0x00000000d5bb82c0}> (0x00000000d5bb82c0) 
thrown [s\src\hotspot\share\runtime\sharedRuntime.cpp, line 625]
Event: 358.887 Thread 0x000001c00c1d70c0 Exception <a 'java/lang/ArrayIndexOutOfBoundsException'{0x00000000d5c15ab0}> (0x00000000d5c15ab0) 
thrown [s\src\hotspot\share\runtime\sharedRuntime.cpp, line 625]
Event: 358.958 Thread 0x000001c00c91f680 Exception <a 'java/lang/ArrayIndexOutOfBoundsException'{0x00000000d5b1eec8}> (0x00000000d5b1eec8) 
thrown [s\src\hotspot\share\runtime\sharedRuntime.cpp, line 625]
Event: 359.059 Thread 0x000001c00c1d70c0 Exception <a 'java/lang/ArrayIndexOutOfBoundsException'{0x00000000d5c99500}> (0x00000000d5c99500) 
thrown [s\src\hotspot\share\runtime\sharedRuntime.cpp, line 625]
Event: 359.367 Thread 0x000001c00c92be90 Exception <a 'java/lang/ArrayIndexOutOfBoundsException'{0x00000000d5d507e8}> (0x00000000d5d507e8) 
thrown [s\src\hotspot\share\runtime\sharedRuntime.cpp, line 625]
Event: 359.579 Thread 0x000001c00c1d70c0 Exception <a 'java/lang/ArrayIndexOutOfBoundsException'{0x00000000d5da0e80}> (0x00000000d5da0e80) 
thrown [s\src\hotspot\share\runtime\sharedRuntime.cpp, line 625]
Event: 359.890 Thread 0x000001c00c91f680 Exception <a 'java/lang/ArrayIndexOutOfBoundsException'{0x00000000d5e41300}> (0x00000000d5e41300) 
thrown [s\src\hotspot\share\runtime\sharedRuntime.cpp, line 625]
Event: 360.241 Thread 0x000001c00c92be90 Exception <a 'java/lang/ArrayIndexOutOfBoundsException'{0x00000000d5f1c5a0}> (0x00000000d5f1c5a0) 
thrown [s\src\hotspot\share\runtime\sharedRuntime.cpp, line 625]
Event: 360.434 Thread 0x000001c00c91f680 Exception <a 'java/lang/ArrayIndexOutOfBoundsException'{0x00000000d5f84408}> (0x00000000d5f84408) 
thrown [s\src\hotspot\share\runtime\sharedRuntime.cpp, line 625]
Event: 360.682 Thread 0x000001c00c1d70c0 Exception <a 'java/lang/ArrayIndexOutOfBoundsException'{0x00000000d5ffabb8}> (0x00000000d5ffabb8) 
thrown [s\src\hotspot\share\runtime\sharedRuntime.cpp, line 625]
Event: 360.789 Thread 0x000001c00c92be90 Exception <a 'java/lang/ArrayIndexOutOfBoundsException'{0x00000000d606bd10}> (0x00000000d606bd10) 
thrown [s\src\hotspot\share\runtime\sharedRuntime.cpp, line 625]
Event: 360.804 Thread 0x000001c00dd5c110 Exception <a 'java/lang/ArrayIndexOutOfBoundsException'{0x00000000d614d5f8}> (0x00000000d614d5f8) 
thrown [s\src\hotspot\share\runtime\sharedRuntime.cpp, line 625]
Event: 360.951 Thread 0x000001c00c92be90 Exception <a 'java/lang/ArrayIndexOutOfBoundsException'{0x00000000d6331d48}> (0x00000000d6331d48) 
thrown [s\src\hotspot\share\runtime\sharedRuntime.cpp, line 625]
Event: 361.563 Thread 0x000001c00c1d70c0 Exception <a 'java/lang/ArrayIndexOutOfBoundsException'{0x00000000d63b15b0}> (0x00000000d63b15b0) 
thrown [s\src\hotspot\share\runtime\sharedRuntime.cpp, line 625]
Event: 361.667 Thread 0x000001c00c91f680 Exception <a 'java/lang/ArrayIndexOutOfBoundsException'{0x00000000d64512f8}> (0x00000000d64512f8) 
thrown [s\src\hotspot\share\runtime\sharedRuntime.cpp, line 625]
Event: 362.129 Thread 0x000001c00c92be90 Exception <a 'java/lang/ArrayIndexOutOfBoundsException'{0x00000000d64da160}> (0x00000000d64da160) 
thrown [s\src\hotspot\share\runtime\sharedRuntime.cpp, line 625]
Event: 362.237 Thread 0x000001c00dd5c110 Exception <a 'java/lang/ArrayIndexOutOfBoundsException'{0x00000000d6516208}: Index 1525 out of bounds for length 1524> (0x00000000d6516208) 
thrown [s\src\hotspot\share\interpreter\interpreterRuntime.cpp, line 439]
Event: 362.285 Thread 0x000001c00dd5c110 Exception <a 'java/lang/ArrayIndexOutOfBoundsException'{0x00000000d661a0d0}: Index 1524 out of bounds for length 1524> (0x00000000d661a0d0) 
thrown [s\src\hotspot\share\interpreter\interpreterRuntime.cpp, line 439]

ZGC Phase Switch (0 events):
No events

VM Operations (20 events):
Event: 355.987 Executing VM operation: HandshakeAllThreads (Deoptimize)
Event: 355.987 Executing VM operation: HandshakeAllThreads (Deoptimize) done
Event: 356.005 Executing VM operation: HandshakeAllThreads (Deoptimize)
Event: 356.125 Executing VM operation: HandshakeAllThreads (Deoptimize) done
Event: 356.248 Executing VM operation: ICBufferFull
Event: 356.248 Executing VM operation: ICBufferFull done
Event: 356.425 Executing VM operation: ParallelGCFailedAllocation (Allocation Failure)
Event: 356.435 Executing VM operation: ParallelGCFailedAllocation (Allocation Failure) done
Event: 357.729 Executing VM operation: ICBufferFull
Event: 357.730 Executing VM operation: ICBufferFull done
Event: 359.724 Executing VM operation: Cleanup
Event: 359.724 Executing VM operation: Cleanup done
Event: 360.724 Executing VM operation: Cleanup
Event: 360.725 Executing VM operation: Cleanup done
Event: 360.734 Executing VM operation: HandshakeAllThreads (HandshakeForDeflation)
Event: 360.734 Executing VM operation: HandshakeAllThreads (HandshakeForDeflation) done
Event: 360.734 Executing VM operation: RendezvousGCThreads
Event: 360.734 Executing VM operation: RendezvousGCThreads done
Event: 361.735 Executing VM operation: Cleanup
Event: 361.736 Executing VM operation: Cleanup done

Memory protections (0 events):
No events

Nmethod flushes (20 events):
Event: 62.095 Thread 0x000001bfaf176c70 flushing  nmethod 0x000001bfb2845a10
Event: 62.095 Thread 0x000001bfaf176c70 flushing  nmethod 0x000001bfb28cb810
Event: 62.095 Thread 0x000001bfaf176c70 flushing  nmethod 0x000001bfb28cc090
Event: 62.095 Thread 0x000001bfaf176c70 flushing  nmethod 0x000001bfb28f8910
Event: 62.095 Thread 0x000001bfaf176c70 flushing  nmethod 0x000001bfb28f9310
Event: 62.095 Thread 0x000001bfaf176c70 flushing  nmethod 0x000001bfb28fec10
Event: 62.095 Thread 0x000001bfaf176c70 flushing  nmethod 0x000001bfb2914490
Event: 62.095 Thread 0x000001bfaf176c70 flushing  nmethod 0x000001bfb291cd10
Event: 62.095 Thread 0x000001bfaf176c70 flushing  nmethod 0x000001bfb291db10
Event: 62.095 Thread 0x000001bfaf176c70 flushing  nmethod 0x000001bfb293bb10
Event: 62.095 Thread 0x000001bfaf176c70 flushing  nmethod 0x000001bfb294f690
Event: 62.095 Thread 0x000001bfaf176c70 flushing  nmethod 0x000001bfb297be90
Event: 62.095 Thread 0x000001bfaf176c70 flushing  nmethod 0x000001bfb297c710
Event: 62.095 Thread 0x000001bfaf176c70 flushing  nmethod 0x000001bfb297cb10
Event: 62.095 Thread 0x000001bfaf176c70 flushing  nmethod 0x000001bfb297d010
Event: 62.095 Thread 0x000001bfaf176c70 flushing  nmethod 0x000001bfb2985090
Event: 62.095 Thread 0x000001bfaf176c70 flushing  nmethod 0x000001bfb2986390
Event: 62.095 Thread 0x000001bfaf176c70 flushing  nmethod 0x000001bfb2986910
Event: 62.095 Thread 0x000001bfaf176c70 flushing  nmethod 0x000001bfb2987390
Event: 62.095 Thread 0x000001bfaf176c70 flushing  nmethod 0x000001bfb2995a90

Events (20 events):
Event: 330.963 Thread 0x000001c00c91f680 Thread added: 0x000001c00dd5c7a0
Event: 331.405 Thread 0x000001c00c91f680 Thread added: 0x000001c00dd5ef00
Event: 337.100 Thread 0x000001c00e330090 Thread exited: 0x000001c00e330090
Event: 355.370 Thread 0x000001c00c91f680 Thread added: 0x000001c00dd5ba80
Event: 355.434 Thread 0x000001bfaf211560 Thread added: 0x000001c00e330090
Event: 355.461 Thread 0x000001c00c91f680 Thread added: 0x000001c00dd5ce30
Event: 355.595 Thread 0x000001c00e330090 Thread exited: 0x000001c00e330090
Event: 355.600 Thread 0x000001c00dd5ce30 Thread added: 0x000001c00c91d5b0
Event: 355.608 Thread 0x000001c00c92be90 Thread added: 0x000001c00c1d70c0
Event: 355.647 Thread 0x000001bfaf19f710 Thread added: 0x000001c00e330090
Event: 355.804 Thread 0x000001c00c91f680 Thread added: 0x000001c00c1d8470
Event: 356.004 Thread 0x000001c00c91f680 Thread added: 0x000001c00c1d4ff0
Event: 356.127 Thread 0x000001c00e330090 Thread exited: 0x000001c00e330090
Event: 356.181 Thread 0x000001bfaf211560 Thread added: 0x000001c00e330090
Event: 357.025 Thread 0x000001c00e330090 Thread exited: 0x000001c00e330090
Event: 357.523 Thread 0x000001bfaf211560 Thread added: 0x000001c00e330090
Event: 357.716 Thread 0x000001c00e330090 Thread exited: 0x000001c00e330090
Event: 360.841 Thread 0x000001bfaf211560 Thread added: 0x000001c00c1a78c0
Event: 361.384 Thread 0x000001c00c1a78c0 Thread exited: 0x000001c00c1a78c0
Event: 362.292 Thread 0x000001bfaf211560 Thread added: 0x000001c00c1a78c0


Dynamic libraries:
0x00007ff74ac20000 - 0x00007ff74ac2e000 	c:\Users\Administrator\.vscode\extensions\redhat.java-1.43.1-win32-x64\jre\21.0.7-win32-x86_64\bin\java.exe
0x00007fff35270000 - 0x00007fff35470000 	C:\Windows\SYSTEM32\ntdll.dll
0x00007fff34e10000 - 0x00007fff34ecc000 	C:\Windows\System32\KERNEL32.DLL
0x00007fff32b10000 - 0x00007fff32e6f000 	C:\Windows\System32\KERNELBASE.dll
0x00007fff330b0000 - 0x00007fff331c0000 	C:\Windows\System32\ucrtbase.dll
0x00007fff28480000 - 0x00007fff28498000 	c:\Users\Administrator\.vscode\extensions\redhat.java-1.43.1-win32-x64\jre\21.0.7-win32-x86_64\bin\jli.dll
0x00007fff35050000 - 0x00007fff351f5000 	C:\Windows\System32\USER32.dll
0x00007fff33010000 - 0x00007fff33036000 	C:\Windows\System32\win32u.dll
0x00007fff35200000 - 0x00007fff3522b000 	C:\Windows\System32\GDI32.dll
0x00007fff32ef0000 - 0x00007fff33001000 	C:\Windows\System32\gdi32full.dll
0x00007fff32850000 - 0x00007fff328f0000 	C:\Windows\System32\msvcp_win.dll
0x00007fff21ef0000 - 0x00007fff21f0e000 	c:\Users\Administrator\.vscode\extensions\redhat.java-1.43.1-win32-x64\jre\21.0.7-win32-x86_64\bin\VCRUNTIME140.dll
0x00007fff1cef0000 - 0x00007fff1d195000 	C:\Windows\WinSxS\amd64_microsoft.windows.common-controls_6595b64144ccf1df_6.0.20348.1_none_88d3d41d702dedea\COMCTL32.dll
0x00007fff33860000 - 0x00007fff33903000 	C:\Windows\System32\msvcrt.dll
0x00007fff34900000 - 0x00007fff34931000 	C:\Windows\System32\IMM32.DLL
0x00007fff28470000 - 0x00007fff2847c000 	c:\Users\Administrator\.vscode\extensions\redhat.java-1.43.1-win32-x64\jre\21.0.7-win32-x86_64\bin\vcruntime140_1.dll
0x00007fff1e910000 - 0x00007fff1e99d000 	c:\Users\Administrator\.vscode\extensions\redhat.java-1.43.1-win32-x64\jre\21.0.7-win32-x86_64\bin\msvcp140.dll
0x00007fff0fb60000 - 0x00007fff108f0000 	c:\Users\Administrator\.vscode\extensions\redhat.java-1.43.1-win32-x64\jre\21.0.7-win32-x86_64\bin\server\jvm.dll
0x00007fff33920000 - 0x00007fff339cc000 	C:\Windows\System32\ADVAPI32.dll
0x00007fff34d00000 - 0x00007fff34d9e000 	C:\Windows\System32\sechost.dll
0x00007fff34be0000 - 0x00007fff34cff000 	C:\Windows\System32\RPCRT4.dll
0x00007fff33fd0000 - 0x00007fff34041000 	C:\Windows\System32\WS2_32.dll
0x00007fff32720000 - 0x00007fff3276d000 	C:\Windows\SYSTEM32\POWRPROF.dll
0x00007fff11a20000 - 0x00007fff11a47000 	C:\Windows\SYSTEM32\WINMM.dll
0x00007fff29cb0000 - 0x00007fff29cba000 	C:\Windows\SYSTEM32\VERSION.dll
0x00007fff32700000 - 0x00007fff32713000 	C:\Windows\SYSTEM32\UMPDC.dll
0x00007fff31240000 - 0x00007fff31257000 	C:\Windows\SYSTEM32\kernel.appcore.dll
0x00007fff22e50000 - 0x00007fff22e5a000 	c:\Users\Administrator\.vscode\extensions\redhat.java-1.43.1-win32-x64\jre\21.0.7-win32-x86_64\bin\jimage.dll
0x00007fff23ae0000 - 0x00007fff23cf2000 	C:\Windows\SYSTEM32\DBGHELP.DLL
0x00007fff23a10000 - 0x00007fff23a40000 	C:\Windows\SYSTEM32\dbgcore.DLL
0x00007fff32e70000 - 0x00007fff32eee000 	C:\Windows\System32\bcryptPrimitives.dll
0x00007fff22d90000 - 0x00007fff22d9f000 	c:\Users\Administrator\.vscode\extensions\redhat.java-1.43.1-win32-x64\jre\21.0.7-win32-x86_64\bin\instrument.dll
0x00007fff21ed0000 - 0x00007fff21eef000 	c:\Users\Administrator\.vscode\extensions\redhat.java-1.43.1-win32-x64\jre\21.0.7-win32-x86_64\bin\java.dll
0x00007fff341a0000 - 0x00007fff348fa000 	C:\Windows\System32\SHELL32.dll
0x00007fff257f0000 - 0x00007fff26035000 	C:\Windows\SYSTEM32\windows.storage.dll
0x00007fff33270000 - 0x00007fff335e1000 	C:\Windows\System32\combase.dll
0x00007fff33ee0000 - 0x00007fff33fcb000 	C:\Windows\System32\SHCORE.dll
0x00007fff34db0000 - 0x00007fff34e0f000 	C:\Windows\System32\shlwapi.dll
0x00007fff32780000 - 0x00007fff327a1000 	C:\Windows\SYSTEM32\profapi.dll
0x00007fff21eb0000 - 0x00007fff21ec8000 	c:\Users\Administrator\.vscode\extensions\redhat.java-1.43.1-win32-x64\jre\21.0.7-win32-x86_64\bin\zip.dll
0x00007fff22dc0000 - 0x00007fff22dd0000 	C:\Users\Administrator\.vscode\extensions\redhat.java-1.43.1-win32-x64\jre\21.0.7-win32-x86_64\bin\net.dll
0x00007fff2a9b0000 - 0x00007fff2aab2000 	C:\Windows\SYSTEM32\WINHTTP.dll
0x00007fff31d70000 - 0x00007fff31dd8000 	C:\Windows\system32\mswsock.dll
0x00007fff21e30000 - 0x00007fff21e46000 	C:\Users\Administrator\.vscode\extensions\redhat.java-1.43.1-win32-x64\jre\21.0.7-win32-x86_64\bin\nio.dll
0x00007fff221b0000 - 0x00007fff221c0000 	c:\Users\Administrator\.vscode\extensions\redhat.java-1.43.1-win32-x64\jre\21.0.7-win32-x86_64\bin\verify.dll
0x00007fff118b0000 - 0x00007fff118f5000 	C:\Users\Administrator\AppData\Roaming\Code\User\globalStorage\redhat.java\1.43.1\config_ss_win\org.eclipse.equinox.launcher\org.eclipse.equinox.launcher.win32.win32.x86_64_1.2.1300.v20250331-1702\eclipse_11911.dll
0x00007fff33700000 - 0x00007fff33835000 	C:\Windows\System32\ole32.dll
0x00007fff31fc0000 - 0x00007fff31fd8000 	C:\Windows\SYSTEM32\CRYPTSP.dll
0x00007fff31900000 - 0x00007fff31935000 	C:\Windows\system32\rsaenh.dll
0x00007fff31e60000 - 0x00007fff31e8e000 	C:\Windows\SYSTEM32\USERENV.dll
0x00007fff32100000 - 0x00007fff32127000 	C:\Windows\SYSTEM32\bcrypt.dll
0x00007fff31fb0000 - 0x00007fff31fbc000 	C:\Windows\SYSTEM32\CRYPTBASE.dll
0x00007fff31ad0000 - 0x00007fff31afd000 	C:\Windows\SYSTEM32\IPHLPAPI.DLL
0x00007fff34da0000 - 0x00007fff34da9000 	C:\Windows\System32\NSI.dll
0x00007fff12290000 - 0x00007fff122d9000 	C:\Users\Administrator\AppData\Local\Temp\2\jna-146731693\jna1596158727199352446.dll
0x00007fff33910000 - 0x00007fff33918000 	C:\Windows\System32\PSAPI.DLL
0x00007fff2c3e0000 - 0x00007fff2c3f9000 	C:\Windows\SYSTEM32\dhcpcsvc6.DLL
0x00007fff2c3c0000 - 0x00007fff2c3dd000 	C:\Windows\SYSTEM32\dhcpcsvc.DLL

dbghelp: loaded successfully - version: 4.0.5 - missing functions: none
symbol engine: initialized successfully - sym options: 0x614 - pdb path: .;c:\Users\Administrator\.vscode\extensions\redhat.java-1.43.1-win32-x64\jre\21.0.7-win32-x86_64\bin;C:\Windows\SYSTEM32;C:\Windows\WinSxS\amd64_microsoft.windows.common-controls_6595b64144ccf1df_6.0.20348.1_none_88d3d41d702dedea;c:\Users\Administrator\.vscode\extensions\redhat.java-1.43.1-win32-x64\jre\21.0.7-win32-x86_64\bin\server;C:\Users\Administrator\AppData\Roaming\Code\User\globalStorage\redhat.java\1.43.1\config_ss_win\org.eclipse.equinox.launcher\org.eclipse.equinox.launcher.win32.win32.x86_64_1.2.1300.v20250331-1702;C:\Users\Administrator\AppData\Local\Temp\2\jna-146731693

VM Arguments:
jvm_args: --add-modules=ALL-SYSTEM --add-opens=java.base/java.util=ALL-UNNAMED --add-opens=java.base/java.lang=ALL-UNNAMED --add-opens=java.base/sun.nio.fs=ALL-UNNAMED -Declipse.application=org.eclipse.jdt.ls.core.id1 -Dosgi.bundles.defaultStartLevel=4 -Declipse.product=org.eclipse.jdt.ls.core.product -Djava.import.generatesMetadataFilesAtProjectRoot=false -DDetectVMInstallationsJob.disabled=true -Dfile.encoding=utf8 -XX:+UseParallelGC -XX:GCTimeRatio=4 -XX:AdaptiveSizePolicyWeight=90 -Dsun.zip.disableMemoryMapping=true -Xmx2G -Xms100m -Xlog:disable -javaagent:c:\Users\Administrator\.vscode\extensions\redhat.java-1.43.1-win32-x64\lombok\lombok-1.18.39-4050.jar 
java_command: c:\Users\Administrator\.vscode\extensions\redhat.java-1.43.1-win32-x64\server\plugins\org.eclipse.equinox.launcher_1.7.0.v20250519-0528.jar -configuration c:\Users\Administrator\AppData\Roaming\Code\User\globalStorage\redhat.java\1.43.1\config_ss_win -data c:\Users\Administrator\AppData\Roaming\Code\User\workspaceStorage\34ce6cadecba1fb2d5a0478fb1fb3966\redhat.java\ss_ws --pipe=\\.\pipe\lsp-b15ccd1dea402eb4b625db95fea04fae-sock
java_class_path (initial): c:\Users\Administrator\.vscode\extensions\redhat.java-1.43.1-win32-x64\server\plugins\org.eclipse.equinox.launcher_1.7.0.v20250519-0528.jar
Launcher Type: SUN_STANDARD

[Global flags]
    uintx AdaptiveSizePolicyWeight                 = 90                                        {product} {command line}
     intx CICompilerCount                          = 3                                         {product} {ergonomic}
    uintx GCTimeRatio                              = 4                                         {product} {command line}
   size_t InitialHeapSize                          = 104857600                                 {product} {command line}
   size_t MaxHeapSize                              = 2147483648                                {product} {command line}
   size_t MaxNewSize                               = 715653120                                 {product} {ergonomic}
   size_t MinHeapDeltaBytes                        = 524288                                    {product} {ergonomic}
   size_t MinHeapSize                              = 104857600                                 {product} {command line}
   size_t NewSize                                  = 34603008                                  {product} {ergonomic}
    uintx NonNMethodCodeHeapSize                   = 5832780                                {pd product} {ergonomic}
    uintx NonProfiledCodeHeapSize                  = 122912730                              {pd product} {ergonomic}
   size_t OldSize                                  = 70254592                                  {product} {ergonomic}
    uintx ProfiledCodeHeapSize                     = 122912730                              {pd product} {ergonomic}
    uintx ReservedCodeCacheSize                    = 251658240                              {pd product} {ergonomic}
     bool SegmentedCodeCache                       = true                                      {product} {ergonomic}
   size_t SoftMaxHeapSize                          = 2147483648                             {manageable} {ergonomic}
     bool UseCompressedOops                        = true                           {product lp64_product} {ergonomic}
     bool UseLargePagesIndividualAllocation        = false                                  {pd product} {ergonomic}
     bool UseParallelGC                            = true                                      {product} {command line}

Logging:
Log output configuration:
 #0: stdout all=off uptime,level,tags foldmultilines=false
 #1: stderr all=off uptime,level,tags foldmultilines=false

Environment Variables:
JAVA_HOME=C:\Program Files\Zulu\zulu-21
PATH=C:\Windows\system32;C:\Windows;C:\Windows\System32\Wbem;C:\Windows\System32\WindowsPowerShell\v1.0\;C:\Windows\System32\OpenSSH\;C:\Program Files\Git\cmd;C:\Program Files\nodejs\;C:\Program Files\Bandizip\;C:\Users\Administrator\Downloads\gradle-9.0.0-rc-3-all\gradle-9.0.0-rc-3\bin;C:\Program Files\Zulu\zulu-21\bin;C:\Users\Administrator\AppData\Local\Microsoft\WindowsApps;C:\Users\Administrator\AppData\Local\Programs\Microsoft VS Code\bin;C:\Users\Administrator\AppData\Roaming\npm;C:\Program Files\Zulu\zulu-21\bin;
USERNAME=Administrator
OS=Windows_NT
PROCESSOR_IDENTIFIER=Intel64 Family 6 Model 62 Stepping 4, GenuineIntel
TMP=C:\Users\ADMINI~1\AppData\Local\Temp\2
TEMP=C:\Users\ADMINI~1\AppData\Local\Temp\2




Periodic native trim disabled

---------------  S Y S T E M  ---------------

OS:
 Windows Server 2022 , 64 bit Build 20348 (10.0.20348.143)
OS uptime: 0 days 2:02 hours
KVM virtualization detected

CPU: total 4 (initial active 4) (4 cores per cpu, 1 threads per core) family 6 model 62 stepping 4 microcode 0x42e, cx8, cmov, fxsr, mmx, sse, sse2, sse3, ssse3, sse4.1, sse4.2, popcnt, tsc, avx, aes, erms, clmul, vzeroupper, clflush, hv, rdtscp, f16c
Processor Information for the first 4 processors :
  Max Mhz: 3300, Current Mhz: 3300, Mhz Limit: 3300

Memory: 4k page, system-wide physical 4095M (1483M free)
TotalPageFile size 7935M (AvailPageFile size 6M)
current process WorkingSet (physical memory assigned to process): 182M, peak: 227M
current process commit charge ("private bytes"): 340M, peak: 350M

vm_info: OpenJDK 64-Bit Server VM (21.0.7+6-LTS) for windows-amd64 JRE (21.0.7+6-LTS), built on 2025-04-15T00:00:00Z by "admin" with MS VC++ 17.7 (VS2022)

END.
