#
# There is insufficient memory for the Java Runtime Environment to continue.
# Native memory allocation (malloc) failed to allocate 84672 bytes. Error detail: Chunk::new
# Possible reasons:
#   The system is out of physical RAM or swap space
#   This process is running with CompressedOops enabled, and the Java Heap may be blocking the growth of the native heap
# Possible solutions:
#   Reduce memory load on the system
#   Increase physical memory or swap space
#   Check if swap backing store is full
#   Decrease Java heap size (-Xmx/-Xms)
#   Decrease number of Java threads
#   Decrease Java thread stack sizes (-Xss)
#   Set larger code cache with -XX:ReservedCodeCacheSize=
#   JVM is running with Unscaled Compressed Oops mode in which the Java heap is
#     placed in the first 4GB address space. The Java Heap base address is the
#     maximum limit for the native heap growth. Please use -XX:HeapBaseMinAddress
#     to set the Java Heap base and to place the Java Heap above 4GB virtual address.
# This output file may be truncated or incomplete.
#
#  Out of Memory Error (arena.cpp:168), pid=2468, tid=10440
#
# JRE version: OpenJDK Runtime Environment Temurin-21.0.7+6 (21.0.7+6) (build 21.0.7+6-LTS)
# Java VM: OpenJDK 64-Bit Server VM Temurin-21.0.7+6 (21.0.7+6-LTS, mixed mode, sharing, tiered, compressed oops, compressed class ptrs, parallel gc, windows-amd64)
# Core dump will be written. Default location: c:\Users\Administrator\Desktop\repos\Virtual-Camera\hs_err_pid2468.mdmp
#

---------------  S U M M A R Y ------------

Command Line: --add-modules=ALL-SYSTEM --add-opens=java.base/java.util=ALL-UNNAMED --add-opens=java.base/java.lang=ALL-UNNAMED --add-opens=java.base/sun.nio.fs=ALL-UNNAMED -Declipse.application=org.eclipse.jdt.ls.core.id1 -Dosgi.bundles.defaultStartLevel=4 -Declipse.product=org.eclipse.jdt.ls.core.product -Djava.import.generatesMetadataFilesAtProjectRoot=false -DDetectVMInstallationsJob.disabled=true -Dfile.encoding=utf8 -XX:+UseParallelGC -XX:GCTimeRatio=4 -XX:AdaptiveSizePolicyWeight=90 -Dsun.zip.disableMemoryMapping=true -Xmx2G -Xms100m -Xlog:disable -javaagent:c:\Users\Administrator\.vscode\extensions\redhat.java-1.43.1-win32-x64\lombok\lombok-1.18.39-4050.jar c:\Users\Administrator\.vscode\extensions\redhat.java-1.43.1-win32-x64\server\plugins\org.eclipse.equinox.launcher_1.7.0.v20250519-0528.jar -configuration c:\Users\Administrator\AppData\Roaming\Code\User\globalStorage\redhat.java\1.43.1\config_ss_win -data c:\Users\Administrator\AppData\Roaming\Code\User\workspaceStorage\34ce6cadecba1fb2d5a0478fb1fb3966\redhat.java\ss_ws --pipe=\\.\pipe\lsp-a7952bdd6a089745c2503985c9901c5c-sock

Host: Intel(R) Xeon(R) CPU E5-2667 v2 @ 3.30GHz, 4 cores, 3G,  Windows Server 2022 , 64 bit Build 20348 (10.0.20348.143)
Time: Sun Jul 20 17:03:05 2025  Windows Server 2022 , 64 bit Build 20348 (10.0.20348.143) elapsed time: 4.132022 seconds (0d 0h 0m 4s)

---------------  T H R E A D  ---------------

Current thread (0x0000023ef5446a40):  JavaThread "C2 CompilerThread0" daemon [_thread_in_native, id=10440, stack(0x000000c624d00000,0x000000c624e00000) (1024K)]


Current CompileTask:
C2:4132 2538       4       org.lombokweb.asm.ClassReader::readUtf (44 bytes)

Stack: [0x000000c624d00000,0x000000c624e00000]
Native frames: (J=compiled Java code, j=interpreted, Vv=VM code, C=native code)
V  [jvm.dll+0x6ce119]
V  [jvm.dll+0x8a84a1]
V  [jvm.dll+0x8aa9ce]
V  [jvm.dll+0x8ab0b3]
V  [jvm.dll+0x27f8a6]
V  [jvm.dll+0xc507d]
V  [jvm.dll+0xc55b3]
V  [jvm.dll+0x3b692c]
V  [jvm.dll+0x1e0029]
V  [jvm.dll+0x247c42]
V  [jvm.dll+0x2470cf]
V  [jvm.dll+0x1c760e]
V  [jvm.dll+0x25695a]
V  [jvm.dll+0x254efa]
V  [jvm.dll+0x3f03f6]
V  [jvm.dll+0x851f6b]
V  [jvm.dll+0x6cc7dd]
C  [ucrtbase.dll+0x26b4c]
C  [KERNEL32.DLL+0x14ed0]
C  [ntdll.dll+0x7e20b]


---------------  P R O C E S S  ---------------

Threads class SMR info:
_java_thread_list=0x0000023ef6b53390, length=20, elements={
0x0000023edea58940, 0x0000023ef5432d00, 0x0000023ef5433a00, 0x0000023ef543da30,
0x0000023ef543e480, 0x0000023ef543f950, 0x0000023ef5441470, 0x0000023ef5446a40,
0x0000023ef54476b0, 0x0000023edeb20d10, 0x0000023ef626fb90, 0x0000023ef6a23020,
0x0000023efb0c2040, 0x0000023ef69d8b60, 0x0000023ef69d0c90, 0x0000023ef6bcc8a0,
0x0000023efb2851e0, 0x0000023ef6c91560, 0x0000023ef6b5d920, 0x0000023efb2dfb00
}

Java Threads: ( => current thread )
  0x0000023edea58940 JavaThread "main"                              [_thread_blocked, id=2944, stack(0x000000c624300000,0x000000c624400000) (1024K)]
  0x0000023ef5432d00 JavaThread "Reference Handler"          daemon [_thread_blocked, id=8672, stack(0x000000c624700000,0x000000c624800000) (1024K)]
  0x0000023ef5433a00 JavaThread "Finalizer"                  daemon [_thread_blocked, id=8740, stack(0x000000c624800000,0x000000c624900000) (1024K)]
  0x0000023ef543da30 JavaThread "Signal Dispatcher"          daemon [_thread_blocked, id=11172, stack(0x000000c624900000,0x000000c624a00000) (1024K)]
  0x0000023ef543e480 JavaThread "Attach Listener"            daemon [_thread_blocked, id=10544, stack(0x000000c624a00000,0x000000c624b00000) (1024K)]
  0x0000023ef543f950 JavaThread "Service Thread"             daemon [_thread_blocked, id=6728, stack(0x000000c624b00000,0x000000c624c00000) (1024K)]
  0x0000023ef5441470 JavaThread "Monitor Deflation Thread"   daemon [_thread_blocked, id=10180, stack(0x000000c624c00000,0x000000c624d00000) (1024K)]
=>0x0000023ef5446a40 JavaThread "C2 CompilerThread0"         daemon [_thread_in_native, id=10440, stack(0x000000c624d00000,0x000000c624e00000) (1024K)]
  0x0000023ef54476b0 JavaThread "C1 CompilerThread0"         daemon [_thread_blocked, id=11776, stack(0x000000c624e00000,0x000000c624f00000) (1024K)]
  0x0000023edeb20d10 JavaThread "Common-Cleaner"             daemon [_thread_blocked, id=5668, stack(0x000000c624f00000,0x000000c625000000) (1024K)]
  0x0000023ef626fb90 JavaThread "Notification Thread"        daemon [_thread_blocked, id=13096, stack(0x000000c625100000,0x000000c625200000) (1024K)]
  0x0000023ef6a23020 JavaThread "Active Thread: Equinox Container: f9a3ad5c-8b45-41bd-ad62-4cbd0970b6a5"        [_thread_blocked, id=11644, stack(0x000000c625500000,0x000000c625600000) (1024K)]
  0x0000023efb0c2040 JavaThread "Framework Event Dispatcher: Equinox Container: f9a3ad5c-8b45-41bd-ad62-4cbd0970b6a5" daemon [_thread_blocked, id=4576, stack(0x000000c625600000,0x000000c625700000) (1024K)]
  0x0000023ef69d8b60 JavaThread "Start Level: Equinox Container: f9a3ad5c-8b45-41bd-ad62-4cbd0970b6a5" daemon [_thread_in_vm, id=8392, stack(0x000000c625700000,0x000000c625800000) (1024K)]
  0x0000023ef69d0c90 JavaThread "SCR Component Actor"        daemon [_thread_blocked, id=6876, stack(0x000000c625800000,0x000000c625900000) (1024K)]
  0x0000023ef6bcc8a0 JavaThread "SCR Component Registry"     daemon [_thread_blocked, id=7980, stack(0x000000c625900000,0x000000c625a00000) (1024K)]
  0x0000023efb2851e0 JavaThread "Worker-JM"                         [_thread_blocked, id=1856, stack(0x000000c625a00000,0x000000c625b00000) (1024K)]
  0x0000023ef6c91560 JavaThread "JNA Cleaner"                daemon [_thread_blocked, id=4536, stack(0x000000c625000000,0x000000c625100000) (1024K)]
  0x0000023ef6b5d920 JavaThread "Worker-0"                          [_thread_blocked, id=8820, stack(0x000000c625b00000,0x000000c625c00000) (1024K)]
  0x0000023efb2dfb00 JavaThread "Worker-1"                          [_thread_blocked, id=12636, stack(0x000000c625c00000,0x000000c625d00000) (1024K)]
Total: 20

Other Threads:
  0x0000023ef5417830 VMThread "VM Thread"                           [id=10352, stack(0x000000c624600000,0x000000c624700000) (1024K)]
  0x0000023ef53909d0 WatcherThread "VM Periodic Task Thread"        [id=8872, stack(0x000000c624500000,0x000000c624600000) (1024K)]
  0x0000023edea75940 WorkerThread "GC Thread#0"                     [id=11604, stack(0x000000c624400000,0x000000c624500000) (1024K)]
  0x0000023ef68a9860 WorkerThread "GC Thread#1"                     [id=4704, stack(0x000000c625200000,0x000000c625300000) (1024K)]
  0x0000023ef68a9c00 WorkerThread "GC Thread#2"                     [id=11916, stack(0x000000c625300000,0x000000c625400000) (1024K)]
  0x0000023ef67b0090 WorkerThread "GC Thread#3"                     [id=8324, stack(0x000000c625400000,0x000000c625500000) (1024K)]
Total: 6

Threads with active compile tasks:
C2 CompilerThread0  4159 2538       4       org.lombokweb.asm.ClassReader::readUtf (44 bytes)
Total: 1

VM state: not at safepoint (normal execution)

VM Mutex/Monitor currently owned by a thread:  ([mutex/lock_event])
[0x00007fff1080c308] Metaspace_lock - owner thread: 0x0000023ef69d8b60

Heap address: 0x0000000080000000, size: 2048 MB, Compressed Oops mode: 32-bit

CDS archive(s) mapped at: [0x0000023e80000000-0x0000023e80ba0000-0x0000023e80ba0000), size 12189696, SharedBaseAddress: 0x0000023e80000000, ArchiveRelocationMode: 1.
Compressed class space mapped at: 0x0000023e81000000-0x0000023ec1000000, reserved size: 1073741824
Narrow klass base: 0x0000023e80000000, Narrow klass shift: 0, Narrow klass range: 0x100000000

GC Precious Log:
 CardTable entry size: 512
 CPUs: 4 total, 4 available
 Memory: 4095M
 Large Page Support: Disabled
 NUMA Support: Disabled
 Compressed Oops: Enabled (32-bit)
 Alignments: Space 512K, Generation 512K, Heap 2M
 Heap Min Capacity: 100M
 Heap Initial Capacity: 100M
 Heap Max Capacity: 2G
 Pre-touch: Disabled
 Parallel Workers: 4

Heap:
 PSYoungGen      total 29696K, used 28962K [0x00000000d5580000, 0x00000000d7680000, 0x0000000100000000)
  eden space 25600K, 97% used [0x00000000d5580000,0x00000000d6dcaed8,0x00000000d6e80000)
  from space 4096K, 99% used [0x00000000d6e80000,0x00000000d727d950,0x00000000d7280000)
  to   space 4096K, 0% used [0x00000000d7280000,0x00000000d7280000,0x00000000d7680000)
 ParOldGen       total 68608K, used 2856K [0x0000000080000000, 0x0000000084300000, 0x00000000d5580000)
  object space 68608K, 4% used [0x0000000080000000,0x00000000802ca300,0x0000000084300000)
 Metaspace       used 16790K, committed 17472K, reserved 1114112K
  class space    used 1718K, committed 2048K, reserved 1048576K

Card table byte_map: [0x0000023ede430000,0x0000023ede840000] _byte_map_base: 0x0000023ede030000

Marking Bits: (ParMarkBitMap*) 0x00007fff108131f0
 Begin Bits: [0x0000023ef0f10000, 0x0000023ef2f10000)
 End Bits:   [0x0000023ef2f10000, 0x0000023ef4f10000)

Polling page: 0x0000023edc920000

Metaspace:

Usage:
  Non-class:     14.72 MB used.
      Class:      1.68 MB used.
       Both:     16.40 MB used.

Virtual space:
  Non-class space:       64.00 MB reserved,      15.06 MB ( 24%) committed,  1 nodes.
      Class space:        1.00 GB reserved,       2.00 MB ( <1%) committed,  1 nodes.
             Both:        1.06 GB reserved,      17.06 MB (  2%) committed. 

Chunk freelists:
   Non-Class:  432.00 KB
       Class:  13.98 MB
        Both:  14.41 MB

MaxMetaspaceSize: unlimited
CompressedClassSpaceSize: 1.00 GB
Initial GC threshold: 21.00 MB
Current GC threshold: 21.00 MB
CDS: on
 - commit_granule_bytes: 65536.
 - commit_granule_words: 8192.
 - virtual_space_node_default_size: 8388608.
 - enlarge_chunks_in_place: 1.
 - use_allocation_guard: 0.


Internal statistics:

num_allocs_failed_limit: 0.
num_arena_births: 500.
num_arena_deaths: 0.
num_vsnodes_births: 2.
num_vsnodes_deaths: 0.
num_space_committed: 273.
num_space_uncommitted: 0.
num_chunks_returned_to_freelist: 0.
num_chunks_taken_from_freelist: 1126.
num_chunk_merges: 0.
num_chunk_splits: 706.
num_chunks_enlarged: 450.
num_inconsistent_stats: 0.

CodeHeap 'non-profiled nmethods': size=120000Kb used=1103Kb max_used=1103Kb free=118896Kb
 bounds [0x0000023ee9730000, 0x0000023ee99a0000, 0x0000023ef0c60000]
CodeHeap 'profiled nmethods': size=120000Kb used=4991Kb max_used=4991Kb free=115008Kb
 bounds [0x0000023ee1c60000, 0x0000023ee2140000, 0x0000023ee9190000]
CodeHeap 'non-nmethods': size=5760Kb used=1271Kb max_used=1296Kb free=4488Kb
 bounds [0x0000023ee9190000, 0x0000023ee9400000, 0x0000023ee9730000]
 total_blobs=3096 nmethods=2543 adapters=459
 compilation: enabled
              stopped_count=0, restarted_count=0
 full_count=0

Compilation events (20 events):
Event: 4.055 Thread 0x0000023ef5446a40 2528       4       java.util.zip.ZipFile$Source::nextEntryPos (22 bytes)
Event: 4.055 Thread 0x0000023ef54476b0 2531       3       jdk.internal.misc.Unsafe::weakCompareAndSetLong (11 bytes)
Event: 4.055 Thread 0x0000023ef54476b0 nmethod 2531 0x0000023ee212bf10 code [0x0000023ee212c0a0, 0x0000023ee212c1c8]
Event: 4.056 Thread 0x0000023ef5446a40 nmethod 2528 0x0000023ee9842090 code [0x0000023ee9842220, 0x0000023ee9842380]
Event: 4.074 Thread 0x0000023ef5446a40 2532       4       java.util.ArrayList$SubList$1::hasNext (20 bytes)
Event: 4.075 Thread 0x0000023ef5446a40 nmethod 2532 0x0000023ee9842510 code [0x0000023ee98426a0, 0x0000023ee9842750]
Event: 4.092 Thread 0x0000023ef54476b0 2534       3       java.util.TreeMap::leftOf (13 bytes)
Event: 4.092 Thread 0x0000023ef54476b0 nmethod 2534 0x0000023ee212c290 code [0x0000023ee212c440, 0x0000023ee212c5a8]
Event: 4.093 Thread 0x0000023ef54476b0 2535       3       java.lang.Double::parseDouble (5 bytes)
Event: 4.093 Thread 0x0000023ef54476b0 nmethod 2535 0x0000023ee212c690 code [0x0000023ee212c860, 0x0000023ee212caa0]
Event: 4.093 Thread 0x0000023ef54476b0 2537   !   3       jdk.internal.math.FloatingDecimal::readJavaFormatString (826 bytes)
Event: 4.105 Thread 0x0000023ef54476b0 nmethod 2537 0x0000023ee212cb90 code [0x0000023ee212d420, 0x0000023ee2132c38]
Event: 4.105 Thread 0x0000023ef54476b0 2536       3       jdk.internal.math.FloatingDecimal::parseDouble (10 bytes)
Event: 4.106 Thread 0x0000023ef54476b0 nmethod 2536 0x0000023ee2135590 code [0x0000023ee2135740, 0x0000023ee2135928]
Event: 4.113 Thread 0x0000023ef5446a40 2538       4       org.lombokweb.asm.ClassReader::readUtf (44 bytes)
Event: 4.116 Thread 0x0000023ef54476b0 2539       3       org.lombokweb.asm.ByteVector::putByteArray (49 bytes)
Event: 4.117 Thread 0x0000023ef54476b0 nmethod 2539 0x0000023ee2135a10 code [0x0000023ee2135be0, 0x0000023ee2135ea8]
Event: 4.125 Thread 0x0000023ef54476b0 2542       3       org.lombokweb.asm.ByteVector::<init> (13 bytes)
Event: 4.125 Thread 0x0000023ef54476b0 nmethod 2542 0x0000023ee2136010 code [0x0000023ee21361c0, 0x0000023ee21363e0]
Event: 4.125 Thread 0x0000023ef54476b0 2543       3       org.lombokweb.asm.ClassReader::readMethod (1070 bytes)

GC Heap History (6 events):
Event: 1.121 GC heap before
{Heap before GC invocations=1 (full 0):
 PSYoungGen      total 29696K, used 25600K [0x00000000d5580000, 0x00000000d7680000, 0x0000000100000000)
  eden space 25600K, 100% used [0x00000000d5580000,0x00000000d6e80000,0x00000000d6e80000)
  from space 4096K, 0% used [0x00000000d7280000,0x00000000d7280000,0x00000000d7680000)
  to   space 4096K, 0% used [0x00000000d6e80000,0x00000000d6e80000,0x00000000d7280000)
 ParOldGen       total 68608K, used 0K [0x0000000080000000, 0x0000000084300000, 0x00000000d5580000)
  object space 68608K, 0% used [0x0000000080000000,0x0000000080000000,0x0000000084300000)
 Metaspace       used 4284K, committed 4480K, reserved 1114112K
  class space    used 459K, committed 576K, reserved 1048576K
}
Event: 1.134 GC heap after
{Heap after GC invocations=1 (full 0):
 PSYoungGen      total 29696K, used 3455K [0x00000000d5580000, 0x00000000d7680000, 0x0000000100000000)
  eden space 25600K, 0% used [0x00000000d5580000,0x00000000d5580000,0x00000000d6e80000)
  from space 4096K, 84% used [0x00000000d6e80000,0x00000000d71dfc78,0x00000000d7280000)
  to   space 4096K, 0% used [0x00000000d7280000,0x00000000d7280000,0x00000000d7680000)
 ParOldGen       total 68608K, used 0K [0x0000000080000000, 0x0000000084300000, 0x00000000d5580000)
  object space 68608K, 0% used [0x0000000080000000,0x0000000080000000,0x0000000084300000)
 Metaspace       used 4284K, committed 4480K, reserved 1114112K
  class space    used 459K, committed 576K, reserved 1048576K
}
Event: 1.871 GC heap before
{Heap before GC invocations=2 (full 0):
 PSYoungGen      total 29696K, used 29055K [0x00000000d5580000, 0x00000000d7680000, 0x0000000100000000)
  eden space 25600K, 100% used [0x00000000d5580000,0x00000000d6e80000,0x00000000d6e80000)
  from space 4096K, 84% used [0x00000000d6e80000,0x00000000d71dfc78,0x00000000d7280000)
  to   space 4096K, 0% used [0x00000000d7280000,0x00000000d7280000,0x00000000d7680000)
 ParOldGen       total 68608K, used 0K [0x0000000080000000, 0x0000000084300000, 0x00000000d5580000)
  object space 68608K, 0% used [0x0000000080000000,0x0000000080000000,0x0000000084300000)
 Metaspace       used 8145K, committed 8448K, reserved 1114112K
  class space    used 845K, committed 960K, reserved 1048576K
}
Event: 1.878 GC heap after
{Heap after GC invocations=2 (full 0):
 PSYoungGen      total 29696K, used 4067K [0x00000000d5580000, 0x00000000d7680000, 0x0000000100000000)
  eden space 25600K, 0% used [0x00000000d5580000,0x00000000d5580000,0x00000000d6e80000)
  from space 4096K, 99% used [0x00000000d7280000,0x00000000d7678dd0,0x00000000d7680000)
  to   space 4096K, 0% used [0x00000000d6e80000,0x00000000d6e80000,0x00000000d7280000)
 ParOldGen       total 68608K, used 1057K [0x0000000080000000, 0x0000000084300000, 0x00000000d5580000)
  object space 68608K, 1% used [0x0000000080000000,0x00000000801086a8,0x0000000084300000)
 Metaspace       used 8145K, committed 8448K, reserved 1114112K
  class space    used 845K, committed 960K, reserved 1048576K
}
Event: 3.186 GC heap before
{Heap before GC invocations=3 (full 0):
 PSYoungGen      total 29696K, used 29667K [0x00000000d5580000, 0x00000000d7680000, 0x0000000100000000)
  eden space 25600K, 100% used [0x00000000d5580000,0x00000000d6e80000,0x00000000d6e80000)
  from space 4096K, 99% used [0x00000000d7280000,0x00000000d7678dd0,0x00000000d7680000)
  to   space 4096K, 0% used [0x00000000d6e80000,0x00000000d6e80000,0x00000000d7280000)
 ParOldGen       total 68608K, used 1057K [0x0000000080000000, 0x0000000084300000, 0x00000000d5580000)
  object space 68608K, 1% used [0x0000000080000000,0x00000000801086a8,0x0000000084300000)
 Metaspace       used 12921K, committed 13440K, reserved 1114112K
  class space    used 1331K, committed 1536K, reserved 1048576K
}
Event: 3.192 GC heap after
{Heap after GC invocations=3 (full 0):
 PSYoungGen      total 29696K, used 4086K [0x00000000d5580000, 0x00000000d7680000, 0x0000000100000000)
  eden space 25600K, 0% used [0x00000000d5580000,0x00000000d5580000,0x00000000d6e80000)
  from space 4096K, 99% used [0x00000000d6e80000,0x00000000d727d950,0x00000000d7280000)
  to   space 4096K, 0% used [0x00000000d7280000,0x00000000d7280000,0x00000000d7680000)
 ParOldGen       total 68608K, used 2856K [0x0000000080000000, 0x0000000084300000, 0x00000000d5580000)
  object space 68608K, 4% used [0x0000000080000000,0x00000000802ca300,0x0000000084300000)
 Metaspace       used 12921K, committed 13440K, reserved 1114112K
  class space    used 1331K, committed 1536K, reserved 1048576K
}

Dll operation events (10 events):
Event: 0.011 Loaded shared library c:\Users\Administrator\.vscode\extensions\redhat.java-1.43.1-win32-x64\jre\21.0.7-win32-x86_64\bin\java.dll
Event: 0.058 Loaded shared library c:\Users\Administrator\.vscode\extensions\redhat.java-1.43.1-win32-x64\jre\21.0.7-win32-x86_64\bin\zip.dll
Event: 0.167 Loaded shared library C:\Users\Administrator\.vscode\extensions\redhat.java-1.43.1-win32-x64\jre\21.0.7-win32-x86_64\bin\instrument.dll
Event: 0.173 Loaded shared library C:\Users\Administrator\.vscode\extensions\redhat.java-1.43.1-win32-x64\jre\21.0.7-win32-x86_64\bin\net.dll
Event: 0.175 Loaded shared library C:\Users\Administrator\.vscode\extensions\redhat.java-1.43.1-win32-x64\jre\21.0.7-win32-x86_64\bin\nio.dll
Event: 0.179 Loaded shared library C:\Users\Administrator\.vscode\extensions\redhat.java-1.43.1-win32-x64\jre\21.0.7-win32-x86_64\bin\zip.dll
Event: 0.202 Loaded shared library C:\Users\Administrator\.vscode\extensions\redhat.java-1.43.1-win32-x64\jre\21.0.7-win32-x86_64\bin\jimage.dll
Event: 0.294 Loaded shared library c:\Users\Administrator\.vscode\extensions\redhat.java-1.43.1-win32-x64\jre\21.0.7-win32-x86_64\bin\verify.dll
Event: 1.833 Loaded shared library C:\Users\Administrator\AppData\Roaming\Code\User\globalStorage\redhat.java\1.43.1\config_ss_win\org.eclipse.equinox.launcher\org.eclipse.equinox.launcher.win32.win32.x86_64_1.2.1300.v20250331-1702\eclipse_11911.dll
Event: 3.893 Loaded shared library C:\Users\Administrator\AppData\Local\Temp\2\jna-146731693\jna6621605481600878439.dll

Deoptimization events (20 events):
Event: 4.090 Thread 0x0000023ef69d8b60 Uncommon trap: trap_request=0xffffff45 fr.pc=0x0000023ee982857c relative=0x0000000000000abc
Event: 4.090 Thread 0x0000023ef69d8b60 Uncommon trap: reason=unstable_if action=reinterpret pc=0x0000023ee982857c method=jdk.internal.org.objectweb.asm.Frame.execute(IILjdk/internal/org/objectweb/asm/Symbol;Ljdk/internal/org/objectweb/asm/SymbolTable;)V @ 1 c2
Event: 4.090 Thread 0x0000023ef69d8b60 DEOPT PACKING pc=0x0000023ee982857c sp=0x000000c6257f7b10
Event: 4.090 Thread 0x0000023ef69d8b60 DEOPT UNPACKING pc=0x0000023ee91e3aa2 sp=0x000000c6257f7a98 mode 2
Event: 4.114 Thread 0x0000023ef69d8b60 Uncommon trap: trap_request=0xffffffde fr.pc=0x0000023ee981fb14 relative=0x00000000000003b4
Event: 4.114 Thread 0x0000023ef69d8b60 Uncommon trap: reason=class_check action=maybe_recompile pc=0x0000023ee981fb14 method=java.util.regex.Pattern$BmpCharPropertyGreedy.match(Ljava/util/regex/Matcher;ILjava/lang/CharSequence;)Z @ 70 c2
Event: 4.114 Thread 0x0000023ef69d8b60 DEOPT PACKING pc=0x0000023ee981fb14 sp=0x000000c6257ef240
Event: 4.114 Thread 0x0000023ef69d8b60 DEOPT UNPACKING pc=0x0000023ee91e3aa2 sp=0x000000c6257ef1e8 mode 2
Event: 4.114 Thread 0x0000023ef69d8b60 Uncommon trap: trap_request=0xffffffde fr.pc=0x0000023ee981fb14 relative=0x00000000000003b4
Event: 4.114 Thread 0x0000023ef69d8b60 Uncommon trap: reason=class_check action=maybe_recompile pc=0x0000023ee981fb14 method=java.util.regex.Pattern$BmpCharPropertyGreedy.match(Ljava/util/regex/Matcher;ILjava/lang/CharSequence;)Z @ 70 c2
Event: 4.114 Thread 0x0000023ef69d8b60 DEOPT PACKING pc=0x0000023ee981fb14 sp=0x000000c6257ef090
Event: 4.114 Thread 0x0000023ef69d8b60 DEOPT UNPACKING pc=0x0000023ee91e3aa2 sp=0x000000c6257ef038 mode 2
Event: 4.114 Thread 0x0000023ef69d8b60 Uncommon trap: trap_request=0xffffffde fr.pc=0x0000023ee981fb14 relative=0x00000000000003b4
Event: 4.114 Thread 0x0000023ef69d8b60 Uncommon trap: reason=class_check action=maybe_recompile pc=0x0000023ee981fb14 method=java.util.regex.Pattern$BmpCharPropertyGreedy.match(Ljava/util/regex/Matcher;ILjava/lang/CharSequence;)Z @ 70 c2
Event: 4.114 Thread 0x0000023ef69d8b60 DEOPT PACKING pc=0x0000023ee981fb14 sp=0x000000c6257ef250
Event: 4.115 Thread 0x0000023ef69d8b60 DEOPT UNPACKING pc=0x0000023ee91e3aa2 sp=0x000000c6257ef1f8 mode 2
Event: 4.115 Thread 0x0000023ef69d8b60 Uncommon trap: trap_request=0xffffffde fr.pc=0x0000023ee981fb14 relative=0x00000000000003b4
Event: 4.115 Thread 0x0000023ef69d8b60 Uncommon trap: reason=class_check action=maybe_recompile pc=0x0000023ee981fb14 method=java.util.regex.Pattern$BmpCharPropertyGreedy.match(Ljava/util/regex/Matcher;ILjava/lang/CharSequence;)Z @ 70 c2
Event: 4.115 Thread 0x0000023ef69d8b60 DEOPT PACKING pc=0x0000023ee981fb14 sp=0x000000c6257ef0a0
Event: 4.115 Thread 0x0000023ef69d8b60 DEOPT UNPACKING pc=0x0000023ee91e3aa2 sp=0x000000c6257ef048 mode 2

Classes loaded (20 events):
Event: 4.034 Loading class java/util/concurrent/atomic/Striped64$1
Event: 4.034 Loading class java/util/concurrent/atomic/Striped64$1 done
Event: 4.044 Loading class java/util/concurrent/locks/ReentrantReadWriteLock$Sync$HoldCounter
Event: 4.044 Loading class java/util/concurrent/locks/ReentrantReadWriteLock$Sync$HoldCounter done
Event: 4.056 Loading class java/net/SocketAddress
Event: 4.056 Loading class java/net/SocketAddress done
Event: 4.056 Loading class java/net/InetSocketAddress
Event: 4.056 Loading class java/net/InetSocketAddress done
Event: 4.056 Loading class java/nio/channels/AsynchronousByteChannel
Event: 4.056 Loading class java/nio/channels/AsynchronousChannel
Event: 4.056 Loading class java/nio/channels/AsynchronousChannel done
Event: 4.057 Loading class java/nio/channels/AsynchronousByteChannel done
Event: 4.057 Loading class java/net/Authenticator
Event: 4.057 Loading class java/net/Authenticator done
Event: 4.093 Loading class java/util/Collections$UnmodifiableSortedSet
Event: 4.094 Loading class java/util/Collections$UnmodifiableSortedSet done
Event: 4.100 Loading class java/util/zip/GZIPOutputStream
Event: 4.100 Loading class java/util/zip/GZIPOutputStream done
Event: 4.120 Loading class java/io/StringReader
Event: 4.120 Loading class java/io/StringReader done

Classes unloaded (0 events):
No events

Classes redefined (0 events):
No events

Internal exceptions (20 events):
Event: 3.925 Thread 0x0000023ef69d8b60 Exception <a 'java/lang/NoSuchMethodError'{0x00000000d63e6478}: 'void java.lang.invoke.DirectMethodHandle$Holder.invokeSpecial(java.lang.Object, java.lang.Object, java.lang.Object, int)'> (0x00000000d63e6478) 
thrown [s\src\hotspot\share\interpreter\linkResolver.cpp, line 773]
Event: 3.925 Thread 0x0000023ef69d8b60 Exception <a 'java/lang/NoSuchMethodError'{0x00000000d63e9e08}: 'void java.lang.invoke.DelegatingMethodHandle$Holder.reinvoke_L(java.lang.Object, java.lang.Object, int)'> (0x00000000d63e9e08) 
thrown [s\src\hotspot\share\interpreter\linkResolver.cpp, line 773]
Event: 3.926 Thread 0x0000023ef69d8b60 Exception <a 'java/lang/NoSuchMethodError'{0x00000000d63f0af0}: 'int java.lang.invoke.Invokers$Holder.invokeExact_MT(java.lang.Object, java.lang.Object, java.lang.Object)'> (0x00000000d63f0af0) 
thrown [s\src\hotspot\share\interpreter\linkResolver.cpp, line 773]
Event: 3.963 Thread 0x0000023ef69d8b60 Exception <a 'java/lang/NoSuchMethodError'{0x00000000d6501f70}: 'void java.lang.invoke.Invokers$Holder.invokeExact_MT(java.lang.Object, java.lang.Object, int, java.lang.Object)'> (0x00000000d6501f70) 
thrown [s\src\hotspot\share\interpreter\linkResolver.cpp, line 773]
Event: 3.980 Thread 0x0000023ef69d8b60 Exception <a 'java/lang/NoSuchMethodError'{0x00000000d65ece98}: 'java.lang.Object java.lang.invoke.DirectMethodHandle$Holder.invokeSpecial(java.lang.Object, java.lang.Object, java.lang.Object, long, java.lang.Object)'> (0x00000000d65ece98) 
thrown [s\src\hotspot\share\interpreter\linkResolver.cpp, line 773]
Event: 3.981 Thread 0x0000023ef69d8b60 Exception <a 'java/lang/NoSuchMethodError'{0x00000000d65f46e0}: 'java.lang.Object java.lang.invoke.DirectMethodHandle$Holder.newInvokeSpecial(java.lang.Object, java.lang.Object, java.lang.Object, long)'> (0x00000000d65f46e0) 
thrown [s\src\hotspot\share\interpreter\linkResolver.cpp, line 773]
Event: 3.981 Thread 0x0000023ef69d8b60 Exception <a 'java/lang/NoSuchMethodError'{0x00000000d65f8ad0}: 'java.lang.Object java.lang.invoke.DirectMethodHandle$Holder.invokeSpecial(java.lang.Object, java.lang.Object, java.lang.Object, java.lang.Object, long)'> (0x00000000d65f8ad0) 
thrown [s\src\hotspot\share\interpreter\linkResolver.cpp, line 773]
Event: 3.982 Thread 0x0000023ef69d8b60 Exception <a 'java/lang/NoSuchMethodError'{0x00000000d65fc6f0}: 'java.lang.Object java.lang.invoke.Invokers$Holder.linkToTargetMethod(java.lang.Object, java.lang.Object, long, java.lang.Object)'> (0x00000000d65fc6f0) 
thrown [s\src\hotspot\share\interpreter\linkResolver.cpp, line 773]
Event: 3.992 Thread 0x0000023ef69d8b60 Exception <a 'java/lang/NoSuchMethodError'{0x00000000d666eeb0}: 'int java.lang.invoke.DirectMethodHandle$Holder.invokeStaticInit(java.lang.Object, java.lang.Object, java.lang.Object)'> (0x00000000d666eeb0) 
thrown [s\src\hotspot\share\interpreter\linkResolver.cpp, line 773]
Event: 4.006 Thread 0x0000023ef69d8b60 Exception <a 'java/lang/IncompatibleClassChangeError'{0x00000000d66f1908}: Found class java.lang.Object, but interface was expected> (0x00000000d66f1908) 
thrown [s\src\hotspot\share\interpreter\linkResolver.cpp, line 840]
Event: 4.013 Thread 0x0000023ef69d8b60 Exception <a 'java/lang/NoSuchMethodError'{0x00000000d6707e00}: 'java.lang.Object java.lang.invoke.DirectMethodHandle$Holder.invokeSpecial(java.lang.Object, java.lang.Object, java.lang.Object, int, java.lang.Object, java.lang.Object)'> (0x00000000d6707e00) 
thrown [s\src\hotspot\share\interpreter\linkResolver.cpp, line 773]
Event: 4.014 Thread 0x0000023ef69d8b60 Exception <a 'java/lang/NoSuchMethodError'{0x00000000d670f8d8}: 'java.lang.Object java.lang.invoke.DirectMethodHandle$Holder.newInvokeSpecial(java.lang.Object, java.lang.Object, java.lang.Object, int, java.lang.Object)'> (0x00000000d670f8d8) 
thrown [s\src\hotspot\share\interpreter\linkResolver.cpp, line 773]
Event: 4.015 Thread 0x0000023ef69d8b60 Exception <a 'java/lang/NoSuchMethodError'{0x00000000d6713898}: 'java.lang.Object java.lang.invoke.DirectMethodHandle$Holder.invokeSpecial(java.lang.Object, java.lang.Object, java.lang.Object, java.lang.Object, int, java.lang.Object)'> (0x00000000d6713898) 
thrown [s\src\hotspot\share\interpreter\linkResolver.cpp, line 773]
Event: 4.015 Thread 0x0000023ef69d8b60 Exception <a 'java/lang/NoSuchMethodError'{0x00000000d67173d8}: 'java.lang.Object java.lang.invoke.Invokers$Holder.linkToTargetMethod(java.lang.Object, java.lang.Object, int, java.lang.Object, java.lang.Object)'> (0x00000000d67173d8) 
thrown [s\src\hotspot\share\interpreter\linkResolver.cpp, line 773]
Event: 4.016 Thread 0x0000023ef6b5d920 Exception <a 'java/lang/NoSuchMethodError'{0x00000000d6653708}: 'java.lang.Object java.lang.invoke.DirectMethodHandle$Holder.invokeSpecial(java.lang.Object, java.lang.Object, int, java.lang.Object, java.lang.Object)'> (0x00000000d6653708) 
thrown [s\src\hotspot\share\interpreter\linkResolver.cpp, line 773]
Event: 4.017 Thread 0x0000023ef6b5d920 Exception <a 'java/lang/NoSuchMethodError'{0x00000000d665a440}: 'java.lang.Object java.lang.invoke.DirectMethodHandle$Holder.newInvokeSpecial(java.lang.Object, java.lang.Object, int, java.lang.Object)'> (0x00000000d665a440) 
thrown [s\src\hotspot\share\interpreter\linkResolver.cpp, line 773]
Event: 4.018 Thread 0x0000023ef6b5d920 Exception <a 'java/lang/NoSuchMethodError'{0x00000000d665dd60}: 'java.lang.Object java.lang.invoke.DirectMethodHandle$Holder.invokeSpecial(java.lang.Object, java.lang.Object, java.lang.Object, int, java.lang.Object)'> (0x00000000d665dd60) 
thrown [s\src\hotspot\share\interpreter\linkResolver.cpp, line 773]
Event: 4.040 Thread 0x0000023ef69d8b60 Exception <a 'java/lang/NoSuchMethodError'{0x00000000d6835f18}: 'void java.lang.invoke.DirectMethodHandle$Holder.invokeSpecial(java.lang.Object, java.lang.Object, java.lang.Object, java.lang.Object, java.lang.Object)'> (0x00000000d6835f18) 
thrown [s\src\hotspot\share\interpreter\linkResolver.cpp, line 773]
Event: 4.089 Thread 0x0000023ef69d8b60 Exception <a 'java/lang/NoSuchMethodError'{0x00000000d6af4d40}: 'double java.lang.invoke.DirectMethodHandle$Holder.invokeStatic(java.lang.Object, java.lang.Object)'> (0x00000000d6af4d40) 
thrown [s\src\hotspot\share\interpreter\linkResolver.cpp, line 773]
Event: 4.090 Thread 0x0000023ef69d8b60 Exception <a 'java/lang/NoSuchMethodError'{0x00000000d6af8400}: 'double java.lang.invoke.DirectMethodHandle$Holder.invokeStaticInit(java.lang.Object, java.lang.Object)'> (0x00000000d6af8400) 
thrown [s\src\hotspot\share\interpreter\linkResolver.cpp, line 773]

ZGC Phase Switch (0 events):
No events

VM Operations (20 events):
Event: 1.692 Executing VM operation: HandshakeAllThreads (Deoptimize)
Event: 1.692 Executing VM operation: HandshakeAllThreads (Deoptimize) done
Event: 1.848 Executing VM operation: ICBufferFull
Event: 1.848 Executing VM operation: ICBufferFull done
Event: 1.871 Executing VM operation: ParallelGCFailedAllocation (Allocation Failure)
Event: 1.878 Executing VM operation: ParallelGCFailedAllocation (Allocation Failure) done
Event: 2.074 Executing VM operation: HandshakeAllThreads (Deoptimize)
Event: 2.093 Executing VM operation: HandshakeAllThreads (Deoptimize) done
Event: 2.793 Executing VM operation: HandshakeAllThreads (Deoptimize)
Event: 2.793 Executing VM operation: HandshakeAllThreads (Deoptimize) done
Event: 3.186 Executing VM operation: ParallelGCFailedAllocation (Allocation Failure)
Event: 3.192 Executing VM operation: ParallelGCFailedAllocation (Allocation Failure) done
Event: 3.294 Executing VM operation: HandshakeAllThreads (Deoptimize)
Event: 3.294 Executing VM operation: HandshakeAllThreads (Deoptimize) done
Event: 3.303 Executing VM operation: HandshakeAllThreads (Deoptimize)
Event: 3.304 Executing VM operation: HandshakeAllThreads (Deoptimize) done
Event: 3.330 Executing VM operation: HandshakeAllThreads (Deoptimize)
Event: 3.330 Executing VM operation: HandshakeAllThreads (Deoptimize) done
Event: 3.907 Executing VM operation: HandshakeAllThreads (Deoptimize)
Event: 3.907 Executing VM operation: HandshakeAllThreads (Deoptimize) done

Memory protections (0 events):
No events

Nmethod flushes (0 events):
No events

Events (20 events):
Event: 0.078 Thread 0x0000023edea58940 Thread added: 0x0000023ef543e480
Event: 0.078 Thread 0x0000023edea58940 Thread added: 0x0000023ef543f950
Event: 0.078 Thread 0x0000023edea58940 Thread added: 0x0000023ef5441470
Event: 0.078 Thread 0x0000023edea58940 Thread added: 0x0000023ef5446a40
Event: 0.078 Thread 0x0000023edea58940 Thread added: 0x0000023ef54476b0
Event: 0.115 Thread 0x0000023edea58940 Thread added: 0x0000023edeb20d10
Event: 0.291 Thread 0x0000023ef54476b0 Thread added: 0x0000023ef6286ae0
Event: 0.401 Thread 0x0000023edea58940 Thread added: 0x0000023ef626fb90
Event: 1.595 Thread 0x0000023edea58940 Thread added: 0x0000023ef6a23020
Event: 1.805 Thread 0x0000023edea58940 Thread added: 0x0000023efb0c2040
Event: 1.825 Thread 0x0000023edea58940 Thread added: 0x0000023ef69d8b60
Event: 1.898 Thread 0x0000023ef69d8b60 Thread added: 0x0000023ef69d0c90
Event: 2.061 Thread 0x0000023ef69d8b60 Thread added: 0x0000023ef6bcc8a0
Event: 2.863 Thread 0x0000023ef69d8b60 Thread added: 0x0000023efb2851e0
Event: 2.917 Thread 0x0000023ef6286ae0 Thread exited: 0x0000023ef6286ae0
Event: 3.349 Thread 0x0000023ef54476b0 Thread added: 0x0000023efb067180
Event: 3.902 Thread 0x0000023efb067180 Thread exited: 0x0000023efb067180
Event: 3.943 Thread 0x0000023ef69d8b60 Thread added: 0x0000023ef6c91560
Event: 3.985 Thread 0x0000023ef69d8b60 Thread added: 0x0000023ef6b5d920
Event: 4.017 Thread 0x0000023ef69d8b60 Thread added: 0x0000023efb2dfb00


Dynamic libraries:
0x00007ff74ac20000 - 0x00007ff74ac2e000 	c:\Users\Administrator\.vscode\extensions\redhat.java-1.43.1-win32-x64\jre\21.0.7-win32-x86_64\bin\java.exe
0x00007fff35270000 - 0x00007fff35470000 	C:\Windows\SYSTEM32\ntdll.dll
0x00007fff34e10000 - 0x00007fff34ecc000 	C:\Windows\System32\KERNEL32.DLL
0x00007fff32b10000 - 0x00007fff32e6f000 	C:\Windows\System32\KERNELBASE.dll
0x00007fff330b0000 - 0x00007fff331c0000 	C:\Windows\System32\ucrtbase.dll
0x00007fff28480000 - 0x00007fff28498000 	c:\Users\Administrator\.vscode\extensions\redhat.java-1.43.1-win32-x64\jre\21.0.7-win32-x86_64\bin\jli.dll
0x00007fff35050000 - 0x00007fff351f5000 	C:\Windows\System32\USER32.dll
0x00007fff33010000 - 0x00007fff33036000 	C:\Windows\System32\win32u.dll
0x00007fff35200000 - 0x00007fff3522b000 	C:\Windows\System32\GDI32.dll
0x00007fff32ef0000 - 0x00007fff33001000 	C:\Windows\System32\gdi32full.dll
0x00007fff32850000 - 0x00007fff328f0000 	C:\Windows\System32\msvcp_win.dll
0x00007fff21ef0000 - 0x00007fff21f0e000 	c:\Users\Administrator\.vscode\extensions\redhat.java-1.43.1-win32-x64\jre\21.0.7-win32-x86_64\bin\VCRUNTIME140.dll
0x00007fff1cef0000 - 0x00007fff1d195000 	C:\Windows\WinSxS\amd64_microsoft.windows.common-controls_6595b64144ccf1df_6.0.20348.1_none_88d3d41d702dedea\COMCTL32.dll
0x00007fff33860000 - 0x00007fff33903000 	C:\Windows\System32\msvcrt.dll
0x00007fff34900000 - 0x00007fff34931000 	C:\Windows\System32\IMM32.DLL
0x00007fff28470000 - 0x00007fff2847c000 	c:\Users\Administrator\.vscode\extensions\redhat.java-1.43.1-win32-x64\jre\21.0.7-win32-x86_64\bin\vcruntime140_1.dll
0x00007fff1e910000 - 0x00007fff1e99d000 	c:\Users\Administrator\.vscode\extensions\redhat.java-1.43.1-win32-x64\jre\21.0.7-win32-x86_64\bin\msvcp140.dll
0x00007fff0fb60000 - 0x00007fff108f0000 	c:\Users\Administrator\.vscode\extensions\redhat.java-1.43.1-win32-x64\jre\21.0.7-win32-x86_64\bin\server\jvm.dll
0x00007fff33920000 - 0x00007fff339cc000 	C:\Windows\System32\ADVAPI32.dll
0x00007fff34d00000 - 0x00007fff34d9e000 	C:\Windows\System32\sechost.dll
0x00007fff34be0000 - 0x00007fff34cff000 	C:\Windows\System32\RPCRT4.dll
0x00007fff33fd0000 - 0x00007fff34041000 	C:\Windows\System32\WS2_32.dll
0x00007fff32720000 - 0x00007fff3276d000 	C:\Windows\SYSTEM32\POWRPROF.dll
0x00007fff11a20000 - 0x00007fff11a47000 	C:\Windows\SYSTEM32\WINMM.dll
0x00007fff29cb0000 - 0x00007fff29cba000 	C:\Windows\SYSTEM32\VERSION.dll
0x00007fff32700000 - 0x00007fff32713000 	C:\Windows\SYSTEM32\UMPDC.dll
0x00007fff31240000 - 0x00007fff31257000 	C:\Windows\SYSTEM32\kernel.appcore.dll
0x00007fff22e50000 - 0x00007fff22e5a000 	c:\Users\Administrator\.vscode\extensions\redhat.java-1.43.1-win32-x64\jre\21.0.7-win32-x86_64\bin\jimage.dll
0x00007fff23ae0000 - 0x00007fff23cf2000 	C:\Windows\SYSTEM32\DBGHELP.DLL
0x00007fff23a10000 - 0x00007fff23a40000 	C:\Windows\SYSTEM32\dbgcore.DLL
0x00007fff32e70000 - 0x00007fff32eee000 	C:\Windows\System32\bcryptPrimitives.dll
0x00007fff28780000 - 0x00007fff2878f000 	c:\Users\Administrator\.vscode\extensions\redhat.java-1.43.1-win32-x64\jre\21.0.7-win32-x86_64\bin\instrument.dll
0x00007fff21ed0000 - 0x00007fff21eef000 	c:\Users\Administrator\.vscode\extensions\redhat.java-1.43.1-win32-x64\jre\21.0.7-win32-x86_64\bin\java.dll
0x00007fff341a0000 - 0x00007fff348fa000 	C:\Windows\System32\SHELL32.dll
0x00007fff257f0000 - 0x00007fff26035000 	C:\Windows\SYSTEM32\windows.storage.dll
0x00007fff33270000 - 0x00007fff335e1000 	C:\Windows\System32\combase.dll
0x00007fff33ee0000 - 0x00007fff33fcb000 	C:\Windows\System32\SHCORE.dll
0x00007fff34db0000 - 0x00007fff34e0f000 	C:\Windows\System32\shlwapi.dll
0x00007fff32780000 - 0x00007fff327a1000 	C:\Windows\SYSTEM32\profapi.dll
0x00007fff21eb0000 - 0x00007fff21ec8000 	c:\Users\Administrator\.vscode\extensions\redhat.java-1.43.1-win32-x64\jre\21.0.7-win32-x86_64\bin\zip.dll
0x00007fff22dc0000 - 0x00007fff22dd0000 	C:\Users\Administrator\.vscode\extensions\redhat.java-1.43.1-win32-x64\jre\21.0.7-win32-x86_64\bin\net.dll
0x00007fff2a9b0000 - 0x00007fff2aab2000 	C:\Windows\SYSTEM32\WINHTTP.dll
0x00007fff31d70000 - 0x00007fff31dd8000 	C:\Windows\system32\mswsock.dll
0x00007fff21e30000 - 0x00007fff21e46000 	C:\Users\Administrator\.vscode\extensions\redhat.java-1.43.1-win32-x64\jre\21.0.7-win32-x86_64\bin\nio.dll
0x00007fff221b0000 - 0x00007fff221c0000 	c:\Users\Administrator\.vscode\extensions\redhat.java-1.43.1-win32-x64\jre\21.0.7-win32-x86_64\bin\verify.dll
0x00007fff20a60000 - 0x00007fff20aa5000 	C:\Users\Administrator\AppData\Roaming\Code\User\globalStorage\redhat.java\1.43.1\config_ss_win\org.eclipse.equinox.launcher\org.eclipse.equinox.launcher.win32.win32.x86_64_1.2.1300.v20250331-1702\eclipse_11911.dll
0x00007fff33700000 - 0x00007fff33835000 	C:\Windows\System32\ole32.dll
0x00007fff31fc0000 - 0x00007fff31fd8000 	C:\Windows\SYSTEM32\CRYPTSP.dll
0x00007fff31900000 - 0x00007fff31935000 	C:\Windows\system32\rsaenh.dll
0x00007fff31e60000 - 0x00007fff31e8e000 	C:\Windows\SYSTEM32\USERENV.dll
0x00007fff32100000 - 0x00007fff32127000 	C:\Windows\SYSTEM32\bcrypt.dll
0x00007fff31fb0000 - 0x00007fff31fbc000 	C:\Windows\SYSTEM32\CRYPTBASE.dll
0x00007fff31ad0000 - 0x00007fff31afd000 	C:\Windows\SYSTEM32\IPHLPAPI.DLL
0x00007fff34da0000 - 0x00007fff34da9000 	C:\Windows\System32\NSI.dll
0x00007fff12f20000 - 0x00007fff12f69000 	C:\Users\Administrator\AppData\Local\Temp\2\jna-146731693\jna6621605481600878439.dll
0x00007fff33910000 - 0x00007fff33918000 	C:\Windows\System32\PSAPI.DLL

dbghelp: loaded successfully - version: 4.0.5 - missing functions: none
symbol engine: initialized successfully - sym options: 0x614 - pdb path: .;c:\Users\Administrator\.vscode\extensions\redhat.java-1.43.1-win32-x64\jre\21.0.7-win32-x86_64\bin;C:\Windows\SYSTEM32;C:\Windows\WinSxS\amd64_microsoft.windows.common-controls_6595b64144ccf1df_6.0.20348.1_none_88d3d41d702dedea;c:\Users\Administrator\.vscode\extensions\redhat.java-1.43.1-win32-x64\jre\21.0.7-win32-x86_64\bin\server;C:\Users\Administrator\AppData\Roaming\Code\User\globalStorage\redhat.java\1.43.1\config_ss_win\org.eclipse.equinox.launcher\org.eclipse.equinox.launcher.win32.win32.x86_64_1.2.1300.v20250331-1702;C:\Users\Administrator\AppData\Local\Temp\2\jna-146731693

VM Arguments:
jvm_args: --add-modules=ALL-SYSTEM --add-opens=java.base/java.util=ALL-UNNAMED --add-opens=java.base/java.lang=ALL-UNNAMED --add-opens=java.base/sun.nio.fs=ALL-UNNAMED -Declipse.application=org.eclipse.jdt.ls.core.id1 -Dosgi.bundles.defaultStartLevel=4 -Declipse.product=org.eclipse.jdt.ls.core.product -Djava.import.generatesMetadataFilesAtProjectRoot=false -DDetectVMInstallationsJob.disabled=true -Dfile.encoding=utf8 -XX:+UseParallelGC -XX:GCTimeRatio=4 -XX:AdaptiveSizePolicyWeight=90 -Dsun.zip.disableMemoryMapping=true -Xmx2G -Xms100m -Xlog:disable -javaagent:c:\Users\Administrator\.vscode\extensions\redhat.java-1.43.1-win32-x64\lombok\lombok-1.18.39-4050.jar 
java_command: c:\Users\Administrator\.vscode\extensions\redhat.java-1.43.1-win32-x64\server\plugins\org.eclipse.equinox.launcher_1.7.0.v20250519-0528.jar -configuration c:\Users\Administrator\AppData\Roaming\Code\User\globalStorage\redhat.java\1.43.1\config_ss_win -data c:\Users\Administrator\AppData\Roaming\Code\User\workspaceStorage\34ce6cadecba1fb2d5a0478fb1fb3966\redhat.java\ss_ws --pipe=\\.\pipe\lsp-a7952bdd6a089745c2503985c9901c5c-sock
java_class_path (initial): c:\Users\Administrator\.vscode\extensions\redhat.java-1.43.1-win32-x64\server\plugins\org.eclipse.equinox.launcher_1.7.0.v20250519-0528.jar
Launcher Type: SUN_STANDARD

[Global flags]
    uintx AdaptiveSizePolicyWeight                 = 90                                        {product} {command line}
     intx CICompilerCount                          = 3                                         {product} {ergonomic}
    uintx GCTimeRatio                              = 4                                         {product} {command line}
   size_t InitialHeapSize                          = 104857600                                 {product} {command line}
   size_t MaxHeapSize                              = 2147483648                                {product} {command line}
   size_t MaxNewSize                               = 715653120                                 {product} {ergonomic}
   size_t MinHeapDeltaBytes                        = 524288                                    {product} {ergonomic}
   size_t MinHeapSize                              = 104857600                                 {product} {command line}
   size_t NewSize                                  = 34603008                                  {product} {ergonomic}
    uintx NonNMethodCodeHeapSize                   = 5832780                                {pd product} {ergonomic}
    uintx NonProfiledCodeHeapSize                  = 122912730                              {pd product} {ergonomic}
   size_t OldSize                                  = 70254592                                  {product} {ergonomic}
    uintx ProfiledCodeHeapSize                     = 122912730                              {pd product} {ergonomic}
    uintx ReservedCodeCacheSize                    = 251658240                              {pd product} {ergonomic}
     bool SegmentedCodeCache                       = true                                      {product} {ergonomic}
   size_t SoftMaxHeapSize                          = 2147483648                             {manageable} {ergonomic}
     bool UseCompressedOops                        = true                           {product lp64_product} {ergonomic}
     bool UseLargePagesIndividualAllocation        = false                                  {pd product} {ergonomic}
     bool UseParallelGC                            = true                                      {product} {command line}

Logging:
Log output configuration:
 #0: stdout all=off uptime,level,tags foldmultilines=false
 #1: stderr all=off uptime,level,tags foldmultilines=false

Environment Variables:
JAVA_HOME=C:\Program Files\Zulu\zulu-21
PATH=C:\Windows\system32;C:\Windows;C:\Windows\System32\Wbem;C:\Windows\System32\WindowsPowerShell\v1.0\;C:\Windows\System32\OpenSSH\;C:\Program Files\Git\cmd;C:\Program Files\nodejs\;C:\Program Files\Bandizip\;C:\Users\Administrator\Downloads\gradle-9.0.0-rc-3-all\gradle-9.0.0-rc-3\bin;C:\Program Files\Zulu\zulu-21\bin;C:\Users\Administrator\AppData\Local\Microsoft\WindowsApps;C:\Users\Administrator\AppData\Local\Programs\Microsoft VS Code\bin;C:\Users\Administrator\AppData\Roaming\npm;C:\Program Files\Zulu\zulu-21\bin;
USERNAME=Administrator
OS=Windows_NT
PROCESSOR_IDENTIFIER=Intel64 Family 6 Model 62 Stepping 4, GenuineIntel
TMP=C:\Users\ADMINI~1\AppData\Local\Temp\2
TEMP=C:\Users\ADMINI~1\AppData\Local\Temp\2




Periodic native trim disabled

---------------  S Y S T E M  ---------------

OS:
 Windows Server 2022 , 64 bit Build 20348 (10.0.20348.143)
OS uptime: 0 days 1:54 hours
KVM virtualization detected

CPU: total 4 (initial active 4) (4 cores per cpu, 1 threads per core) family 6 model 62 stepping 4 microcode 0x42e, cx8, cmov, fxsr, mmx, sse, sse2, sse3, ssse3, sse4.1, sse4.2, popcnt, tsc, avx, aes, erms, clmul, vzeroupper, clflush, hv, rdtscp, f16c
Processor Information for the first 4 processors :
  Max Mhz: 3300, Current Mhz: 3300, Mhz Limit: 3300

Memory: 4k page, system-wide physical 4095M (1363M free)
TotalPageFile size 7935M (AvailPageFile size 8M)
current process WorkingSet (physical memory assigned to process): 113M, peak: 113M
current process commit charge ("private bytes"): 243M, peak: 244M

vm_info: OpenJDK 64-Bit Server VM (21.0.7+6-LTS) for windows-amd64 JRE (21.0.7+6-LTS), built on 2025-04-15T00:00:00Z by "admin" with MS VC++ 17.7 (VS2022)

END.
