#
# There is insufficient memory for the Java Runtime Environment to continue.
# Native memory allocation (malloc) failed to allocate 1338320 bytes. Error detail: Chunk::new
# Possible reasons:
#   The system is out of physical RAM or swap space
#   This process is running with CompressedOops enabled, and the Java Heap may be blocking the growth of the native heap
# Possible solutions:
#   Reduce memory load on the system
#   Increase physical memory or swap space
#   Check if swap backing store is full
#   Decrease Java heap size (-Xmx/-Xms)
#   Decrease number of Java threads
#   Decrease Java thread stack sizes (-Xss)
#   Set larger code cache with -XX:ReservedCodeCacheSize=
#   JVM is running with Unscaled Compressed Oops mode in which the Java heap is
#     placed in the first 4GB address space. The Java Heap base address is the
#     maximum limit for the native heap growth. Please use -XX:HeapBaseMinAddress
#     to set the Java Heap base and to place the Java Heap above 4GB virtual address.
# This output file may be truncated or incomplete.
#
#  Out of Memory Error (arena.cpp:168), pid=8680, tid=7244
#
# JRE version: OpenJDK Runtime Environment Temurin-21.0.7+6 (21.0.7+6) (build 21.0.7+6-LTS)
# Java VM: OpenJDK 64-Bit Server VM Temurin-21.0.7+6 (21.0.7+6-LTS, mixed mode, sharing, tiered, compressed oops, compressed class ptrs, parallel gc, windows-amd64)
# Core dump will be written. Default location: c:\Users\Administrator\Desktop\repos\Virtual-Camera\hs_err_pid8680.mdmp
#

---------------  S U M M A R Y ------------

Command Line: --add-modules=ALL-SYSTEM --add-opens=java.base/java.util=ALL-UNNAMED --add-opens=java.base/java.lang=ALL-UNNAMED --add-opens=java.base/sun.nio.fs=ALL-UNNAMED -Declipse.application=org.eclipse.jdt.ls.core.id1 -Dosgi.bundles.defaultStartLevel=4 -Declipse.product=org.eclipse.jdt.ls.core.product -Djava.import.generatesMetadataFilesAtProjectRoot=false -DDetectVMInstallationsJob.disabled=true -Dfile.encoding=utf8 -XX:+UseParallelGC -XX:GCTimeRatio=4 -XX:AdaptiveSizePolicyWeight=90 -Dsun.zip.disableMemoryMapping=true -Xmx2G -Xms100m -Xlog:disable -javaagent:c:\Users\Administrator\.vscode\extensions\redhat.java-1.43.1-win32-x64\lombok\lombok-1.18.39-4050.jar c:\Users\Administrator\.vscode\extensions\redhat.java-1.43.1-win32-x64\server\plugins\org.eclipse.equinox.launcher_1.7.0.v20250519-0528.jar -configuration c:\Users\Administrator\AppData\Roaming\Code\User\globalStorage\redhat.java\1.43.1\config_ss_win -data c:\Users\Administrator\AppData\Roaming\Code\User\workspaceStorage\34ce6cadecba1fb2d5a0478fb1fb3966\redhat.java\ss_ws --pipe=\\.\pipe\lsp-a0c52d0e725042d453924d8bdcafbf41-sock

Host: Intel(R) Xeon(R) CPU E5-2667 v2 @ 3.30GHz, 4 cores, 3G,  Windows Server 2022 , 64 bit Build 20348 (10.0.20348.143)
Time: Sun Jul 20 17:11:41 2025  Windows Server 2022 , 64 bit Build 20348 (10.0.20348.143) elapsed time: 51.952814 seconds (0d 0h 0m 51s)

---------------  T H R E A D  ---------------

Current thread (0x000001f3471c07d0):  JavaThread "C2 CompilerThread0" daemon [_thread_in_native, id=7244, stack(0x000000c953a00000,0x000000c953b00000) (1024K)]


Current CompileTask:
C2:51952 9772       4       org.eclipse.jdt.internal.compiler.lookup.ModuleBinding::getVisiblePackage (472 bytes)

Stack: [0x000000c953a00000,0x000000c953b00000]
Native frames: (J=compiled Java code, j=interpreted, Vv=VM code, C=native code)
V  [jvm.dll+0x6ce119]
V  [jvm.dll+0x8a84a1]
V  [jvm.dll+0x8aa9ce]
V  [jvm.dll+0x8ab0b3]
V  [jvm.dll+0x27f8a6]
V  [jvm.dll+0xc507d]
V  [jvm.dll+0xc55b3]
V  [jvm.dll+0x3b692c]
V  [jvm.dll+0x1e0029]
V  [jvm.dll+0x247c42]
V  [jvm.dll+0x2470cf]
V  [jvm.dll+0x1c760e]
V  [jvm.dll+0x25695a]
V  [jvm.dll+0x254efa]
V  [jvm.dll+0x3f03f6]
V  [jvm.dll+0x851f6b]
V  [jvm.dll+0x6cc7dd]
C  [ucrtbase.dll+0x26b4c]
C  [KERNEL32.DLL+0x14ed0]
C  [ntdll.dll+0x7e20b]


---------------  P R O C E S S  ---------------

Threads class SMR info:
_java_thread_list=0x000001f364f24740, length=42, elements={
0x000001f3472c7be0, 0x000001f3471b6c10, 0x000001f3471b7f00, 0x000001f3471bdab0,
0x000001f3471be500, 0x000001f3471bef50, 0x000001f3471bf9a0, 0x000001f3471c07d0,
0x000001f347231600, 0x000001f3473902f0, 0x000001f35eaa0200, 0x000001f363697f80,
0x000001f3635d7cc0, 0x000001f3635be7f0, 0x000001f3637c0140, 0x000001f3637f3f50,
0x000001f35ea55b70, 0x000001f35ebb4300, 0x000001f3634edcd0, 0x000001f3634ee9f0,
0x000001f3634ef080, 0x000001f3634ecfb0, 0x000001f3634ee360, 0x000001f3634ed640,
0x000001f3634ef710, 0x000001f3634efda0, 0x000001f3634ec920, 0x000001f364de1540,
0x000001f364ddd3a0, 0x000001f364ddf470, 0x000001f364dda5b0, 0x000001f364ddb2d0,
0x000001f364ddfb00, 0x000001f364de0820, 0x000001f364ddb960, 0x000001f364dde0c0,
0x000001f364ddbff0, 0x000001f364de0190, 0x000001f364ddda30, 0x000001f364ddc680,
0x000001f364de1bd0, 0x000001f364c6e620
}

Java Threads: ( => current thread )
  0x000001f3472c7be0 JavaThread "main"                              [_thread_blocked, id=7720, stack(0x000000c953000000,0x000000c953100000) (1024K)]
  0x000001f3471b6c10 JavaThread "Reference Handler"          daemon [_thread_blocked, id=12940, stack(0x000000c953400000,0x000000c953500000) (1024K)]
  0x000001f3471b7f00 JavaThread "Finalizer"                  daemon [_thread_blocked, id=8540, stack(0x000000c953500000,0x000000c953600000) (1024K)]
  0x000001f3471bdab0 JavaThread "Signal Dispatcher"          daemon [_thread_blocked, id=2532, stack(0x000000c953600000,0x000000c953700000) (1024K)]
  0x000001f3471be500 JavaThread "Attach Listener"            daemon [_thread_blocked, id=7176, stack(0x000000c953700000,0x000000c953800000) (1024K)]
  0x000001f3471bef50 JavaThread "Service Thread"             daemon [_thread_blocked, id=12968, stack(0x000000c953800000,0x000000c953900000) (1024K)]
  0x000001f3471bf9a0 JavaThread "Monitor Deflation Thread"   daemon [_thread_blocked, id=4572, stack(0x000000c953900000,0x000000c953a00000) (1024K)]
=>0x000001f3471c07d0 JavaThread "C2 CompilerThread0"         daemon [_thread_in_native, id=7244, stack(0x000000c953a00000,0x000000c953b00000) (1024K)]
  0x000001f347231600 JavaThread "C1 CompilerThread0"         daemon [_thread_blocked, id=13088, stack(0x000000c953b00000,0x000000c953c00000) (1024K)]
  0x000001f3473902f0 JavaThread "Common-Cleaner"             daemon [_thread_blocked, id=2356, stack(0x000000c953c00000,0x000000c953d00000) (1024K)]
  0x000001f35eaa0200 JavaThread "Notification Thread"        daemon [_thread_blocked, id=2836, stack(0x000000c953d00000,0x000000c953e00000) (1024K)]
  0x000001f363697f80 JavaThread "Active Thread: Equinox Container: 8fb60a78-79a3-4858-a46c-f1c75bcb6d4a"        [_thread_blocked, id=11444, stack(0x000000c953e00000,0x000000c953f00000) (1024K)]
  0x000001f3635d7cc0 JavaThread "Framework Event Dispatcher: Equinox Container: 8fb60a78-79a3-4858-a46c-f1c75bcb6d4a" daemon [_thread_blocked, id=10644, stack(0x000000c954200000,0x000000c954300000) (1024K)]
  0x000001f3635be7f0 JavaThread "Start Level: Equinox Container: 8fb60a78-79a3-4858-a46c-f1c75bcb6d4a" daemon [_thread_blocked, id=3404, stack(0x000000c954300000,0x000000c954400000) (1024K)]
  0x000001f3637c0140 JavaThread "SCR Component Actor"        daemon [_thread_blocked, id=4568, stack(0x000000c954400000,0x000000c954500000) (1024K)]
  0x000001f3637f3f50 JavaThread "Worker-JM"                         [_thread_blocked, id=6248, stack(0x000000c954700000,0x000000c954800000) (1024K)]
  0x000001f35ea55b70 JavaThread "JNA Cleaner"                daemon [_thread_blocked, id=4744, stack(0x000000c954600000,0x000000c954700000) (1024K)]
  0x000001f35ebb4300 JavaThread "Worker-0"                          [_thread_blocked, id=10532, stack(0x000000c954800000,0x000000c954900000) (1024K)]
  0x000001f3634edcd0 JavaThread "Worker-1"                          [_thread_blocked, id=9784, stack(0x000000c954900000,0x000000c954a00000) (1024K)]
  0x000001f3634ee9f0 JavaThread "Thread-2"                   daemon [_thread_in_native, id=8972, stack(0x000000c954a00000,0x000000c954b00000) (1024K)]
  0x000001f3634ef080 JavaThread "Thread-3"                   daemon [_thread_in_native, id=5840, stack(0x000000c954b00000,0x000000c954c00000) (1024K)]
  0x000001f3634ecfb0 JavaThread "Thread-4"                   daemon [_thread_in_native, id=6692, stack(0x000000c954c00000,0x000000c954d00000) (1024K)]
  0x000001f3634ee360 JavaThread "Thread-5"                   daemon [_thread_in_native, id=4412, stack(0x000000c954d00000,0x000000c954e00000) (1024K)]
  0x000001f3634ed640 JavaThread "Thread-6"                   daemon [_thread_in_native, id=11928, stack(0x000000c954e00000,0x000000c954f00000) (1024K)]
  0x000001f3634ef710 JavaThread "pool-2-thread-1"                   [_thread_blocked, id=6260, stack(0x000000c954f00000,0x000000c955000000) (1024K)]
  0x000001f3634efda0 JavaThread "Worker-2"                          [_thread_blocked, id=4956, stack(0x000000c955000000,0x000000c955100000) (1024K)]
  0x000001f3634ec920 JavaThread "WorkspaceEventsHandler"            [_thread_blocked, id=9236, stack(0x000000c955200000,0x000000c955300000) (1024K)]
  0x000001f364de1540 JavaThread "pool-1-thread-1"                   [_thread_blocked, id=7104, stack(0x000000c955300000,0x000000c955400000) (1024K)]
  0x000001f364ddd3a0 JavaThread "ForkJoinPool.commonPool-worker-1" daemon [_thread_blocked, id=11196, stack(0x000000c955400000,0x000000c955500000) (1024K)]
  0x000001f364ddf470 JavaThread "ForkJoinPool.commonPool-worker-2" daemon [_thread_blocked, id=10828, stack(0x000000c955500000,0x000000c955600000) (1024K)]
  0x000001f364dda5b0 JavaThread "ForkJoinPool.commonPool-worker-3" daemon [_thread_blocked, id=4428, stack(0x000000c955600000,0x000000c955700000) (1024K)]
  0x000001f364ddb2d0 JavaThread "LocalFile Deleter"          daemon [_thread_blocked, id=10696, stack(0x000000c955100000,0x000000c955200000) (1024K)]
  0x000001f364ddfb00 JavaThread "LocalFile Deleter"          daemon [_thread_blocked, id=12840, stack(0x000000c955700000,0x000000c955800000) (1024K)]
  0x000001f364de0820 JavaThread "LocalFile Deleter"          daemon [_thread_blocked, id=11012, stack(0x000000c955800000,0x000000c955900000) (1024K)]
  0x000001f364ddb960 JavaThread "LocalFile Deleter"          daemon [_thread_blocked, id=5420, stack(0x000000c955900000,0x000000c955a00000) (1024K)]
  0x000001f364dde0c0 JavaThread "Compiler Source File Reader" daemon [_thread_blocked, id=2848, stack(0x000000c955a00000,0x000000c955b00000) (1024K)]
  0x000001f364ddbff0 JavaThread "Compiler Source File Reader" daemon [_thread_blocked, id=2540, stack(0x000000c955b00000,0x000000c955c00000) (1024K)]
  0x000001f364de0190 JavaThread "Compiler Processing Task"   daemon [_thread_blocked, id=12496, stack(0x000000c955c00000,0x000000c955d00000) (1024K)]
  0x000001f364ddda30 JavaThread "Compiler Class File Writer" daemon [_thread_blocked, id=9532, stack(0x000000c955d00000,0x000000c955e00000) (1024K)]
  0x000001f364ddc680 JavaThread "Compiler Class File Writer" daemon [_thread_blocked, id=13024, stack(0x000000c955e00000,0x000000c955f00000) (1024K)]
  0x000001f364de1bd0 JavaThread "Worker-3"                          [_thread_blocked, id=5676, stack(0x000000c955f00000,0x000000c956000000) (1024K)]
  0x000001f364c6e620 JavaThread "C2 CompilerThread1"         daemon [_thread_blocked, id=12484, stack(0x000000c954500000,0x000000c954600000) (1024K)]
Total: 42

Other Threads:
  0x000001f347196f80 VMThread "VM Thread"                           [id=8568, stack(0x000000c953300000,0x000000c953400000) (1024K)]
  0x000001f3471109d0 WatcherThread "VM Periodic Task Thread"        [id=7724, stack(0x000000c953200000,0x000000c953300000) (1024K)]
  0x000001f3472e4be0 WorkerThread "GC Thread#0"                     [id=10848, stack(0x000000c953100000,0x000000c953200000) (1024K)]
  0x000001f35ebf9dc0 WorkerThread "GC Thread#1"                     [id=8220, stack(0x000000c953f00000,0x000000c954000000) (1024K)]
  0x000001f363330530 WorkerThread "GC Thread#2"                     [id=964, stack(0x000000c954000000,0x000000c954100000) (1024K)]
  0x000001f3633308d0 WorkerThread "GC Thread#3"                     [id=2576, stack(0x000000c954100000,0x000000c954200000) (1024K)]
Total: 6

Threads with active compile tasks:
C2 CompilerThread0  51990 9772       4       org.eclipse.jdt.internal.compiler.lookup.ModuleBinding::getVisiblePackage (472 bytes)
Total: 1

VM state: not at safepoint (normal execution)

VM Mutex/Monitor currently owned by a thread: None

Heap address: 0x0000000080000000, size: 2048 MB, Compressed Oops mode: 32-bit

CDS archive(s) mapped at: [0x000001f300000000-0x000001f300ba0000-0x000001f300ba0000), size 12189696, SharedBaseAddress: 0x000001f300000000, ArchiveRelocationMode: 1.
Compressed class space mapped at: 0x000001f301000000-0x000001f341000000, reserved size: 1073741824
Narrow klass base: 0x000001f300000000, Narrow klass shift: 0, Narrow klass range: 0x100000000

GC Precious Log:
 CardTable entry size: 512
 CPUs: 4 total, 4 available
 Memory: 4095M
 Large Page Support: Disabled
 NUMA Support: Disabled
 Compressed Oops: Enabled (32-bit)
 Alignments: Space 512K, Generation 512K, Heap 2M
 Heap Min Capacity: 100M
 Heap Initial Capacity: 100M
 Heap Max Capacity: 2G
 Pre-touch: Disabled
 Parallel Workers: 4

Heap:
 PSYoungGen      total 21504K, used 7818K [0x00000000d5580000, 0x00000000d6d00000, 0x0000000100000000)
  eden space 19968K, 31% used [0x00000000d5580000,0x00000000d5ba2890,0x00000000d6900000)
  from space 1536K, 100% used [0x00000000d6900000,0x00000000d6a80000,0x00000000d6a80000)
  to   space 2048K, 0% used [0x00000000d6b00000,0x00000000d6b00000,0x00000000d6d00000)
 ParOldGen       total 68608K, used 42585K [0x0000000080000000, 0x0000000084300000, 0x00000000d5580000)
  object space 68608K, 62% used [0x0000000080000000,0x00000000829964f0,0x0000000084300000)
 Metaspace       used 47888K, committed 49088K, reserved 1114112K
  class space    used 4410K, committed 4928K, reserved 1048576K

Card table byte_map: [0x000001f346c80000,0x000001f347090000] _byte_map_base: 0x000001f346880000

Marking Bits: (ParMarkBitMap*) 0x00007fff108131f0
 Begin Bits: [0x000001f359780000, 0x000001f35b780000)
 End Bits:   [0x000001f35b780000, 0x000001f35d780000)

Polling page: 0x000001f345250000

Metaspace:

Usage:
  Non-class:     42.46 MB used.
      Class:      4.31 MB used.
       Both:     46.77 MB used.

Virtual space:
  Non-class space:       64.00 MB reserved,      43.12 MB ( 67%) committed,  1 nodes.
      Class space:        1.00 GB reserved,       4.81 MB ( <1%) committed,  1 nodes.
             Both:        1.06 GB reserved,      47.94 MB (  4%) committed. 

Chunk freelists:
   Non-Class:  4.07 MB
       Class:  11.16 MB
        Both:  15.23 MB

MaxMetaspaceSize: unlimited
CompressedClassSpaceSize: 1.00 GB
Initial GC threshold: 21.00 MB
Current GC threshold: 58.38 MB
CDS: on
 - commit_granule_bytes: 65536.
 - commit_granule_words: 8192.
 - virtual_space_node_default_size: 8388608.
 - enlarge_chunks_in_place: 1.
 - use_allocation_guard: 0.


Internal statistics:

num_allocs_failed_limit: 6.
num_arena_births: 1020.
num_arena_deaths: 68.
num_vsnodes_births: 2.
num_vsnodes_deaths: 0.
num_space_committed: 767.
num_space_uncommitted: 0.
num_chunks_returned_to_freelist: 98.
num_chunks_taken_from_freelist: 3223.
num_chunk_merges: 33.
num_chunk_splits: 1979.
num_chunks_enlarged: 1161.
num_inconsistent_stats: 0.

CodeHeap 'non-profiled nmethods': size=120000Kb used=7477Kb max_used=7477Kb free=112522Kb
 bounds [0x000001f351fa0000, 0x000001f3526f0000, 0x000001f3594d0000]
CodeHeap 'profiled nmethods': size=120000Kb used=23302Kb max_used=23302Kb free=96697Kb
 bounds [0x000001f34a4d0000, 0x000001f34bba0000, 0x000001f351a00000]
CodeHeap 'non-nmethods': size=5760Kb used=1418Kb max_used=1490Kb free=4341Kb
 bounds [0x000001f351a00000, 0x000001f351c70000, 0x000001f351fa0000]
 total_blobs=10138 nmethods=9409 adapters=632
 compilation: enabled
              stopped_count=0, restarted_count=0
 full_count=0

Compilation events (20 events):
Event: 51.747 Thread 0x000001f347231600 9812       3       java.lang.invoke.LambdaForm$MH/0x000001f3014cac00::invoke (45 bytes)
Event: 51.747 Thread 0x000001f347231600 nmethod 9812 0x000001f34bb8d990 code [0x000001f34bb8dbe0, 0x000001f34bb8e620]
Event: 51.750 Thread 0x000001f347231600 9813       3       org.eclipse.jface.text.CopyOnWriteTextStore::getLength (10 bytes)
Event: 51.751 Thread 0x000001f347231600 nmethod 9813 0x000001f34bb8e990 code [0x000001f34bb8eb40, 0x000001f34bb8ed18]
Event: 51.820 Thread 0x000001f347231600 9814       3       org.eclipse.jface.text.AbstractLineTracker$2::nextDelimiterInfo (10 bytes)
Event: 51.820 Thread 0x000001f347231600 nmethod 9814 0x000001f34bb8ee10 code [0x000001f34bb8efc0, 0x000001f34bb8f118]
Event: 51.912 Thread 0x000001f347231600 9816       3       java.lang.invoke.LambdaForm$MH/0x000001f3014c9c00::invoke (42 bytes)
Event: 51.913 Thread 0x000001f347231600 nmethod 9816 0x000001f34bb8f210 code [0x000001f34bb8f4a0, 0x000001f34bb90220]
Event: 51.914 Thread 0x000001f347231600 9817       3       java.lang.invoke.LambdaForm$MH/0x000001f3014ca000::invoke (42 bytes)
Event: 51.914 Thread 0x000001f364c6e620 9781       4       java.lang.invoke.DirectMethodHandle$Holder::invokeStatic (17 bytes)
Event: 51.915 Thread 0x000001f347231600 nmethod 9817 0x000001f34bb90690 code [0x000001f34bb90920, 0x000001f34bb916a0]
Event: 51.916 Thread 0x000001f364c6e620 nmethod 9781 0x000001f3526eb610 code [0x000001f3526eb7a0, 0x000001f3526eb888]
Event: 51.916 Thread 0x000001f364c6e620 9788       4       org.eclipse.core.internal.filesystem.FileStoreUtil::comparePathSegments (34 bytes)
Event: 51.936 Thread 0x000001f364c6e620 nmethod 9788 0x000001f3526eb990 code [0x000001f3526ebbc0, 0x000001f3526ec380]
Event: 51.936 Thread 0x000001f364c6e620 9815       4       org.eclipse.jdt.internal.compiler.parser.Parser::concatGenericsLists (31 bytes)
Event: 51.937 Thread 0x000001f364c6e620 nmethod 9815 0x000001f3526ecc10 code [0x000001f3526ecda0, 0x000001f3526eceb8]
Event: 51.937 Thread 0x000001f364c6e620 9794       4       org.eclipse.jdt.internal.compiler.env.ITypeAnnotationWalker$1::toSupertype (2 bytes)
Event: 51.937 Thread 0x000001f364c6e620 nmethod 9794 0x000001f3526ecf90 code [0x000001f3526ed120, 0x000001f3526ed1a8]
Event: 51.939 Thread 0x000001f364c6e620 9818       4       java.lang.Math::min (12 bytes)
Event: 51.940 Thread 0x000001f364c6e620 nmethod 9818 0x000001f3526ed290 code [0x000001f3526ed400, 0x000001f3526ed470]

GC Heap History (20 events):
Event: 16.419 GC heap before
{Heap before GC invocations=26 (full 2):
 PSYoungGen      total 22016K, used 21973K [0x00000000d5580000, 0x00000000d7080000, 0x0000000100000000)
  eden space 21504K, 99% used [0x00000000d5580000,0x00000000d6a77358,0x00000000d6a80000)
  from space 512K, 98% used [0x00000000d6b80000,0x00000000d6bfe490,0x00000000d6c00000)
  to   space 3072K, 0% used [0x00000000d6d80000,0x00000000d6d80000,0x00000000d7080000)
 ParOldGen       total 68608K, used 31413K [0x0000000080000000, 0x0000000084300000, 0x00000000d5580000)
  object space 68608K, 45% used [0x0000000080000000,0x0000000081ead4b0,0x0000000084300000)
 Metaspace       used 42732K, committed 43840K, reserved 1114112K
  class space    used 4189K, committed 4672K, reserved 1048576K
}
Event: 16.426 GC heap after
{Heap after GC invocations=26 (full 2):
 PSYoungGen      total 23040K, used 3058K [0x00000000d5580000, 0x00000000d7380000, 0x0000000100000000)
  eden space 19968K, 0% used [0x00000000d5580000,0x00000000d5580000,0x00000000d6900000)
  from space 3072K, 99% used [0x00000000d6d80000,0x00000000d707c958,0x00000000d7080000)
  to   space 4608K, 0% used [0x00000000d6900000,0x00000000d6900000,0x00000000d6d80000)
 ParOldGen       total 68608K, used 32505K [0x0000000080000000, 0x0000000084300000, 0x00000000d5580000)
  object space 68608K, 47% used [0x0000000080000000,0x0000000081fbe7c8,0x0000000084300000)
 Metaspace       used 42732K, committed 43840K, reserved 1114112K
  class space    used 4189K, committed 4672K, reserved 1048576K
}
Event: 17.681 GC heap before
{Heap before GC invocations=27 (full 2):
 PSYoungGen      total 23040K, used 23026K [0x00000000d5580000, 0x00000000d7380000, 0x0000000100000000)
  eden space 19968K, 100% used [0x00000000d5580000,0x00000000d6900000,0x00000000d6900000)
  from space 3072K, 99% used [0x00000000d6d80000,0x00000000d707c958,0x00000000d7080000)
  to   space 4608K, 0% used [0x00000000d6900000,0x00000000d6900000,0x00000000d6d80000)
 ParOldGen       total 68608K, used 32505K [0x0000000080000000, 0x0000000084300000, 0x00000000d5580000)
  object space 68608K, 47% used [0x0000000080000000,0x0000000081fbe7c8,0x0000000084300000)
 Metaspace       used 44390K, committed 45504K, reserved 1114112K
  class space    used 4272K, committed 4736K, reserved 1048576K
}
Event: 17.691 GC heap after
{Heap after GC invocations=27 (full 2):
 PSYoungGen      total 23552K, used 3335K [0x00000000d5580000, 0x00000000d7100000, 0x0000000100000000)
  eden space 19968K, 0% used [0x00000000d5580000,0x00000000d5580000,0x00000000d6900000)
  from space 3584K, 93% used [0x00000000d6900000,0x00000000d6c41cd8,0x00000000d6c80000)
  to   space 4096K, 0% used [0x00000000d6d00000,0x00000000d6d00000,0x00000000d7100000)
 ParOldGen       total 68608K, used 35405K [0x0000000080000000, 0x0000000084300000, 0x00000000d5580000)
  object space 68608K, 51% used [0x0000000080000000,0x0000000082293798,0x0000000084300000)
 Metaspace       used 44390K, committed 45504K, reserved 1114112K
  class space    used 4272K, committed 4736K, reserved 1048576K
}
Event: 18.415 GC heap before
{Heap before GC invocations=28 (full 2):
 PSYoungGen      total 23552K, used 23303K [0x00000000d5580000, 0x00000000d7100000, 0x0000000100000000)
  eden space 19968K, 100% used [0x00000000d5580000,0x00000000d6900000,0x00000000d6900000)
  from space 3584K, 93% used [0x00000000d6900000,0x00000000d6c41cd8,0x00000000d6c80000)
  to   space 4096K, 0% used [0x00000000d6d00000,0x00000000d6d00000,0x00000000d7100000)
 ParOldGen       total 68608K, used 35405K [0x0000000080000000, 0x0000000084300000, 0x00000000d5580000)
  object space 68608K, 51% used [0x0000000080000000,0x0000000082293798,0x0000000084300000)
 Metaspace       used 44883K, committed 46016K, reserved 1114112K
  class space    used 4275K, committed 4736K, reserved 1048576K
}
Event: 18.426 GC heap after
{Heap after GC invocations=28 (full 2):
 PSYoungGen      total 20480K, used 352K [0x00000000d5580000, 0x00000000d6d80000, 0x0000000100000000)
  eden space 19968K, 0% used [0x00000000d5580000,0x00000000d5580000,0x00000000d6900000)
  from space 512K, 68% used [0x00000000d6d00000,0x00000000d6d58000,0x00000000d6d80000)
  to   space 1536K, 0% used [0x00000000d6a80000,0x00000000d6a80000,0x00000000d6c00000)
 ParOldGen       total 68608K, used 38400K [0x0000000080000000, 0x0000000084300000, 0x00000000d5580000)
  object space 68608K, 55% used [0x0000000080000000,0x00000000825803d0,0x0000000084300000)
 Metaspace       used 44883K, committed 46016K, reserved 1114112K
  class space    used 4275K, committed 4736K, reserved 1048576K
}
Event: 22.585 GC heap before
{Heap before GC invocations=29 (full 2):
 PSYoungGen      total 20480K, used 20320K [0x00000000d5580000, 0x00000000d6d80000, 0x0000000100000000)
  eden space 19968K, 100% used [0x00000000d5580000,0x00000000d6900000,0x00000000d6900000)
  from space 512K, 68% used [0x00000000d6d00000,0x00000000d6d58000,0x00000000d6d80000)
  to   space 1536K, 0% used [0x00000000d6a80000,0x00000000d6a80000,0x00000000d6c00000)
 ParOldGen       total 68608K, used 38400K [0x0000000080000000, 0x0000000084300000, 0x00000000d5580000)
  object space 68608K, 55% used [0x0000000080000000,0x00000000825803d0,0x0000000084300000)
 Metaspace       used 46104K, committed 47232K, reserved 1114112K
  class space    used 4357K, committed 4864K, reserved 1048576K
}
Event: 22.588 GC heap after
{Heap after GC invocations=29 (full 2):
 PSYoungGen      total 21504K, used 568K [0x00000000d5580000, 0x00000000d6d80000, 0x0000000100000000)
  eden space 19968K, 0% used [0x00000000d5580000,0x00000000d5580000,0x00000000d6900000)
  from space 1536K, 37% used [0x00000000d6a80000,0x00000000d6b0e1a8,0x00000000d6c00000)
  to   space 1024K, 0% used [0x00000000d6c80000,0x00000000d6c80000,0x00000000d6d80000)
 ParOldGen       total 68608K, used 38659K [0x0000000080000000, 0x0000000084300000, 0x00000000d5580000)
  object space 68608K, 56% used [0x0000000080000000,0x00000000825c0c38,0x0000000084300000)
 Metaspace       used 46104K, committed 47232K, reserved 1114112K
  class space    used 4357K, committed 4864K, reserved 1048576K
}
Event: 26.973 GC heap before
{Heap before GC invocations=30 (full 2):
 PSYoungGen      total 21504K, used 20536K [0x00000000d5580000, 0x00000000d6d80000, 0x0000000100000000)
  eden space 19968K, 100% used [0x00000000d5580000,0x00000000d6900000,0x00000000d6900000)
  from space 1536K, 37% used [0x00000000d6a80000,0x00000000d6b0e1a8,0x00000000d6c00000)
  to   space 1024K, 0% used [0x00000000d6c80000,0x00000000d6c80000,0x00000000d6d80000)
 ParOldGen       total 68608K, used 38659K [0x0000000080000000, 0x0000000084300000, 0x00000000d5580000)
  object space 68608K, 56% used [0x0000000080000000,0x00000000825c0c38,0x0000000084300000)
 Metaspace       used 46564K, committed 47744K, reserved 1114112K
  class space    used 4378K, committed 4864K, reserved 1048576K
}
Event: 26.976 GC heap after
{Heap after GC invocations=30 (full 2):
 PSYoungGen      total 20480K, used 272K [0x00000000d5580000, 0x00000000d6d00000, 0x0000000100000000)
  eden space 19968K, 0% used [0x00000000d5580000,0x00000000d5580000,0x00000000d6900000)
  from space 512K, 53% used [0x00000000d6c80000,0x00000000d6cc4160,0x00000000d6d00000)
  to   space 512K, 0% used [0x00000000d6c00000,0x00000000d6c00000,0x00000000d6c80000)
 ParOldGen       total 68608K, used 39101K [0x0000000080000000, 0x0000000084300000, 0x00000000d5580000)
  object space 68608K, 56% used [0x0000000080000000,0x000000008262f4f8,0x0000000084300000)
 Metaspace       used 46564K, committed 47744K, reserved 1114112K
  class space    used 4378K, committed 4864K, reserved 1048576K
}
Event: 32.372 GC heap before
{Heap before GC invocations=31 (full 2):
 PSYoungGen      total 20480K, used 20240K [0x00000000d5580000, 0x00000000d6d00000, 0x0000000100000000)
  eden space 19968K, 99% used [0x00000000d5580000,0x00000000d68ffff8,0x00000000d6900000)
  from space 512K, 53% used [0x00000000d6c80000,0x00000000d6cc4160,0x00000000d6d00000)
  to   space 512K, 0% used [0x00000000d6c00000,0x00000000d6c00000,0x00000000d6c80000)
 ParOldGen       total 68608K, used 39101K [0x0000000080000000, 0x0000000084300000, 0x00000000d5580000)
  object space 68608K, 56% used [0x0000000080000000,0x000000008262f4f8,0x0000000084300000)
 Metaspace       used 46812K, committed 47936K, reserved 1114112K
  class space    used 4384K, committed 4864K, reserved 1048576K
}
Event: 32.374 GC heap after
{Heap after GC invocations=31 (full 2):
 PSYoungGen      total 20480K, used 160K [0x00000000d5580000, 0x00000000d6d00000, 0x0000000100000000)
  eden space 19968K, 0% used [0x00000000d5580000,0x00000000d5580000,0x00000000d6900000)
  from space 512K, 31% used [0x00000000d6c00000,0x00000000d6c28000,0x00000000d6c80000)
  to   space 512K, 0% used [0x00000000d6c80000,0x00000000d6c80000,0x00000000d6d00000)
 ParOldGen       total 68608K, used 39310K [0x0000000080000000, 0x0000000084300000, 0x00000000d5580000)
  object space 68608K, 57% used [0x0000000080000000,0x00000000826638a0,0x0000000084300000)
 Metaspace       used 46812K, committed 47936K, reserved 1114112K
  class space    used 4384K, committed 4864K, reserved 1048576K
}
Event: 36.725 GC heap before
{Heap before GC invocations=32 (full 2):
 PSYoungGen      total 20480K, used 20128K [0x00000000d5580000, 0x00000000d6d00000, 0x0000000100000000)
  eden space 19968K, 100% used [0x00000000d5580000,0x00000000d6900000,0x00000000d6900000)
  from space 512K, 31% used [0x00000000d6c00000,0x00000000d6c28000,0x00000000d6c80000)
  to   space 512K, 0% used [0x00000000d6c80000,0x00000000d6c80000,0x00000000d6d00000)
 ParOldGen       total 68608K, used 39310K [0x0000000080000000, 0x0000000084300000, 0x00000000d5580000)
  object space 68608K, 57% used [0x0000000080000000,0x00000000826638a0,0x0000000084300000)
 Metaspace       used 47024K, committed 48256K, reserved 1114112K
  class space    used 4387K, committed 4928K, reserved 1048576K
}
Event: 36.727 GC heap after
{Heap after GC invocations=32 (full 2):
 PSYoungGen      total 20480K, used 128K [0x00000000d5580000, 0x00000000d6d00000, 0x0000000100000000)
  eden space 19968K, 0% used [0x00000000d5580000,0x00000000d5580000,0x00000000d6900000)
  from space 512K, 25% used [0x00000000d6c80000,0x00000000d6ca0000,0x00000000d6d00000)
  to   space 512K, 0% used [0x00000000d6c00000,0x00000000d6c00000,0x00000000d6c80000)
 ParOldGen       total 68608K, used 39342K [0x0000000080000000, 0x0000000084300000, 0x00000000d5580000)
  object space 68608K, 57% used [0x0000000080000000,0x000000008266b8a0,0x0000000084300000)
 Metaspace       used 47024K, committed 48256K, reserved 1114112K
  class space    used 4387K, committed 4928K, reserved 1048576K
}
Event: 39.805 GC heap before
{Heap before GC invocations=33 (full 2):
 PSYoungGen      total 20480K, used 20096K [0x00000000d5580000, 0x00000000d6d00000, 0x0000000100000000)
  eden space 19968K, 100% used [0x00000000d5580000,0x00000000d6900000,0x00000000d6900000)
  from space 512K, 25% used [0x00000000d6c80000,0x00000000d6ca0000,0x00000000d6d00000)
  to   space 512K, 0% used [0x00000000d6c00000,0x00000000d6c00000,0x00000000d6c80000)
 ParOldGen       total 68608K, used 39342K [0x0000000080000000, 0x0000000084300000, 0x00000000d5580000)
  object space 68608K, 57% used [0x0000000080000000,0x000000008266b8a0,0x0000000084300000)
 Metaspace       used 47291K, committed 48512K, reserved 1114112K
  class space    used 4397K, committed 4928K, reserved 1048576K
}
Event: 39.808 GC heap after
{Heap after GC invocations=33 (full 2):
 PSYoungGen      total 20480K, used 512K [0x00000000d5580000, 0x00000000d6d00000, 0x0000000100000000)
  eden space 19968K, 0% used [0x00000000d5580000,0x00000000d5580000,0x00000000d6900000)
  from space 512K, 100% used [0x00000000d6c00000,0x00000000d6c80000,0x00000000d6c80000)
  to   space 512K, 0% used [0x00000000d6c80000,0x00000000d6c80000,0x00000000d6d00000)
 ParOldGen       total 68608K, used 40211K [0x0000000080000000, 0x0000000084300000, 0x00000000d5580000)
  object space 68608K, 58% used [0x0000000080000000,0x0000000082744d60,0x0000000084300000)
 Metaspace       used 47291K, committed 48512K, reserved 1114112K
  class space    used 4397K, committed 4928K, reserved 1048576K
}
Event: 46.571 GC heap before
{Heap before GC invocations=34 (full 2):
 PSYoungGen      total 20480K, used 20480K [0x00000000d5580000, 0x00000000d6d00000, 0x0000000100000000)
  eden space 19968K, 100% used [0x00000000d5580000,0x00000000d6900000,0x00000000d6900000)
  from space 512K, 100% used [0x00000000d6c00000,0x00000000d6c80000,0x00000000d6c80000)
  to   space 512K, 0% used [0x00000000d6c80000,0x00000000d6c80000,0x00000000d6d00000)
 ParOldGen       total 68608K, used 40211K [0x0000000080000000, 0x0000000084300000, 0x00000000d5580000)
  object space 68608K, 58% used [0x0000000080000000,0x0000000082744d60,0x0000000084300000)
 Metaspace       used 47502K, committed 48704K, reserved 1114112K
  class space    used 4409K, committed 4928K, reserved 1048576K
}
Event: 46.575 GC heap after
{Heap after GC invocations=34 (full 2):
 PSYoungGen      total 20480K, used 496K [0x00000000d5580000, 0x00000000d6f00000, 0x0000000100000000)
  eden space 19968K, 0% used [0x00000000d5580000,0x00000000d5580000,0x00000000d6900000)
  from space 512K, 96% used [0x00000000d6c80000,0x00000000d6cfc010,0x00000000d6d00000)
  to   space 3072K, 0% used [0x00000000d6900000,0x00000000d6900000,0x00000000d6c00000)
 ParOldGen       total 68608K, used 42144K [0x0000000080000000, 0x0000000084300000, 0x00000000d5580000)
  object space 68608K, 61% used [0x0000000080000000,0x0000000082928268,0x0000000084300000)
 Metaspace       used 47502K, committed 48704K, reserved 1114112K
  class space    used 4409K, committed 4928K, reserved 1048576K
}
Event: 51.079 GC heap before
{Heap before GC invocations=35 (full 2):
 PSYoungGen      total 20480K, used 20464K [0x00000000d5580000, 0x00000000d6f00000, 0x0000000100000000)
  eden space 19968K, 100% used [0x00000000d5580000,0x00000000d6900000,0x00000000d6900000)
  from space 512K, 96% used [0x00000000d6c80000,0x00000000d6cfc010,0x00000000d6d00000)
  to   space 3072K, 0% used [0x00000000d6900000,0x00000000d6900000,0x00000000d6c00000)
 ParOldGen       total 68608K, used 42144K [0x0000000080000000, 0x0000000084300000, 0x00000000d5580000)
  object space 68608K, 61% used [0x0000000080000000,0x0000000082928268,0x0000000084300000)
 Metaspace       used 47846K, committed 49088K, reserved 1114112K
  class space    used 4409K, committed 4928K, reserved 1048576K
}
Event: 51.085 GC heap after
{Heap after GC invocations=35 (full 2):
 PSYoungGen      total 21504K, used 1536K [0x00000000d5580000, 0x00000000d6d00000, 0x0000000100000000)
  eden space 19968K, 0% used [0x00000000d5580000,0x00000000d5580000,0x00000000d6900000)
  from space 1536K, 100% used [0x00000000d6900000,0x00000000d6a80000,0x00000000d6a80000)
  to   space 2048K, 0% used [0x00000000d6b00000,0x00000000d6b00000,0x00000000d6d00000)
 ParOldGen       total 68608K, used 42585K [0x0000000080000000, 0x0000000084300000, 0x00000000d5580000)
  object space 68608K, 62% used [0x0000000080000000,0x00000000829964f0,0x0000000084300000)
 Metaspace       used 47846K, committed 49088K, reserved 1114112K
  class space    used 4409K, committed 4928K, reserved 1048576K
}

Dll operation events (10 events):
Event: 0.060 Loaded shared library c:\Users\Administrator\.vscode\extensions\redhat.java-1.43.1-win32-x64\jre\21.0.7-win32-x86_64\bin\java.dll
Event: 0.260 Loaded shared library c:\Users\Administrator\.vscode\extensions\redhat.java-1.43.1-win32-x64\jre\21.0.7-win32-x86_64\bin\zip.dll
Event: 0.755 Loaded shared library C:\Users\Administrator\.vscode\extensions\redhat.java-1.43.1-win32-x64\jre\21.0.7-win32-x86_64\bin\instrument.dll
Event: 0.764 Loaded shared library C:\Users\Administrator\.vscode\extensions\redhat.java-1.43.1-win32-x64\jre\21.0.7-win32-x86_64\bin\net.dll
Event: 0.780 Loaded shared library C:\Users\Administrator\.vscode\extensions\redhat.java-1.43.1-win32-x64\jre\21.0.7-win32-x86_64\bin\nio.dll
Event: 0.785 Loaded shared library C:\Users\Administrator\.vscode\extensions\redhat.java-1.43.1-win32-x64\jre\21.0.7-win32-x86_64\bin\zip.dll
Event: 0.810 Loaded shared library C:\Users\Administrator\.vscode\extensions\redhat.java-1.43.1-win32-x64\jre\21.0.7-win32-x86_64\bin\jimage.dll
Event: 1.023 Loaded shared library c:\Users\Administrator\.vscode\extensions\redhat.java-1.43.1-win32-x64\jre\21.0.7-win32-x86_64\bin\verify.dll
Event: 4.719 Loaded shared library C:\Users\Administrator\AppData\Roaming\Code\User\globalStorage\redhat.java\1.43.1\config_ss_win\org.eclipse.equinox.launcher\org.eclipse.equinox.launcher.win32.win32.x86_64_1.2.1300.v20250331-1702\eclipse_11911.dll
Event: 7.099 Loaded shared library C:\Users\Administrator\AppData\Local\Temp\2\jna-146731693\jna16821213582971619163.dll

Deoptimization events (20 events):
Event: 46.532 Thread 0x000001f364de0190 DEOPT PACKING pc=0x000001f34b95ac8a sp=0x000000c955cfdbb0
Event: 46.532 Thread 0x000001f364de0190 DEOPT UNPACKING pc=0x000001f351a54242 sp=0x000000c955cfd138 mode 0
Event: 46.587 Thread 0x000001f364de0190 DEOPT PACKING pc=0x000001f34b95ac8a sp=0x000000c955cfde90
Event: 46.587 Thread 0x000001f364de0190 DEOPT UNPACKING pc=0x000001f351a54242 sp=0x000000c955cfd418 mode 0
Event: 46.597 Thread 0x000001f364de0190 Uncommon trap: trap_request=0xffffff6e fr.pc=0x000001f3526a092c relative=0x000000000000020c
Event: 46.597 Thread 0x000001f364de0190 Uncommon trap: reason=loop_limit_check action=maybe_recompile pc=0x000001f3526a092c method=org.eclipse.jdt.internal.compiler.lookup.BlockScope.findVariable([C)Lorg/eclipse/jdt/internal/compiler/lookup/LocalVariableBinding; @ 65 c2
Event: 46.597 Thread 0x000001f364de0190 DEOPT PACKING pc=0x000001f3526a092c sp=0x000000c955cfe730
Event: 46.598 Thread 0x000001f364de0190 DEOPT UNPACKING pc=0x000001f351a53aa2 sp=0x000000c955cfe6b0 mode 2
Event: 46.655 Thread 0x000001f364de0190 DEOPT PACKING pc=0x000001f34b9eb81b sp=0x000000c955cfeaf0
Event: 46.655 Thread 0x000001f364de0190 DEOPT UNPACKING pc=0x000001f351a54242 sp=0x000000c955cfdf88 mode 0
Event: 47.981 Thread 0x000001f364ddf470 DEOPT PACKING pc=0x000001f34b95ac8a sp=0x000000c9555fe270
Event: 47.981 Thread 0x000001f364ddf470 DEOPT UNPACKING pc=0x000001f351a54242 sp=0x000000c9555fd7f8 mode 0
Event: 49.633 Thread 0x000001f364ddf470 DEOPT PACKING pc=0x000001f34b28a4dc sp=0x000000c9555fe310
Event: 49.633 Thread 0x000001f364ddf470 DEOPT UNPACKING pc=0x000001f351a54242 sp=0x000000c9555fd788 mode 0
Event: 50.231 Thread 0x000001f364ddf470 DEOPT PACKING pc=0x000001f34b62b041 sp=0x000000c9555fe890
Event: 50.231 Thread 0x000001f364ddf470 DEOPT UNPACKING pc=0x000001f351a54242 sp=0x000000c9555fdd70 mode 0
Event: 50.952 Thread 0x000001f364ddf470 DEOPT PACKING pc=0x000001f34b6ece1c sp=0x000000c9555fe310
Event: 50.952 Thread 0x000001f364ddf470 DEOPT UNPACKING pc=0x000001f351a54242 sp=0x000000c9555fd750 mode 0
Event: 51.707 Thread 0x000001f364ddf470 DEOPT PACKING pc=0x000001f34b71c3cb sp=0x000000c9555fe670
Event: 51.707 Thread 0x000001f364ddf470 DEOPT UNPACKING pc=0x000001f351a54242 sp=0x000000c9555fdb98 mode 0

Classes loaded (20 events):
Event: 16.233 Loading class java/util/concurrent/ConcurrentHashMap$KeySpliterator
Event: 16.233 Loading class java/util/concurrent/ConcurrentHashMap$KeySpliterator done
Event: 16.861 Loading class java/util/concurrent/ConcurrentHashMap$TreeNode
Event: 16.867 Loading class java/util/concurrent/ConcurrentHashMap$TreeNode done
Event: 16.868 Loading class java/util/concurrent/ConcurrentHashMap$TreeBin
Event: 16.868 Loading class java/util/concurrent/ConcurrentHashMap$TreeBin done
Event: 22.137 Loading class java/util/Collections$SynchronizedRandomAccessList
Event: 22.137 Loading class java/util/Collections$SynchronizedList
Event: 22.137 Loading class java/util/Collections$SynchronizedList done
Event: 22.137 Loading class java/util/Collections$SynchronizedRandomAccessList done
Event: 22.149 Loading class java/util/regex/PatternSyntaxException
Event: 22.153 Loading class java/util/regex/PatternSyntaxException done
Event: 22.423 Loading class java/util/stream/DistinctOps
Event: 22.424 Loading class java/util/stream/DistinctOps done
Event: 22.424 Loading class java/util/stream/DistinctOps$1
Event: 22.424 Loading class java/util/stream/DistinctOps$1 done
Event: 22.427 Loading class java/util/stream/DistinctOps$1$2
Event: 22.428 Loading class java/util/stream/DistinctOps$1$2 done
Event: 24.476 Loading class java/util/concurrent/CompletionException
Event: 24.476 Loading class java/util/concurrent/CompletionException done

Classes unloaded (20 events):
Event: 13.460 Thread 0x000001f347196f80 Unloading class 0x000001f301388c00 'java/lang/invoke/LambdaForm$MH+0x000001f301388c00'
Event: 13.460 Thread 0x000001f347196f80 Unloading class 0x000001f301388800 'java/lang/invoke/LambdaForm$MH+0x000001f301388800'
Event: 13.460 Thread 0x000001f347196f80 Unloading class 0x000001f301388000 'java/lang/invoke/LambdaForm$MH+0x000001f301388000'
Event: 13.460 Thread 0x000001f347196f80 Unloading class 0x000001f301383c00 'java/lang/invoke/LambdaForm$MH+0x000001f301383c00'
Event: 13.460 Thread 0x000001f347196f80 Unloading class 0x000001f301383400 'java/lang/invoke/LambdaForm$MH+0x000001f301383400'
Event: 13.460 Thread 0x000001f347196f80 Unloading class 0x000001f301383000 'java/lang/invoke/LambdaForm$MH+0x000001f301383000'
Event: 13.460 Thread 0x000001f347196f80 Unloading class 0x000001f301382c00 'java/lang/invoke/LambdaForm$DMH+0x000001f301382c00'
Event: 13.460 Thread 0x000001f347196f80 Unloading class 0x000001f301382800 'java/lang/invoke/LambdaForm$DMH+0x000001f301382800'
Event: 13.460 Thread 0x000001f347196f80 Unloading class 0x000001f301381c00 'java/lang/invoke/LambdaForm$MH+0x000001f301381c00'
Event: 13.460 Thread 0x000001f347196f80 Unloading class 0x000001f301381400 'java/lang/invoke/LambdaForm$MH+0x000001f301381400'
Event: 13.460 Thread 0x000001f347196f80 Unloading class 0x000001f30137b800 'java/lang/invoke/LambdaForm$MH+0x000001f30137b800'
Event: 13.460 Thread 0x000001f347196f80 Unloading class 0x000001f30137b000 'java/lang/invoke/LambdaForm$MH+0x000001f30137b000'
Event: 13.460 Thread 0x000001f347196f80 Unloading class 0x000001f30137ac00 'java/lang/invoke/LambdaForm$MH+0x000001f30137ac00'
Event: 13.460 Thread 0x000001f347196f80 Unloading class 0x000001f30137a800 'java/lang/invoke/LambdaForm$MH+0x000001f30137a800'
Event: 13.460 Thread 0x000001f347196f80 Unloading class 0x000001f30137a000 'java/lang/invoke/LambdaForm$MH+0x000001f30137a000'
Event: 13.460 Thread 0x000001f347196f80 Unloading class 0x000001f301379c00 'java/lang/invoke/LambdaForm$MH+0x000001f301379c00'
Event: 13.460 Thread 0x000001f347196f80 Unloading class 0x000001f301379400 'java/lang/invoke/LambdaForm$MH+0x000001f301379400'
Event: 13.460 Thread 0x000001f347196f80 Unloading class 0x000001f301379000 'java/lang/invoke/LambdaForm$MH+0x000001f301379000'
Event: 13.460 Thread 0x000001f347196f80 Unloading class 0x000001f301378c00 'java/lang/invoke/LambdaForm$MH+0x000001f301378c00'
Event: 13.460 Thread 0x000001f347196f80 Unloading class 0x000001f301378400 'java/lang/invoke/LambdaForm$DMH+0x000001f301378400'

Classes redefined (0 events):
No events

Internal exceptions (20 events):
Event: 25.143 Thread 0x000001f35ebb4300 Exception <a 'java/lang/ArrayIndexOutOfBoundsException'{0x00000000d5f61210}> (0x00000000d5f61210) 
thrown [s\src\hotspot\share\runtime\sharedRuntime.cpp, line 625]
Event: 25.302 Thread 0x000001f364de1bd0 Exception <a 'java/lang/ArrayIndexOutOfBoundsException'{0x00000000d5fe41f8}> (0x00000000d5fe41f8) 
thrown [s\src\hotspot\share\runtime\sharedRuntime.cpp, line 625]
Event: 25.395 Thread 0x000001f364ddf470 Exception <a 'java/lang/ArrayIndexOutOfBoundsException'{0x00000000d6100380}> (0x00000000d6100380) 
thrown [s\src\hotspot\share\runtime\sharedRuntime.cpp, line 625]
Event: 25.488 Thread 0x000001f364ddf470 Exception <a 'java/lang/ArrayIndexOutOfBoundsException'{0x00000000d62e3100}> (0x00000000d62e3100) 
thrown [s\src\hotspot\share\runtime\sharedRuntime.cpp, line 625]
Event: 25.648 Thread 0x000001f3634efda0 Exception <a 'java/lang/ArrayIndexOutOfBoundsException'{0x00000000d640c690}> (0x00000000d640c690) 
thrown [s\src\hotspot\share\runtime\sharedRuntime.cpp, line 625]
Event: 25.855 Thread 0x000001f35ebb4300 Exception <a 'java/lang/ArrayIndexOutOfBoundsException'{0x00000000d646f1e8}> (0x00000000d646f1e8) 
thrown [s\src\hotspot\share\runtime\sharedRuntime.cpp, line 625]
Event: 27.098 Thread 0x000001f364de1bd0 Exception <a 'java/lang/ArrayIndexOutOfBoundsException'{0x00000000d55dbfe8}: Index 954 out of bounds for length 954> (0x00000000d55dbfe8) 
thrown [s\src\hotspot\share\interpreter\interpreterRuntime.cpp, line 439]
Event: 27.154 Thread 0x000001f3634efda0 Exception <a 'java/lang/ArrayIndexOutOfBoundsException'{0x00000000d5654d48}: Index 971 out of bounds for length 971> (0x00000000d5654d48) 
thrown [s\src\hotspot\share\interpreter\interpreterRuntime.cpp, line 439]
Event: 28.345 Thread 0x000001f3634edcd0 Exception <a 'java/lang/ArrayIndexOutOfBoundsException'{0x00000000d5a06398}: Index 1198 out of bounds for length 1198> (0x00000000d5a06398) 
thrown [s\src\hotspot\share\interpreter\interpreterRuntime.cpp, line 439]
Event: 28.525 Thread 0x000001f3634efda0 Exception <a 'java/lang/ArrayIndexOutOfBoundsException'{0x00000000d5ae49d8}: Index 1299 out of bounds for length 1299> (0x00000000d5ae49d8) 
thrown [s\src\hotspot\share\interpreter\interpreterRuntime.cpp, line 439]
Event: 28.949 Thread 0x000001f364de1bd0 Exception <a 'java/lang/ArrayIndexOutOfBoundsException'{0x00000000d5bf0828}: Index 1535 out of bounds for length 1535> (0x00000000d5bf0828) 
thrown [s\src\hotspot\share\interpreter\interpreterRuntime.cpp, line 439]
Event: 46.436 Thread 0x000001f35ebb4300 Exception <a 'sun/nio/fs/WindowsException'{0x00000000d624b610}> (0x00000000d624b610) 
thrown [s\src\hotspot\share\prims\jni.cpp, line 520]
Event: 46.437 Thread 0x000001f364ddb960 Exception <a 'sun/nio/fs/WindowsException'{0x00000000d6250628}> (0x00000000d6250628) 
thrown [s\src\hotspot\share\prims\jni.cpp, line 520]
Event: 46.437 Thread 0x000001f364ddb960 Exception <a 'sun/nio/fs/WindowsException'{0x00000000d6253ab0}> (0x00000000d6253ab0) 
thrown [s\src\hotspot\share\prims\jni.cpp, line 520]
Event: 46.439 Thread 0x000001f364ddb960 Exception <a 'sun/nio/fs/WindowsException'{0x00000000d6256a70}> (0x00000000d6256a70) 
thrown [s\src\hotspot\share\prims\jni.cpp, line 520]
Event: 46.441 Thread 0x000001f364ddb960 Exception <a 'sun/nio/fs/WindowsException'{0x00000000d6258950}> (0x00000000d6258950) 
thrown [s\src\hotspot\share\prims\jni.cpp, line 520]
Event: 46.441 Thread 0x000001f364ddb2d0 Exception <a 'sun/nio/fs/WindowsException'{0x00000000d625a630}> (0x00000000d625a630) 
thrown [s\src\hotspot\share\prims\jni.cpp, line 520]
Event: 46.443 Thread 0x000001f364de0820 Exception <a 'sun/nio/fs/WindowsException'{0x00000000d626b030}> (0x00000000d626b030) 
thrown [s\src\hotspot\share\prims\jni.cpp, line 520]
Event: 46.791 Thread 0x000001f35ebb4300 Exception <a 'sun/nio/fs/WindowsException'{0x00000000d5a84530}> (0x00000000d5a84530) 
thrown [s\src\hotspot\share\prims\jni.cpp, line 520]
Event: 46.791 Thread 0x000001f35ebb4300 Exception <a 'sun/nio/fs/WindowsException'{0x00000000d5a84b60}> (0x00000000d5a84b60) 
thrown [s\src\hotspot\share\prims\jni.cpp, line 520]

ZGC Phase Switch (0 events):
No events

VM Operations (20 events):
Event: 37.727 Executing VM operation: Cleanup
Event: 37.727 Executing VM operation: Cleanup done
Event: 38.743 Executing VM operation: Cleanup
Event: 38.743 Executing VM operation: Cleanup done
Event: 39.743 Executing VM operation: Cleanup
Event: 39.743 Executing VM operation: Cleanup done
Event: 39.805 Executing VM operation: ParallelGCFailedAllocation (Allocation Failure)
Event: 39.808 Executing VM operation: ParallelGCFailedAllocation (Allocation Failure) done
Event: 41.809 Executing VM operation: Cleanup
Event: 41.809 Executing VM operation: Cleanup done
Event: 46.571 Executing VM operation: ParallelGCFailedAllocation (Allocation Failure)
Event: 46.575 Executing VM operation: ParallelGCFailedAllocation (Allocation Failure) done
Event: 47.575 Executing VM operation: Cleanup
Event: 47.576 Executing VM operation: Cleanup done
Event: 49.577 Executing VM operation: Cleanup
Event: 49.577 Executing VM operation: Cleanup done
Event: 50.577 Executing VM operation: Cleanup
Event: 50.577 Executing VM operation: Cleanup done
Event: 51.079 Executing VM operation: ParallelGCFailedAllocation (Allocation Failure)
Event: 51.085 Executing VM operation: ParallelGCFailedAllocation (Allocation Failure) done

Memory protections (0 events):
No events

Nmethod flushes (20 events):
Event: 13.473 Thread 0x000001f347196f80 flushing  nmethod 0x000001f34a815310
Event: 13.473 Thread 0x000001f347196f80 flushing  nmethod 0x000001f34a815610
Event: 13.473 Thread 0x000001f347196f80 flushing  nmethod 0x000001f34a82d110
Event: 13.473 Thread 0x000001f347196f80 flushing  nmethod 0x000001f34a86d390
Event: 13.473 Thread 0x000001f347196f80 flushing  nmethod 0x000001f34a8fd510
Event: 13.473 Thread 0x000001f347196f80 flushing  nmethod 0x000001f34a8fd990
Event: 13.473 Thread 0x000001f347196f80 flushing  nmethod 0x000001f34a901390
Event: 13.473 Thread 0x000001f347196f80 flushing  nmethod 0x000001f34a92c390
Event: 13.473 Thread 0x000001f347196f80 flushing  nmethod 0x000001f34a92cd90
Event: 13.473 Thread 0x000001f347196f80 flushing  nmethod 0x000001f34a932990
Event: 13.473 Thread 0x000001f347196f80 flushing  nmethod 0x000001f34a94e010
Event: 13.473 Thread 0x000001f347196f80 flushing  nmethod 0x000001f34a950d10
Event: 13.473 Thread 0x000001f347196f80 flushing  nmethod 0x000001f34a951590
Event: 13.473 Thread 0x000001f347196f80 flushing  nmethod 0x000001f34a97b090
Event: 13.473 Thread 0x000001f347196f80 flushing  nmethod 0x000001f34a9a2210
Event: 13.473 Thread 0x000001f347196f80 flushing  nmethod 0x000001f34a9a9410
Event: 13.473 Thread 0x000001f347196f80 flushing  nmethod 0x000001f34a9b7090
Event: 13.473 Thread 0x000001f347196f80 flushing  nmethod 0x000001f34a9b9a90
Event: 13.473 Thread 0x000001f347196f80 flushing  nmethod 0x000001f34a9ba510
Event: 13.473 Thread 0x000001f347196f80 flushing  nmethod 0x000001f34a9bb410

Events (20 events):
Event: 27.286 Thread 0x000001f370314010 Thread exited: 0x000001f370314010
Event: 27.597 Thread 0x000001f347231600 Thread added: 0x000001f370314010
Event: 28.266 Thread 0x000001f370314010 Thread exited: 0x000001f370314010
Event: 28.953 Thread 0x000001f347231600 Thread added: 0x000001f370314010
Event: 29.144 Thread 0x000001f370314010 Thread exited: 0x000001f370314010
Event: 29.297 Thread 0x000001f347231600 Thread added: 0x000001f364c6ecf0
Event: 29.888 Thread 0x000001f364c6ecf0 Thread exited: 0x000001f364c6ecf0
Event: 32.583 Thread 0x000001f347231600 Thread added: 0x000001f364c6bd40
Event: 33.123 Thread 0x000001f364c6bd40 Thread exited: 0x000001f364c6bd40
Event: 39.486 Thread 0x000001f347231600 Thread added: 0x000001f364c6e620
Event: 40.287 Thread 0x000001f364c6e620 Thread exited: 0x000001f364c6e620
Event: 41.408 Thread 0x000001f347231600 Thread added: 0x000001f364c6bd40
Event: 46.164 Thread 0x000001f364c6bd40 Thread exited: 0x000001f364c6bd40
Event: 46.490 Thread 0x000001f347231600 Thread added: 0x000001f364c6cae0
Event: 46.962 Thread 0x000001f364c6cae0 Thread exited: 0x000001f364c6cae0
Event: 49.644 Thread 0x000001f347231600 Thread added: 0x000001f364c6cae0
Event: 50.182 Thread 0x000001f364c6cae0 Thread exited: 0x000001f364c6cae0
Event: 51.224 Thread 0x000001f347231600 Thread added: 0x000001f364c6e620
Event: 51.404 Thread 0x000001f364c6e620 Thread exited: 0x000001f364c6e620
Event: 51.914 Thread 0x000001f347231600 Thread added: 0x000001f364c6e620


Dynamic libraries:
0x00007ff74ac20000 - 0x00007ff74ac2e000 	c:\Users\Administrator\.vscode\extensions\redhat.java-1.43.1-win32-x64\jre\21.0.7-win32-x86_64\bin\java.exe
0x00007fff35270000 - 0x00007fff35470000 	C:\Windows\SYSTEM32\ntdll.dll
0x00007fff34e10000 - 0x00007fff34ecc000 	C:\Windows\System32\KERNEL32.DLL
0x00007fff32b10000 - 0x00007fff32e6f000 	C:\Windows\System32\KERNELBASE.dll
0x00007fff330b0000 - 0x00007fff331c0000 	C:\Windows\System32\ucrtbase.dll
0x00007fff28480000 - 0x00007fff28498000 	c:\Users\Administrator\.vscode\extensions\redhat.java-1.43.1-win32-x64\jre\21.0.7-win32-x86_64\bin\jli.dll
0x00007fff35050000 - 0x00007fff351f5000 	C:\Windows\System32\USER32.dll
0x00007fff33010000 - 0x00007fff33036000 	C:\Windows\System32\win32u.dll
0x00007fff35200000 - 0x00007fff3522b000 	C:\Windows\System32\GDI32.dll
0x00007fff32ef0000 - 0x00007fff33001000 	C:\Windows\System32\gdi32full.dll
0x00007fff32850000 - 0x00007fff328f0000 	C:\Windows\System32\msvcp_win.dll
0x00007fff21ef0000 - 0x00007fff21f0e000 	c:\Users\Administrator\.vscode\extensions\redhat.java-1.43.1-win32-x64\jre\21.0.7-win32-x86_64\bin\VCRUNTIME140.dll
0x00007fff1cef0000 - 0x00007fff1d195000 	C:\Windows\WinSxS\amd64_microsoft.windows.common-controls_6595b64144ccf1df_6.0.20348.1_none_88d3d41d702dedea\COMCTL32.dll
0x00007fff33860000 - 0x00007fff33903000 	C:\Windows\System32\msvcrt.dll
0x00007fff34900000 - 0x00007fff34931000 	C:\Windows\System32\IMM32.DLL
0x00007fff28470000 - 0x00007fff2847c000 	c:\Users\Administrator\.vscode\extensions\redhat.java-1.43.1-win32-x64\jre\21.0.7-win32-x86_64\bin\vcruntime140_1.dll
0x00007fff1e910000 - 0x00007fff1e99d000 	c:\Users\Administrator\.vscode\extensions\redhat.java-1.43.1-win32-x64\jre\21.0.7-win32-x86_64\bin\msvcp140.dll
0x00007fff0fb60000 - 0x00007fff108f0000 	c:\Users\Administrator\.vscode\extensions\redhat.java-1.43.1-win32-x64\jre\21.0.7-win32-x86_64\bin\server\jvm.dll
0x00007fff33920000 - 0x00007fff339cc000 	C:\Windows\System32\ADVAPI32.dll
0x00007fff34d00000 - 0x00007fff34d9e000 	C:\Windows\System32\sechost.dll
0x00007fff34be0000 - 0x00007fff34cff000 	C:\Windows\System32\RPCRT4.dll
0x00007fff33fd0000 - 0x00007fff34041000 	C:\Windows\System32\WS2_32.dll
0x00007fff32720000 - 0x00007fff3276d000 	C:\Windows\SYSTEM32\POWRPROF.dll
0x00007fff11a20000 - 0x00007fff11a47000 	C:\Windows\SYSTEM32\WINMM.dll
0x00007fff29cb0000 - 0x00007fff29cba000 	C:\Windows\SYSTEM32\VERSION.dll
0x00007fff32700000 - 0x00007fff32713000 	C:\Windows\SYSTEM32\UMPDC.dll
0x00007fff31240000 - 0x00007fff31257000 	C:\Windows\SYSTEM32\kernel.appcore.dll
0x00007fff22e50000 - 0x00007fff22e5a000 	c:\Users\Administrator\.vscode\extensions\redhat.java-1.43.1-win32-x64\jre\21.0.7-win32-x86_64\bin\jimage.dll
0x00007fff23ae0000 - 0x00007fff23cf2000 	C:\Windows\SYSTEM32\DBGHELP.DLL
0x00007fff23a10000 - 0x00007fff23a40000 	C:\Windows\SYSTEM32\dbgcore.DLL
0x00007fff32e70000 - 0x00007fff32eee000 	C:\Windows\System32\bcryptPrimitives.dll
0x00007fff28780000 - 0x00007fff2878f000 	c:\Users\Administrator\.vscode\extensions\redhat.java-1.43.1-win32-x64\jre\21.0.7-win32-x86_64\bin\instrument.dll
0x00007fff21ed0000 - 0x00007fff21eef000 	c:\Users\Administrator\.vscode\extensions\redhat.java-1.43.1-win32-x64\jre\21.0.7-win32-x86_64\bin\java.dll
0x00007fff341a0000 - 0x00007fff348fa000 	C:\Windows\System32\SHELL32.dll
0x00007fff257f0000 - 0x00007fff26035000 	C:\Windows\SYSTEM32\windows.storage.dll
0x00007fff33270000 - 0x00007fff335e1000 	C:\Windows\System32\combase.dll
0x00007fff33ee0000 - 0x00007fff33fcb000 	C:\Windows\System32\SHCORE.dll
0x00007fff34db0000 - 0x00007fff34e0f000 	C:\Windows\System32\shlwapi.dll
0x00007fff32780000 - 0x00007fff327a1000 	C:\Windows\SYSTEM32\profapi.dll
0x00007fff21eb0000 - 0x00007fff21ec8000 	c:\Users\Administrator\.vscode\extensions\redhat.java-1.43.1-win32-x64\jre\21.0.7-win32-x86_64\bin\zip.dll
0x00007fff22dc0000 - 0x00007fff22dd0000 	C:\Users\Administrator\.vscode\extensions\redhat.java-1.43.1-win32-x64\jre\21.0.7-win32-x86_64\bin\net.dll
0x00007fff2a9b0000 - 0x00007fff2aab2000 	C:\Windows\SYSTEM32\WINHTTP.dll
0x00007fff31d70000 - 0x00007fff31dd8000 	C:\Windows\system32\mswsock.dll
0x00007fff21e30000 - 0x00007fff21e46000 	C:\Users\Administrator\.vscode\extensions\redhat.java-1.43.1-win32-x64\jre\21.0.7-win32-x86_64\bin\nio.dll
0x00007fff221b0000 - 0x00007fff221c0000 	c:\Users\Administrator\.vscode\extensions\redhat.java-1.43.1-win32-x64\jre\21.0.7-win32-x86_64\bin\verify.dll
0x00007fff1d5c0000 - 0x00007fff1d605000 	C:\Users\Administrator\AppData\Roaming\Code\User\globalStorage\redhat.java\1.43.1\config_ss_win\org.eclipse.equinox.launcher\org.eclipse.equinox.launcher.win32.win32.x86_64_1.2.1300.v20250331-1702\eclipse_11911.dll
0x00007fff33700000 - 0x00007fff33835000 	C:\Windows\System32\ole32.dll
0x00007fff31fc0000 - 0x00007fff31fd8000 	C:\Windows\SYSTEM32\CRYPTSP.dll
0x00007fff31900000 - 0x00007fff31935000 	C:\Windows\system32\rsaenh.dll
0x00007fff31e60000 - 0x00007fff31e8e000 	C:\Windows\SYSTEM32\USERENV.dll
0x00007fff32100000 - 0x00007fff32127000 	C:\Windows\SYSTEM32\bcrypt.dll
0x00007fff31fb0000 - 0x00007fff31fbc000 	C:\Windows\SYSTEM32\CRYPTBASE.dll
0x00007fff31ad0000 - 0x00007fff31afd000 	C:\Windows\SYSTEM32\IPHLPAPI.DLL
0x00007fff34da0000 - 0x00007fff34da9000 	C:\Windows\System32\NSI.dll
0x00007fff1d570000 - 0x00007fff1d5b9000 	C:\Users\Administrator\AppData\Local\Temp\2\jna-146731693\jna16821213582971619163.dll
0x00007fff33910000 - 0x00007fff33918000 	C:\Windows\System32\PSAPI.DLL
0x00007fff2c3e0000 - 0x00007fff2c3f9000 	C:\Windows\SYSTEM32\dhcpcsvc6.DLL
0x00007fff2c3c0000 - 0x00007fff2c3dd000 	C:\Windows\SYSTEM32\dhcpcsvc.DLL

dbghelp: loaded successfully - version: 4.0.5 - missing functions: none
symbol engine: initialized successfully - sym options: 0x614 - pdb path: .;c:\Users\Administrator\.vscode\extensions\redhat.java-1.43.1-win32-x64\jre\21.0.7-win32-x86_64\bin;C:\Windows\SYSTEM32;C:\Windows\WinSxS\amd64_microsoft.windows.common-controls_6595b64144ccf1df_6.0.20348.1_none_88d3d41d702dedea;c:\Users\Administrator\.vscode\extensions\redhat.java-1.43.1-win32-x64\jre\21.0.7-win32-x86_64\bin\server;C:\Users\Administrator\AppData\Roaming\Code\User\globalStorage\redhat.java\1.43.1\config_ss_win\org.eclipse.equinox.launcher\org.eclipse.equinox.launcher.win32.win32.x86_64_1.2.1300.v20250331-1702;C:\Users\Administrator\AppData\Local\Temp\2\jna-146731693

VM Arguments:
jvm_args: --add-modules=ALL-SYSTEM --add-opens=java.base/java.util=ALL-UNNAMED --add-opens=java.base/java.lang=ALL-UNNAMED --add-opens=java.base/sun.nio.fs=ALL-UNNAMED -Declipse.application=org.eclipse.jdt.ls.core.id1 -Dosgi.bundles.defaultStartLevel=4 -Declipse.product=org.eclipse.jdt.ls.core.product -Djava.import.generatesMetadataFilesAtProjectRoot=false -DDetectVMInstallationsJob.disabled=true -Dfile.encoding=utf8 -XX:+UseParallelGC -XX:GCTimeRatio=4 -XX:AdaptiveSizePolicyWeight=90 -Dsun.zip.disableMemoryMapping=true -Xmx2G -Xms100m -Xlog:disable -javaagent:c:\Users\Administrator\.vscode\extensions\redhat.java-1.43.1-win32-x64\lombok\lombok-1.18.39-4050.jar 
java_command: c:\Users\Administrator\.vscode\extensions\redhat.java-1.43.1-win32-x64\server\plugins\org.eclipse.equinox.launcher_1.7.0.v20250519-0528.jar -configuration c:\Users\Administrator\AppData\Roaming\Code\User\globalStorage\redhat.java\1.43.1\config_ss_win -data c:\Users\Administrator\AppData\Roaming\Code\User\workspaceStorage\34ce6cadecba1fb2d5a0478fb1fb3966\redhat.java\ss_ws --pipe=\\.\pipe\lsp-a0c52d0e725042d453924d8bdcafbf41-sock
java_class_path (initial): c:\Users\Administrator\.vscode\extensions\redhat.java-1.43.1-win32-x64\server\plugins\org.eclipse.equinox.launcher_1.7.0.v20250519-0528.jar
Launcher Type: SUN_STANDARD

[Global flags]
    uintx AdaptiveSizePolicyWeight                 = 90                                        {product} {command line}
     intx CICompilerCount                          = 3                                         {product} {ergonomic}
    uintx GCTimeRatio                              = 4                                         {product} {command line}
   size_t InitialHeapSize                          = 104857600                                 {product} {command line}
   size_t MaxHeapSize                              = 2147483648                                {product} {command line}
   size_t MaxNewSize                               = 715653120                                 {product} {ergonomic}
   size_t MinHeapDeltaBytes                        = 524288                                    {product} {ergonomic}
   size_t MinHeapSize                              = 104857600                                 {product} {command line}
   size_t NewSize                                  = 34603008                                  {product} {ergonomic}
    uintx NonNMethodCodeHeapSize                   = 5832780                                {pd product} {ergonomic}
    uintx NonProfiledCodeHeapSize                  = 122912730                              {pd product} {ergonomic}
   size_t OldSize                                  = 70254592                                  {product} {ergonomic}
    uintx ProfiledCodeHeapSize                     = 122912730                              {pd product} {ergonomic}
    uintx ReservedCodeCacheSize                    = 251658240                              {pd product} {ergonomic}
     bool SegmentedCodeCache                       = true                                      {product} {ergonomic}
   size_t SoftMaxHeapSize                          = 2147483648                             {manageable} {ergonomic}
     bool UseCompressedOops                        = true                           {product lp64_product} {ergonomic}
     bool UseLargePagesIndividualAllocation        = false                                  {pd product} {ergonomic}
     bool UseParallelGC                            = true                                      {product} {command line}

Logging:
Log output configuration:
 #0: stdout all=off uptime,level,tags foldmultilines=false
 #1: stderr all=off uptime,level,tags foldmultilines=false

Environment Variables:
JAVA_HOME=C:\Program Files\Zulu\zulu-21
PATH=C:\Windows\system32;C:\Windows;C:\Windows\System32\Wbem;C:\Windows\System32\WindowsPowerShell\v1.0\;C:\Windows\System32\OpenSSH\;C:\Program Files\Git\cmd;C:\Program Files\nodejs\;C:\Program Files\Bandizip\;C:\Users\Administrator\Downloads\gradle-9.0.0-rc-3-all\gradle-9.0.0-rc-3\bin;C:\Program Files\Zulu\zulu-21\bin;C:\Users\Administrator\AppData\Local\Microsoft\WindowsApps;C:\Users\Administrator\AppData\Local\Programs\Microsoft VS Code\bin;C:\Users\Administrator\AppData\Roaming\npm;C:\Program Files\Zulu\zulu-21\bin;
USERNAME=Administrator
OS=Windows_NT
PROCESSOR_IDENTIFIER=Intel64 Family 6 Model 62 Stepping 4, GenuineIntel
TMP=C:\Users\ADMINI~1\AppData\Local\Temp\2
TEMP=C:\Users\ADMINI~1\AppData\Local\Temp\2




Periodic native trim disabled

---------------  S Y S T E M  ---------------

OS:
 Windows Server 2022 , 64 bit Build 20348 (10.0.20348.143)
OS uptime: 0 days 2:03 hours
KVM virtualization detected

CPU: total 4 (initial active 4) (4 cores per cpu, 1 threads per core) family 6 model 62 stepping 4 microcode 0x42e, cx8, cmov, fxsr, mmx, sse, sse2, sse3, ssse3, sse4.1, sse4.2, popcnt, tsc, avx, aes, erms, clmul, vzeroupper, clflush, hv, rdtscp, f16c
Processor Information for the first 4 processors :
  Max Mhz: 3300, Current Mhz: 3300, Mhz Limit: 3300

Memory: 4k page, system-wide physical 4095M (1231M free)
TotalPageFile size 7935M (AvailPageFile size 5M)
current process WorkingSet (physical memory assigned to process): 237M, peak: 262M
current process commit charge ("private bytes"): 324M, peak: 355M

vm_info: OpenJDK 64-Bit Server VM (21.0.7+6-LTS) for windows-amd64 JRE (21.0.7+6-LTS), built on 2025-04-15T00:00:00Z by "admin" with MS VC++ 17.7 (VS2022)

END.
