#
# There is insufficient memory for the Java Runtime Environment to continue.
# Native memory allocation (malloc) failed to allocate 32744 bytes. Error detail: Chunk::new
# Possible reasons:
#   The system is out of physical RAM or swap space
#   This process is running with CompressedOops enabled, and the Java Heap may be blocking the growth of the native heap
# Possible solutions:
#   Reduce memory load on the system
#   Increase physical memory or swap space
#   Check if swap backing store is full
#   Decrease Java heap size (-Xmx/-Xms)
#   Decrease number of Java threads
#   Decrease Java thread stack sizes (-Xss)
#   Set larger code cache with -XX:ReservedCodeCacheSize=
#   JVM is running with Unscaled Compressed Oops mode in which the Java heap is
#     placed in the first 4GB address space. The Java Heap base address is the
#     maximum limit for the native heap growth. Please use -XX:HeapBaseMinAddress
#     to set the Java Heap base and to place the Java Heap above 4GB virtual address.
# This output file may be truncated or incomplete.
#
#  Out of Memory Error (arena.cpp:168), pid=2476, tid=11896
#
# JRE version: OpenJDK Runtime Environment Temurin-21.0.7+6 (21.0.7+6) (build 21.0.7+6-LTS)
# Java VM: OpenJDK 64-Bit Server VM Temurin-21.0.7+6 (21.0.7+6-LTS, mixed mode, sharing, tiered, compressed oops, compressed class ptrs, parallel gc, windows-amd64)
# Core dump will be written. Default location: c:\Users\Administrator\Desktop\repos\Virtual-Camera\hs_err_pid2476.mdmp
#

---------------  S U M M A R Y ------------

Command Line: --add-modules=ALL-SYSTEM --add-opens=java.base/java.util=ALL-UNNAMED --add-opens=java.base/java.lang=ALL-UNNAMED --add-opens=java.base/sun.nio.fs=ALL-UNNAMED -Declipse.application=org.eclipse.jdt.ls.core.id1 -Dosgi.bundles.defaultStartLevel=4 -Declipse.product=org.eclipse.jdt.ls.core.product -Djava.import.generatesMetadataFilesAtProjectRoot=false -DDetectVMInstallationsJob.disabled=true -Dfile.encoding=utf8 -XX:+UseParallelGC -XX:GCTimeRatio=4 -XX:AdaptiveSizePolicyWeight=90 -Dsun.zip.disableMemoryMapping=true -Xmx2G -Xms100m -Xlog:disable -javaagent:c:\Users\Administrator\.vscode\extensions\redhat.java-1.43.1-win32-x64\lombok\lombok-1.18.39-4050.jar c:\Users\Administrator\.vscode\extensions\redhat.java-1.43.1-win32-x64\server\plugins\org.eclipse.equinox.launcher_1.7.0.v20250519-0528.jar -configuration c:\Users\Administrator\AppData\Roaming\Code\User\globalStorage\redhat.java\1.43.1\config_ss_win -data c:\Users\Administrator\AppData\Roaming\Code\User\workspaceStorage\34ce6cadecba1fb2d5a0478fb1fb3966\redhat.java\ss_ws --pipe=\\.\pipe\lsp-d38681f89cd66dbab00df702e903618a-sock

Host: Intel(R) Xeon(R) CPU E5-2667 v2 @ 3.30GHz, 4 cores, 3G,  Windows Server 2022 , 64 bit Build 20348 (10.0.20348.143)
Time: Sun Jul 20 16:58:46 2025  Windows Server 2022 , 64 bit Build 20348 (10.0.20348.143) elapsed time: 133.900274 seconds (0d 0h 2m 13s)

---------------  T H R E A D  ---------------

Current thread (0x000001bffd530de0):  JavaThread "C2 CompilerThread0" daemon [_thread_in_native, id=11896, stack(0x00000023daa00000,0x00000023dab00000) (1024K)]


Current CompileTask:
C2:133900 7564       4       org.eclipse.jdt.internal.compiler.parser.Parser::consumeRule (7748 bytes)

Stack: [0x00000023daa00000,0x00000023dab00000]
Native frames: (J=compiled Java code, j=interpreted, Vv=VM code, C=native code)
V  [jvm.dll+0x6ce119]
V  [jvm.dll+0x8a84a1]
V  [jvm.dll+0x8aa9ce]
V  [jvm.dll+0x8ab0b3]
V  [jvm.dll+0x27f8a6]
V  [jvm.dll+0xc507d]
V  [jvm.dll+0xc55b3]
V  [jvm.dll+0x6aa7a6]
V  [jvm.dll+0x8cbc8]
V  [jvm.dll+0x39420a]
V  [jvm.dll+0x391c8e]
V  [jvm.dll+0x1cb0d6]
V  [jvm.dll+0x2f1e7c]
V  [jvm.dll+0x6e8562]
V  [jvm.dll+0x6e0553]
V  [jvm.dll+0x6dfc6e]
V  [jvm.dll+0x6ddd5c]
V  [jvm.dll+0x1ca64c]
V  [jvm.dll+0x246c3e]
V  [jvm.dll+0x1c760e]
V  [jvm.dll+0x25695a]
V  [jvm.dll+0x254efa]
V  [jvm.dll+0x3f03f6]
V  [jvm.dll+0x851f6b]
V  [jvm.dll+0x6cc7dd]
C  [ucrtbase.dll+0x26b4c]
C  [KERNEL32.DLL+0x14ed0]
C  [ntdll.dll+0x7e20b]


---------------  P R O C E S S  ---------------

Threads class SMR info:
_java_thread_list=0x000001bfff813bb0, length=30, elements={
0x000001bff7d48b10, 0x000001bffd522eb0, 0x000001bffd5246e0, 0x000001bffd52e0c0,
0x000001bffd52eb10, 0x000001bffd52f560, 0x000001bffd52ffb0, 0x000001bffd530de0,
0x000001bffd5a32e0, 0x000001bffe303f90, 0x000001bffe4911a0, 0x000001bffe885b50,
0x000001bffd55be80, 0x000001bffec3e420, 0x000001bffea18ff0, 0x000001bfff03b620,
0x000001bffe31eae0, 0x000001bffed4c420, 0x000001bffef954b0, 0x000001bffef961d0,
0x000001bffef95b40, 0x000001bffef96860, 0x000001bffef96ef0, 0x000001bffef94e20,
0x000001bffef97580, 0x000001bffef94100, 0x000001bffef94790, 0x000001bfd8af58c0,
0x000001bfd8af86b0, 0x000001bfd8af4ba0
}

Java Threads: ( => current thread )
  0x000001bff7d48b10 JavaThread "main"                              [_thread_blocked, id=12648, stack(0x00000023da000000,0x00000023da100000) (1024K)]
  0x000001bffd522eb0 JavaThread "Reference Handler"          daemon [_thread_blocked, id=7660, stack(0x00000023da400000,0x00000023da500000) (1024K)]
  0x000001bffd5246e0 JavaThread "Finalizer"                  daemon [_thread_blocked, id=11660, stack(0x00000023da500000,0x00000023da600000) (1024K)]
  0x000001bffd52e0c0 JavaThread "Signal Dispatcher"          daemon [_thread_blocked, id=5440, stack(0x00000023da600000,0x00000023da700000) (1024K)]
  0x000001bffd52eb10 JavaThread "Attach Listener"            daemon [_thread_blocked, id=10660, stack(0x00000023da700000,0x00000023da800000) (1024K)]
  0x000001bffd52f560 JavaThread "Service Thread"             daemon [_thread_blocked, id=11128, stack(0x00000023da800000,0x00000023da900000) (1024K)]
  0x000001bffd52ffb0 JavaThread "Monitor Deflation Thread"   daemon [_thread_blocked, id=11180, stack(0x00000023da900000,0x00000023daa00000) (1024K)]
=>0x000001bffd530de0 JavaThread "C2 CompilerThread0"         daemon [_thread_in_native, id=11896, stack(0x00000023daa00000,0x00000023dab00000) (1024K)]
  0x000001bffd5a32e0 JavaThread "C1 CompilerThread0"         daemon [_thread_blocked, id=156, stack(0x00000023dab00000,0x00000023dac00000) (1024K)]
  0x000001bffe303f90 JavaThread "Common-Cleaner"             daemon [_thread_blocked, id=11088, stack(0x00000023dac00000,0x00000023dad00000) (1024K)]
  0x000001bffe4911a0 JavaThread "Notification Thread"        daemon [_thread_blocked, id=9568, stack(0x00000023dad00000,0x00000023dae00000) (1024K)]
  0x000001bffe885b50 JavaThread "Active Thread: Equinox Container: 0966292f-e256-42c6-8fb2-2ee91ce659b4"        [_thread_blocked, id=8660, stack(0x00000023db200000,0x00000023db300000) (1024K)]
  0x000001bffd55be80 JavaThread "Framework Event Dispatcher: Equinox Container: 0966292f-e256-42c6-8fb2-2ee91ce659b4" daemon [_thread_blocked, id=11880, stack(0x00000023dae00000,0x00000023daf00000) (1024K)]
  0x000001bffec3e420 JavaThread "Start Level: Equinox Container: 0966292f-e256-42c6-8fb2-2ee91ce659b4" daemon [_thread_blocked, id=12080, stack(0x00000023db300000,0x00000023db400000) (1024K)]
  0x000001bffea18ff0 JavaThread "SCR Component Actor"        daemon [_thread_blocked, id=12768, stack(0x00000023db400000,0x00000023db500000) (1024K)]
  0x000001bfff03b620 JavaThread "Worker-JM"                         [_thread_blocked, id=968, stack(0x00000023db600000,0x00000023db700000) (1024K)]
  0x000001bffe31eae0 JavaThread "JNA Cleaner"                daemon [_thread_blocked, id=11712, stack(0x00000023db700000,0x00000023db800000) (1024K)]
  0x000001bffed4c420 JavaThread "Worker-0"                          [_thread_blocked, id=4660, stack(0x00000023db800000,0x00000023db900000) (1024K)]
  0x000001bffef954b0 JavaThread "Worker-1"                          [_thread_blocked, id=11964, stack(0x00000023db900000,0x00000023dba00000) (1024K)]
  0x000001bffef961d0 JavaThread "Thread-2"                   daemon [_thread_in_native, id=10932, stack(0x00000023dbb00000,0x00000023dbc00000) (1024K)]
  0x000001bffef95b40 JavaThread "Thread-3"                   daemon [_thread_in_native, id=7940, stack(0x00000023dbc00000,0x00000023dbd00000) (1024K)]
  0x000001bffef96860 JavaThread "Thread-4"                   daemon [_thread_in_native, id=13008, stack(0x00000023dbd00000,0x00000023dbe00000) (1024K)]
  0x000001bffef96ef0 JavaThread "Thread-5"                   daemon [_thread_in_native, id=9872, stack(0x00000023dbe00000,0x00000023dbf00000) (1024K)]
  0x000001bffef94e20 JavaThread "Thread-6"                   daemon [_thread_in_native, id=11808, stack(0x00000023dbf00000,0x00000023dc000000) (1024K)]
  0x000001bffef97580 JavaThread "pool-2-thread-1"                   [_thread_blocked, id=9084, stack(0x00000023dc000000,0x00000023dc100000) (1024K)]
  0x000001bffef94100 JavaThread "Worker-2"                          [_thread_blocked, id=12032, stack(0x00000023dc100000,0x00000023dc200000) (1024K)]
  0x000001bffef94790 JavaThread "WorkspaceEventsHandler"            [_thread_blocked, id=9880, stack(0x00000023dc200000,0x00000023dc300000) (1024K)]
  0x000001bfd8af58c0 JavaThread "pool-1-thread-1"                   [_thread_blocked, id=8380, stack(0x00000023dc300000,0x00000023dc400000) (1024K)]
  0x000001bfd8af86b0 JavaThread "ForkJoinPool.commonPool-worker-1" daemon [_thread_blocked, id=4088, stack(0x00000023d9e00000,0x00000023d9f00000) (1024K)]
  0x000001bfd8af4ba0 JavaThread "ForkJoinPool.commonPool-worker-2" daemon [_thread_blocked, id=7400, stack(0x00000023d9f00000,0x00000023da000000) (1024K)]
Total: 30

Other Threads:
  0x000001bffd505da0 VMThread "VM Thread"                           [id=9380, stack(0x00000023da300000,0x00000023da400000) (1024K)]
  0x000001bffd4809d0 WatcherThread "VM Periodic Task Thread"        [id=10212, stack(0x00000023da200000,0x00000023da300000) (1024K)]
  0x000001bff7d658c0 WorkerThread "GC Thread#0"                     [id=13296, stack(0x00000023da100000,0x00000023da200000) (1024K)]
  0x000001bffeb85f70 WorkerThread "GC Thread#1"                     [id=4908, stack(0x00000023daf00000,0x00000023db000000) (1024K)]
  0x000001bffe902c90 WorkerThread "GC Thread#2"                     [id=11136, stack(0x00000023db000000,0x00000023db100000) (1024K)]
  0x000001bffe903030 WorkerThread "GC Thread#3"                     [id=776, stack(0x00000023db100000,0x00000023db200000) (1024K)]
Total: 6

Threads with active compile tasks:
C2 CompilerThread0  134023 7564       4       org.eclipse.jdt.internal.compiler.parser.Parser::consumeRule (7748 bytes)
Total: 1

VM state: not at safepoint (normal execution)

VM Mutex/Monitor currently owned by a thread: None

Heap address: 0x0000000080000000, size: 2048 MB, Compressed Oops mode: 32-bit

CDS archive(s) mapped at: [0x000001bf93000000-0x000001bf93ba0000-0x000001bf93ba0000), size 12189696, SharedBaseAddress: 0x000001bf93000000, ArchiveRelocationMode: 1.
Compressed class space mapped at: 0x000001bf94000000-0x000001bfd4000000, reserved size: 1073741824
Narrow klass base: 0x000001bf93000000, Narrow klass shift: 0, Narrow klass range: 0x100000000

GC Precious Log:
 CardTable entry size: 512
 CPUs: 4 total, 4 available
 Memory: 4095M
 Large Page Support: Disabled
 NUMA Support: Disabled
 Compressed Oops: Enabled (32-bit)
 Alignments: Space 512K, Generation 512K, Heap 2M
 Heap Min Capacity: 100M
 Heap Initial Capacity: 100M
 Heap Max Capacity: 2G
 Pre-touch: Disabled
 Parallel Workers: 4

Heap:
 PSYoungGen      total 22016K, used 17833K [0x00000000d5580000, 0x00000000d6c80000, 0x0000000100000000)
  eden space 20992K, 81% used [0x00000000d5580000,0x00000000d662de28,0x00000000d6a00000)
  from space 1024K, 73% used [0x00000000d6b80000,0x00000000d6c3c7b0,0x00000000d6c80000)
  to   space 1024K, 0% used [0x00000000d6a00000,0x00000000d6a00000,0x00000000d6b00000)
 ParOldGen       total 68608K, used 32007K [0x0000000080000000, 0x0000000084300000, 0x00000000d5580000)
  object space 68608K, 46% used [0x0000000080000000,0x0000000081f41ea0,0x0000000084300000)
 Metaspace       used 43228K, committed 44288K, reserved 1114112K
  class space    used 4104K, committed 4544K, reserved 1048576K

Card table byte_map: [0x000001bffc910000,0x000001bffcd20000] _byte_map_base: 0x000001bffc510000

Marking Bits: (ParMarkBitMap*) 0x00007fff108131f0
 Begin Bits: [0x000001bf8f000000, 0x000001bf91000000)
 End Bits:   [0x000001bf91000000, 0x000001bf93000000)

Polling page: 0x000001bffc700000

Metaspace:

Usage:
  Non-class:     38.21 MB used.
      Class:      4.01 MB used.
       Both:     42.22 MB used.

Virtual space:
  Non-class space:       64.00 MB reserved,      38.81 MB ( 61%) committed,  1 nodes.
      Class space:        1.00 GB reserved,       4.44 MB ( <1%) committed,  1 nodes.
             Both:        1.06 GB reserved,      43.25 MB (  4%) committed. 

Chunk freelists:
   Non-Class:  8.88 MB
       Class:  11.44 MB
        Both:  20.32 MB

MaxMetaspaceSize: unlimited
CompressedClassSpaceSize: 1.00 GB
Initial GC threshold: 21.00 MB
Current GC threshold: 58.38 MB
CDS: on
 - commit_granule_bytes: 65536.
 - commit_granule_words: 8192.
 - virtual_space_node_default_size: 8388608.
 - enlarge_chunks_in_place: 1.
 - use_allocation_guard: 0.


Internal statistics:

num_allocs_failed_limit: 6.
num_arena_births: 872.
num_arena_deaths: 14.
num_vsnodes_births: 2.
num_vsnodes_deaths: 0.
num_space_committed: 692.
num_space_uncommitted: 0.
num_chunks_returned_to_freelist: 20.
num_chunks_taken_from_freelist: 2747.
num_chunk_merges: 10.
num_chunk_splits: 1733.
num_chunks_enlarged: 1058.
num_inconsistent_stats: 0.

CodeHeap 'non-profiled nmethods': size=120000Kb used=4795Kb max_used=4795Kb free=115205Kb
 bounds [0x000001bf87ad0000, 0x000001bf87f80000, 0x000001bf8f000000]
CodeHeap 'profiled nmethods': size=120000Kb used=17469Kb max_used=17469Kb free=102530Kb
 bounds [0x000001bf80000000, 0x000001bf81110000, 0x000001bf87530000]
CodeHeap 'non-nmethods': size=5760Kb used=1405Kb max_used=1450Kb free=4354Kb
 bounds [0x000001bf87530000, 0x000001bf877a0000, 0x000001bf87ad0000]
 total_blobs=7900 nmethods=7193 adapters=612
 compilation: disabled (not enough contiguous free space left)
              stopped_count=1, restarted_count=0
 full_count=1

Compilation events (20 events):
Event: 133.877 Thread 0x000001bffd5a32e0 7588       3       org.eclipse.jdt.internal.compiler.lookup.TypeSystem$HashedParameterizedTypes$PTBKey::swapUnresolved (143 bytes)
Event: 133.878 Thread 0x000001bffd5a32e0 nmethod 7588 0x000001bf8110aa10 code [0x000001bf8110ac80, 0x000001bf8110b868]
Event: 133.878 Thread 0x000001bffd5a32e0 7591       3       org.eclipse.jdt.internal.compiler.lookup.ParameterizedTypeBinding::isRawSubstitution (5 bytes)
Event: 133.879 Thread 0x000001bffd5a32e0 nmethod 7591 0x000001bf8110bc90 code [0x000001bf8110be40, 0x000001bf8110c0b0]
Event: 133.879 Thread 0x000001bffd5a32e0 7592       3       org.eclipse.jdt.internal.compiler.lookup.LookupEnvironment::normalizeWildcardBound (55 bytes)
Event: 133.879 Thread 0x000001bffd5a32e0 nmethod 7592 0x000001bf8110c190 code [0x000001bf8110c360, 0x000001bf8110c7e0]
Event: 133.879 Thread 0x000001bffd5a32e0 7593       3       java.util.stream.Streams$ConcatSpliterator::forEachRemaining (28 bytes)
Event: 133.879 Thread 0x000001bffd5a32e0 nmethod 7593 0x000001bf8110c910 code [0x000001bf8110cae0, 0x000001bf8110cdd0]
Event: 133.880 Thread 0x000001bffd5a32e0 7594       3       org.eclipse.jdt.internal.compiler.lookup.UnresolvedReferenceBinding::resolve (281 bytes)
Event: 133.881 Thread 0x000001bffd5a32e0 nmethod 7594 0x000001bf8110cf10 code [0x000001bf8110d220, 0x000001bf8110e2e0]
Event: 133.881 Thread 0x000001bffd5a32e0 7595       3       org.eclipse.jdt.internal.compiler.env.NameEnvironmentAnswer::<init> (20 bytes)
Event: 133.881 Thread 0x000001bffd5a32e0 nmethod 7595 0x000001bf8110e890 code [0x000001bf8110ea40, 0x000001bf8110ebe8]
Event: 133.881 Thread 0x000001bffd5a32e0 7596       3       org.eclipse.jdt.internal.compiler.Compiler::accept (52 bytes)
Event: 133.882 Thread 0x000001bffd5a32e0 nmethod 7596 0x000001bf8110ec90 code [0x000001bf8110ee80, 0x000001bf8110f228]
Event: 133.882 Thread 0x000001bffd5a32e0 7597       1       org.eclipse.jdt.internal.compiler.classfmt.ClassFileReader::getInterfaceNames (5 bytes)
Event: 133.882 Thread 0x000001bffd5a32e0 nmethod 7597 0x000001bf87f7d190 code [0x000001bf87f7d320, 0x000001bf87f7d3e8]
Event: 133.883 Thread 0x000001bffd5a32e0 7598       3       org.eclipse.jdt.internal.compiler.ast.Expression::getDirectBinding (166 bytes)
Event: 133.883 Thread 0x000001bffd5a32e0 nmethod 7598 0x000001bf87f7d490 code [0x000001bf87f7d740, 0x000001bf87f7e950]
Event: 133.883 Thread 0x000001bffd5a32e0 7599       3       org.eclipse.jdt.internal.compiler.lookup.Scope::findExactMethod (263 bytes)
Event: 133.886 Thread 0x000001bffd5a32e0 


GC Heap History (20 events):
Event: 61.468 GC heap before
{Heap before GC invocations=19 (full 1):
 PSYoungGen      total 22528K, used 22186K [0x00000000d5580000, 0x00000000d6e00000, 0x0000000100000000)
  eden space 20992K, 98% used [0x00000000d5580000,0x00000000d69bfd88,0x00000000d6a00000)
  from space 1536K, 94% used [0x00000000d6b00000,0x00000000d6c6aa78,0x00000000d6c80000)
  to   space 1536K, 0% used [0x00000000d6c80000,0x00000000d6c80000,0x00000000d6e00000)
 ParOldGen       total 68608K, used 27597K [0x0000000080000000, 0x0000000084300000, 0x00000000d5580000)
  object space 68608K, 40% used [0x0000000080000000,0x0000000081af36b8,0x0000000084300000)
 Metaspace       used 34881K, committed 35840K, reserved 1114112K
  class space    used 3451K, committed 3904K, reserved 1048576K
}
Event: 61.472 GC heap after
{Heap after GC invocations=19 (full 1):
 PSYoungGen      total 22016K, used 581K [0x00000000d5580000, 0x00000000d6d80000, 0x0000000100000000)
  eden space 20992K, 0% used [0x00000000d5580000,0x00000000d5580000,0x00000000d6a00000)
  from space 1024K, 56% used [0x00000000d6c80000,0x00000000d6d11558,0x00000000d6d80000)
  to   space 1024K, 0% used [0x00000000d6b80000,0x00000000d6b80000,0x00000000d6c80000)
 ParOldGen       total 68608K, used 28886K [0x0000000080000000, 0x0000000084300000, 0x00000000d5580000)
  object space 68608K, 42% used [0x0000000080000000,0x0000000081c35860,0x0000000084300000)
 Metaspace       used 34881K, committed 35840K, reserved 1114112K
  class space    used 3451K, committed 3904K, reserved 1048576K
}
Event: 61.472 GC heap before
{Heap before GC invocations=20 (full 2):
 PSYoungGen      total 22016K, used 581K [0x00000000d5580000, 0x00000000d6d80000, 0x0000000100000000)
  eden space 20992K, 0% used [0x00000000d5580000,0x00000000d5580000,0x00000000d6a00000)
  from space 1024K, 56% used [0x00000000d6c80000,0x00000000d6d11558,0x00000000d6d80000)
  to   space 1024K, 0% used [0x00000000d6b80000,0x00000000d6b80000,0x00000000d6c80000)
 ParOldGen       total 68608K, used 28886K [0x0000000080000000, 0x0000000084300000, 0x00000000d5580000)
  object space 68608K, 42% used [0x0000000080000000,0x0000000081c35860,0x0000000084300000)
 Metaspace       used 34881K, committed 35840K, reserved 1114112K
  class space    used 3451K, committed 3904K, reserved 1048576K
}
Event: 61.556 GC heap after
{Heap after GC invocations=20 (full 2):
 PSYoungGen      total 22016K, used 0K [0x00000000d5580000, 0x00000000d6d80000, 0x0000000100000000)
  eden space 20992K, 0% used [0x00000000d5580000,0x00000000d5580000,0x00000000d6a00000)
  from space 1024K, 0% used [0x00000000d6c80000,0x00000000d6c80000,0x00000000d6d80000)
  to   space 1024K, 0% used [0x00000000d6b80000,0x00000000d6b80000,0x00000000d6c80000)
 ParOldGen       total 68608K, used 28263K [0x0000000080000000, 0x0000000084300000, 0x00000000d5580000)
  object space 68608K, 41% used [0x0000000080000000,0x0000000081b99e38,0x0000000084300000)
 Metaspace       used 34881K, committed 35840K, reserved 1114112K
  class space    used 3451K, committed 3904K, reserved 1048576K
}
Event: 62.248 GC heap before
{Heap before GC invocations=21 (full 2):
 PSYoungGen      total 22016K, used 20992K [0x00000000d5580000, 0x00000000d6d80000, 0x0000000100000000)
  eden space 20992K, 100% used [0x00000000d5580000,0x00000000d6a00000,0x00000000d6a00000)
  from space 1024K, 0% used [0x00000000d6c80000,0x00000000d6c80000,0x00000000d6d80000)
  to   space 1024K, 0% used [0x00000000d6b80000,0x00000000d6b80000,0x00000000d6c80000)
 ParOldGen       total 68608K, used 28263K [0x0000000080000000, 0x0000000084300000, 0x00000000d5580000)
  object space 68608K, 41% used [0x0000000080000000,0x0000000081b99e38,0x0000000084300000)
 Metaspace       used 36220K, committed 37248K, reserved 1114112K
  class space    used 3565K, committed 4032K, reserved 1048576K
}
Event: 62.249 GC heap after
{Heap after GC invocations=21 (full 2):
 PSYoungGen      total 22016K, used 938K [0x00000000d5580000, 0x00000000d6d00000, 0x0000000100000000)
  eden space 20992K, 0% used [0x00000000d5580000,0x00000000d5580000,0x00000000d6a00000)
  from space 1024K, 91% used [0x00000000d6b80000,0x00000000d6c6a960,0x00000000d6c80000)
  to   space 512K, 0% used [0x00000000d6c80000,0x00000000d6c80000,0x00000000d6d00000)
 ParOldGen       total 68608K, used 28271K [0x0000000080000000, 0x0000000084300000, 0x00000000d5580000)
  object space 68608K, 41% used [0x0000000080000000,0x0000000081b9be38,0x0000000084300000)
 Metaspace       used 36220K, committed 37248K, reserved 1114112K
  class space    used 3565K, committed 4032K, reserved 1048576K
}
Event: 62.349 GC heap before
{Heap before GC invocations=22 (full 2):
 PSYoungGen      total 22016K, used 21930K [0x00000000d5580000, 0x00000000d6d00000, 0x0000000100000000)
  eden space 20992K, 100% used [0x00000000d5580000,0x00000000d6a00000,0x00000000d6a00000)
  from space 1024K, 91% used [0x00000000d6b80000,0x00000000d6c6a960,0x00000000d6c80000)
  to   space 512K, 0% used [0x00000000d6c80000,0x00000000d6c80000,0x00000000d6d00000)
 ParOldGen       total 68608K, used 28271K [0x0000000080000000, 0x0000000084300000, 0x00000000d5580000)
  object space 68608K, 41% used [0x0000000080000000,0x0000000081b9be38,0x0000000084300000)
 Metaspace       used 36247K, committed 37312K, reserved 1114112K
  class space    used 3565K, committed 4032K, reserved 1048576K
}
Event: 62.351 GC heap after
{Heap after GC invocations=22 (full 2):
 PSYoungGen      total 21504K, used 502K [0x00000000d5580000, 0x00000000d6d00000, 0x0000000100000000)
  eden space 20992K, 0% used [0x00000000d5580000,0x00000000d5580000,0x00000000d6a00000)
  from space 512K, 98% used [0x00000000d6c80000,0x00000000d6cfd848,0x00000000d6d00000)
  to   space 1536K, 0% used [0x00000000d6a00000,0x00000000d6a00000,0x00000000d6b80000)
 ParOldGen       total 68608K, used 29023K [0x0000000080000000, 0x0000000084300000, 0x00000000d5580000)
  object space 68608K, 42% used [0x0000000080000000,0x0000000081c57eb8,0x0000000084300000)
 Metaspace       used 36247K, committed 37312K, reserved 1114112K
  class space    used 3565K, committed 4032K, reserved 1048576K
}
Event: 63.919 GC heap before
{Heap before GC invocations=23 (full 2):
 PSYoungGen      total 21504K, used 21487K [0x00000000d5580000, 0x00000000d6d00000, 0x0000000100000000)
  eden space 20992K, 99% used [0x00000000d5580000,0x00000000d69fe4c8,0x00000000d6a00000)
  from space 512K, 98% used [0x00000000d6c80000,0x00000000d6cfd848,0x00000000d6d00000)
  to   space 1536K, 0% used [0x00000000d6a00000,0x00000000d6a00000,0x00000000d6b80000)
 ParOldGen       total 68608K, used 29023K [0x0000000080000000, 0x0000000084300000, 0x00000000d5580000)
  object space 68608K, 42% used [0x0000000080000000,0x0000000081c57eb8,0x0000000084300000)
 Metaspace       used 38326K, committed 39360K, reserved 1114112K
  class space    used 3759K, committed 4224K, reserved 1048576K
}
Event: 63.921 GC heap after
{Heap after GC invocations=23 (full 2):
 PSYoungGen      total 22528K, used 445K [0x00000000d5580000, 0x00000000d6d00000, 0x0000000100000000)
  eden space 20992K, 0% used [0x00000000d5580000,0x00000000d5580000,0x00000000d6a00000)
  from space 1536K, 28% used [0x00000000d6a00000,0x00000000d6a6f500,0x00000000d6b80000)
  to   space 1024K, 0% used [0x00000000d6c00000,0x00000000d6c00000,0x00000000d6d00000)
 ParOldGen       total 68608K, used 29135K [0x0000000080000000, 0x0000000084300000, 0x00000000d5580000)
  object space 68608K, 42% used [0x0000000080000000,0x0000000081c73eb8,0x0000000084300000)
 Metaspace       used 38326K, committed 39360K, reserved 1114112K
  class space    used 3759K, committed 4224K, reserved 1048576K
}
Event: 65.713 GC heap before
{Heap before GC invocations=24 (full 2):
 PSYoungGen      total 22528K, used 21437K [0x00000000d5580000, 0x00000000d6d00000, 0x0000000100000000)
  eden space 20992K, 100% used [0x00000000d5580000,0x00000000d6a00000,0x00000000d6a00000)
  from space 1536K, 28% used [0x00000000d6a00000,0x00000000d6a6f500,0x00000000d6b80000)
  to   space 1024K, 0% used [0x00000000d6c00000,0x00000000d6c00000,0x00000000d6d00000)
 ParOldGen       total 68608K, used 29135K [0x0000000080000000, 0x0000000084300000, 0x00000000d5580000)
  object space 68608K, 42% used [0x0000000080000000,0x0000000081c73eb8,0x0000000084300000)
 Metaspace       used 40216K, committed 41216K, reserved 1114112K
  class space    used 3943K, committed 4352K, reserved 1048576K
}
Event: 65.716 GC heap after
{Heap after GC invocations=24 (full 2):
 PSYoungGen      total 22016K, used 1005K [0x00000000d5580000, 0x00000000d6e00000, 0x0000000100000000)
  eden space 20992K, 0% used [0x00000000d5580000,0x00000000d5580000,0x00000000d6a00000)
  from space 1024K, 98% used [0x00000000d6c00000,0x00000000d6cfb408,0x00000000d6d00000)
  to   space 2048K, 0% used [0x00000000d6a00000,0x00000000d6a00000,0x00000000d6c00000)
 ParOldGen       total 68608K, used 29775K [0x0000000080000000, 0x0000000084300000, 0x00000000d5580000)
  object space 68608K, 43% used [0x0000000080000000,0x0000000081d13ec8,0x0000000084300000)
 Metaspace       used 40216K, committed 41216K, reserved 1114112K
  class space    used 3943K, committed 4352K, reserved 1048576K
}
Event: 68.363 GC heap before
{Heap before GC invocations=25 (full 2):
 PSYoungGen      total 22016K, used 21997K [0x00000000d5580000, 0x00000000d6e00000, 0x0000000100000000)
  eden space 20992K, 100% used [0x00000000d5580000,0x00000000d6a00000,0x00000000d6a00000)
  from space 1024K, 98% used [0x00000000d6c00000,0x00000000d6cfb408,0x00000000d6d00000)
  to   space 2048K, 0% used [0x00000000d6a00000,0x00000000d6a00000,0x00000000d6c00000)
 ParOldGen       total 68608K, used 29775K [0x0000000080000000, 0x0000000084300000, 0x00000000d5580000)
  object space 68608K, 43% used [0x0000000080000000,0x0000000081d13ec8,0x0000000084300000)
 Metaspace       used 41188K, committed 42176K, reserved 1114112K
  class space    used 4036K, committed 4480K, reserved 1048576K
}
Event: 68.368 GC heap after
{Heap after GC invocations=25 (full 2):
 PSYoungGen      total 22016K, used 982K [0x00000000d5580000, 0x00000000d6d00000, 0x0000000100000000)
  eden space 20992K, 0% used [0x00000000d5580000,0x00000000d5580000,0x00000000d6a00000)
  from space 1024K, 95% used [0x00000000d6a00000,0x00000000d6af5b60,0x00000000d6b00000)
  to   space 1536K, 0% used [0x00000000d6b80000,0x00000000d6b80000,0x00000000d6d00000)
 ParOldGen       total 68608K, used 30628K [0x0000000080000000, 0x0000000084300000, 0x00000000d5580000)
  object space 68608K, 44% used [0x0000000080000000,0x0000000081de9358,0x0000000084300000)
 Metaspace       used 41188K, committed 42176K, reserved 1114112K
  class space    used 4036K, committed 4480K, reserved 1048576K
}
Event: 70.941 GC heap before
{Heap before GC invocations=26 (full 2):
 PSYoungGen      total 22016K, used 21974K [0x00000000d5580000, 0x00000000d6d00000, 0x0000000100000000)
  eden space 20992K, 100% used [0x00000000d5580000,0x00000000d6a00000,0x00000000d6a00000)
  from space 1024K, 95% used [0x00000000d6a00000,0x00000000d6af5b60,0x00000000d6b00000)
  to   space 1536K, 0% used [0x00000000d6b80000,0x00000000d6b80000,0x00000000d6d00000)
 ParOldGen       total 68608K, used 30628K [0x0000000080000000, 0x0000000084300000, 0x00000000d5580000)
  object space 68608K, 44% used [0x0000000080000000,0x0000000081de9358,0x0000000084300000)
 Metaspace       used 41886K, committed 42944K, reserved 1114112K
  class space    used 4050K, committed 4544K, reserved 1048576K
}
Event: 70.945 GC heap after
{Heap after GC invocations=26 (full 2):
 PSYoungGen      total 21504K, used 256K [0x00000000d5580000, 0x00000000d6c00000, 0x0000000100000000)
  eden space 20992K, 0% used [0x00000000d5580000,0x00000000d5580000,0x00000000d6a00000)
  from space 512K, 50% used [0x00000000d6b80000,0x00000000d6bc0000,0x00000000d6c00000)
  to   space 1024K, 0% used [0x00000000d6a00000,0x00000000d6a00000,0x00000000d6b00000)
 ParOldGen       total 68608K, used 31257K [0x0000000080000000, 0x0000000084300000, 0x00000000d5580000)
  object space 68608K, 45% used [0x0000000080000000,0x0000000081e86548,0x0000000084300000)
 Metaspace       used 41886K, committed 42944K, reserved 1114112K
  class space    used 4050K, committed 4544K, reserved 1048576K
}
Event: 75.287 GC heap before
{Heap before GC invocations=27 (full 2):
 PSYoungGen      total 21504K, used 21248K [0x00000000d5580000, 0x00000000d6c00000, 0x0000000100000000)
  eden space 20992K, 100% used [0x00000000d5580000,0x00000000d6a00000,0x00000000d6a00000)
  from space 512K, 50% used [0x00000000d6b80000,0x00000000d6bc0000,0x00000000d6c00000)
  to   space 1024K, 0% used [0x00000000d6a00000,0x00000000d6a00000,0x00000000d6b00000)
 ParOldGen       total 68608K, used 31257K [0x0000000080000000, 0x0000000084300000, 0x00000000d5580000)
  object space 68608K, 45% used [0x0000000080000000,0x0000000081e86548,0x0000000084300000)
 Metaspace       used 42164K, committed 43264K, reserved 1114112K
  class space    used 4060K, committed 4544K, reserved 1048576K
}
Event: 75.291 GC heap after
{Heap after GC invocations=27 (full 2):
 PSYoungGen      total 22016K, used 1023K [0x00000000d5580000, 0x00000000d6d00000, 0x0000000100000000)
  eden space 20992K, 0% used [0x00000000d5580000,0x00000000d5580000,0x00000000d6a00000)
  from space 1024K, 99% used [0x00000000d6a00000,0x00000000d6affe68,0x00000000d6b00000)
  to   space 1536K, 0% used [0x00000000d6b80000,0x00000000d6b80000,0x00000000d6d00000)
 ParOldGen       total 68608K, used 31388K [0x0000000080000000, 0x0000000084300000, 0x00000000d5580000)
  object space 68608K, 45% used [0x0000000080000000,0x0000000081ea72b0,0x0000000084300000)
 Metaspace       used 42164K, committed 43264K, reserved 1114112K
  class space    used 4060K, committed 4544K, reserved 1048576K
}
Event: 105.036 GC heap before
{Heap before GC invocations=28 (full 2):
 PSYoungGen      total 22016K, used 22015K [0x00000000d5580000, 0x00000000d6d00000, 0x0000000100000000)
  eden space 20992K, 100% used [0x00000000d5580000,0x00000000d6a00000,0x00000000d6a00000)
  from space 1024K, 99% used [0x00000000d6a00000,0x00000000d6affe68,0x00000000d6b00000)
  to   space 1536K, 0% used [0x00000000d6b80000,0x00000000d6b80000,0x00000000d6d00000)
 ParOldGen       total 68608K, used 31388K [0x0000000080000000, 0x0000000084300000, 0x00000000d5580000)
  object space 68608K, 45% used [0x0000000080000000,0x0000000081ea72b0,0x0000000084300000)
 Metaspace       used 42803K, committed 43840K, reserved 1114112K
  class space    used 4085K, committed 4544K, reserved 1048576K
}
Event: 105.040 GC heap after
{Heap after GC invocations=28 (full 2):
 PSYoungGen      total 22016K, used 753K [0x00000000d5580000, 0x00000000d6c80000, 0x0000000100000000)
  eden space 20992K, 0% used [0x00000000d5580000,0x00000000d5580000,0x00000000d6a00000)
  from space 1024K, 73% used [0x00000000d6b80000,0x00000000d6c3c7b0,0x00000000d6c80000)
  to   space 1024K, 0% used [0x00000000d6a00000,0x00000000d6a00000,0x00000000d6b00000)
 ParOldGen       total 68608K, used 32007K [0x0000000080000000, 0x0000000084300000, 0x00000000d5580000)
  object space 68608K, 46% used [0x0000000080000000,0x0000000081f41ea0,0x0000000084300000)
 Metaspace       used 42803K, committed 43840K, reserved 1114112K
  class space    used 4085K, committed 4544K, reserved 1048576K
}

Dll operation events (10 events):
Event: 0.095 Loaded shared library c:\Users\Administrator\.vscode\extensions\redhat.java-1.43.1-win32-x64\jre\21.0.7-win32-x86_64\bin\java.dll
Event: 0.220 Loaded shared library c:\Users\Administrator\.vscode\extensions\redhat.java-1.43.1-win32-x64\jre\21.0.7-win32-x86_64\bin\zip.dll
Event: 0.424 Loaded shared library C:\Users\Administrator\.vscode\extensions\redhat.java-1.43.1-win32-x64\jre\21.0.7-win32-x86_64\bin\instrument.dll
Event: 0.433 Loaded shared library C:\Users\Administrator\.vscode\extensions\redhat.java-1.43.1-win32-x64\jre\21.0.7-win32-x86_64\bin\net.dll
Event: 0.435 Loaded shared library C:\Users\Administrator\.vscode\extensions\redhat.java-1.43.1-win32-x64\jre\21.0.7-win32-x86_64\bin\nio.dll
Event: 0.439 Loaded shared library C:\Users\Administrator\.vscode\extensions\redhat.java-1.43.1-win32-x64\jre\21.0.7-win32-x86_64\bin\zip.dll
Event: 0.478 Loaded shared library C:\Users\Administrator\.vscode\extensions\redhat.java-1.43.1-win32-x64\jre\21.0.7-win32-x86_64\bin\jimage.dll
Event: 0.735 Loaded shared library c:\Users\Administrator\.vscode\extensions\redhat.java-1.43.1-win32-x64\jre\21.0.7-win32-x86_64\bin\verify.dll
Event: 12.193 Loaded shared library C:\Users\Administrator\AppData\Roaming\Code\User\globalStorage\redhat.java\1.43.1\config_ss_win\org.eclipse.equinox.launcher\org.eclipse.equinox.launcher.win32.win32.x86_64_1.2.1300.v20250331-1702\eclipse_11911.dll
Event: 14.148 Loaded shared library C:\Users\Administrator\AppData\Local\Temp\2\jna-146731693\jna12625552523201631248.dll

Deoptimization events (20 events):
Event: 133.814 Thread 0x000001bffef954b0 Uncommon trap: trap_request=0xffffffbe fr.pc=0x000001bf87f62e30 relative=0x00000000000005d0
Event: 133.814 Thread 0x000001bffef954b0 Uncommon trap: reason=profile_predicate action=maybe_recompile pc=0x000001bf87f62e30 method=org.eclipse.jdt.internal.compiler.parser.Scanner.checkTaskTag(II)V @ 539 c2
Event: 133.814 Thread 0x000001bffef954b0 DEOPT PACKING pc=0x000001bf87f62e30 sp=0x00000023db9feb30
Event: 133.814 Thread 0x000001bffef954b0 DEOPT UNPACKING pc=0x000001bf87583aa2 sp=0x00000023db9fea80 mode 2
Event: 133.814 Thread 0x000001bffef954b0 Uncommon trap: trap_request=0xffffffbe fr.pc=0x000001bf87f62e30 relative=0x00000000000005d0
Event: 133.814 Thread 0x000001bffef954b0 Uncommon trap: reason=profile_predicate action=maybe_recompile pc=0x000001bf87f62e30 method=org.eclipse.jdt.internal.compiler.parser.Scanner.checkTaskTag(II)V @ 539 c2
Event: 133.814 Thread 0x000001bffef954b0 DEOPT PACKING pc=0x000001bf87f62e30 sp=0x00000023db9feb30
Event: 133.814 Thread 0x000001bffef954b0 DEOPT UNPACKING pc=0x000001bf87583aa2 sp=0x00000023db9fea80 mode 2
Event: 133.814 Thread 0x000001bffef954b0 Uncommon trap: trap_request=0xffffffbe fr.pc=0x000001bf87f5c664 relative=0x0000000000001124
Event: 133.815 Thread 0x000001bffef954b0 Uncommon trap: reason=profile_predicate action=maybe_recompile pc=0x000001bf87f5c664 method=org.eclipse.jdt.internal.compiler.parser.Scanner.jumpOverMethodBody()V @ 881 c2
Event: 133.815 Thread 0x000001bffef954b0 DEOPT PACKING pc=0x000001bf87f5c664 sp=0x00000023db9feb20
Event: 133.815 Thread 0x000001bffef954b0 DEOPT UNPACKING pc=0x000001bf87583aa2 sp=0x00000023db9feaa0 mode 2
Event: 133.835 Thread 0x000001bffef954b0 Uncommon trap: trap_request=0xffffffbe fr.pc=0x000001bf87e64fbc relative=0x000000000000139c
Event: 133.835 Thread 0x000001bffef954b0 Uncommon trap: reason=profile_predicate action=maybe_recompile pc=0x000001bf87e64fbc method=org.eclipse.jdt.internal.compiler.parser.Scanner.jumpOverMethodBody()V @ 881 c2
Event: 133.835 Thread 0x000001bffef954b0 DEOPT PACKING pc=0x000001bf87e64fbc sp=0x00000023db9feb20
Event: 133.835 Thread 0x000001bffef954b0 DEOPT UNPACKING pc=0x000001bf87583aa2 sp=0x00000023db9feaa0 mode 2
Event: 133.846 Thread 0x000001bffef954b0 Uncommon trap: trap_request=0xffffffde fr.pc=0x000001bf87f44af8 relative=0x0000000000001238
Event: 133.846 Thread 0x000001bffef954b0 Uncommon trap: reason=class_check action=maybe_recompile pc=0x000001bf87f44af8 method=org.eclipse.jdt.internal.compiler.parser.Parser.consumeRule(I)V @ 5798 c2
Event: 133.846 Thread 0x000001bffef954b0 DEOPT PACKING pc=0x000001bf87f44af8 sp=0x00000023db9fec30
Event: 133.846 Thread 0x000001bffef954b0 DEOPT UNPACKING pc=0x000001bf87583aa2 sp=0x00000023db9febb8 mode 2

Classes loaded (20 events):
Event: 63.339 Loading class java/util/concurrent/CompletableFuture$UniAccept
Event: 63.339 Loading class java/util/concurrent/CompletableFuture$UniAccept done
Event: 63.339 Loading class java/util/concurrent/CompletableFuture$UniExceptionally
Event: 63.339 Loading class java/util/concurrent/CompletableFuture$UniExceptionally done
Event: 63.946 Loading class java/util/regex/PatternSyntaxException
Event: 63.946 Loading class java/util/regex/PatternSyntaxException done
Event: 65.241 Loading class java/util/stream/ReduceOps$4
Event: 65.241 Loading class java/util/stream/ReduceOps$4 done
Event: 65.241 Loading class java/util/stream/ReduceOps$4ReducingSink
Event: 65.242 Loading class java/util/stream/ReduceOps$4ReducingSink done
Event: 65.524 Loading class java/util/stream/ReferencePipeline$4
Event: 65.524 Loading class java/util/stream/ReferencePipeline$4 done
Event: 65.525 Loading class java/util/stream/Nodes$IntFixedNodeBuilder
Event: 65.526 Loading class java/util/stream/Node$Builder$OfInt
Event: 65.526 Loading class java/util/stream/Node$Builder$OfInt done
Event: 65.526 Loading class java/util/stream/Nodes$IntArrayNode
Event: 65.526 Loading class java/util/stream/Nodes$IntArrayNode done
Event: 65.526 Loading class java/util/stream/Nodes$IntFixedNodeBuilder done
Event: 65.526 Loading class java/util/stream/ReferencePipeline$4$1
Event: 65.527 Loading class java/util/stream/ReferencePipeline$4$1 done

Classes unloaded (7 events):
Event: 15.196 Thread 0x000001bffd505da0 Unloading class 0x000001bf94184800 'java/lang/invoke/LambdaForm$MH+0x000001bf94184800'
Event: 15.196 Thread 0x000001bffd505da0 Unloading class 0x000001bf94184400 'java/lang/invoke/LambdaForm$MH+0x000001bf94184400'
Event: 15.196 Thread 0x000001bffd505da0 Unloading class 0x000001bf94184000 'java/lang/invoke/LambdaForm$MH+0x000001bf94184000'
Event: 15.196 Thread 0x000001bffd505da0 Unloading class 0x000001bf94183c00 'java/lang/invoke/LambdaForm$MH+0x000001bf94183c00'
Event: 15.196 Thread 0x000001bffd505da0 Unloading class 0x000001bf94183800 'java/lang/invoke/LambdaForm$BMH+0x000001bf94183800'
Event: 15.196 Thread 0x000001bffd505da0 Unloading class 0x000001bf94183400 'java/lang/invoke/LambdaForm$DMH+0x000001bf94183400'
Event: 15.196 Thread 0x000001bffd505da0 Unloading class 0x000001bf94182400 'java/lang/invoke/LambdaForm$DMH+0x000001bf94182400'

Classes redefined (0 events):
No events

Internal exceptions (20 events):
Event: 59.102 Thread 0x000001bfd8af58c0 Exception <a 'java/lang/NoSuchMethodError'{0x00000000d559d200}: 'java.lang.Object java.lang.invoke.Invokers$Holder.invoke_MT(java.lang.Object, java.lang.Object, java.lang.Object, java.lang.Object, java.lang.Object, java.lang.Object, java.lang.Object, java.lang.Object, java.lang.Object, java.lang.Object)'> (0x00000000d559d200) 
thrown [s\src\hotspot\share\interpreter\linkResolver.cpp, line 773]
Event: 59.116 Thread 0x000001bfd8af58c0 Exception <a 'java/lang/NoSuchMethodError'{0x00000000d55e2c38}: 'int java.lang.invoke.DirectMethodHandle$Holder.invokeVirtual(java.lang.Object, java.lang.Object, java.lang.Object)'> (0x00000000d55e2c38) 
thrown [s\src\hotspot\share\interpreter\linkResolver.cpp, line 773]
Event: 59.116 Thread 0x000001bfd8af58c0 Exception <a 'java/lang/NoSuchMethodError'{0x00000000d55e6fe0}: 'int java.lang.invoke.DirectMethodHandle$Holder.invokeStaticInit(java.lang.Object, int, int)'> (0x00000000d55e6fe0) 
thrown [s\src\hotspot\share\interpreter\linkResolver.cpp, line 773]
Event: 59.118 Thread 0x000001bfd8af58c0 Exception <a 'java/lang/NoSuchMethodError'{0x00000000d55ee788}: 'int java.lang.invoke.DirectMethodHandle$Holder.invokeStaticInit(java.lang.Object, long, long)'> (0x00000000d55ee788) 
thrown [s\src\hotspot\share\interpreter\linkResolver.cpp, line 773]
Event: 59.118 Thread 0x000001bfd8af58c0 Exception <a 'java/lang/NoSuchMethodError'{0x00000000d55f54d0}: 'int java.lang.invoke.DirectMethodHandle$Holder.invokeStaticInit(java.lang.Object, float, float)'> (0x00000000d55f54d0) 
thrown [s\src\hotspot\share\interpreter\linkResolver.cpp, line 773]
Event: 59.119 Thread 0x000001bfd8af58c0 Exception <a 'java/lang/NoSuchMethodError'{0x00000000d55fc210}: 'int java.lang.invoke.DirectMethodHandle$Holder.invokeStaticInit(java.lang.Object, double, double)'> (0x00000000d55fc210) 
thrown [s\src\hotspot\share\interpreter\linkResolver.cpp, line 773]
Event: 59.120 Thread 0x000001bfd8af58c0 Exception <a 'java/lang/NoSuchMethodError'{0x00000000d5600a60}: 'int java.lang.invoke.DirectMethodHandle$Holder.invokeStatic(java.lang.Object, long)'> (0x00000000d5600a60) 
thrown [s\src\hotspot\share\interpreter\linkResolver.cpp, line 773]
Event: 59.127 Thread 0x000001bfd8af58c0 Exception <a 'java/lang/NoSuchMethodError'{0x00000000d561f9a8}: 'int java.lang.invoke.Invokers$Holder.linkToTargetMethod(java.lang.Object, java.lang.Object)'> (0x00000000d561f9a8) 
thrown [s\src\hotspot\share\interpreter\linkResolver.cpp, line 773]
Event: 63.331 Thread 0x000001bfd8af58c0 Exception <a 'java/lang/IncompatibleClassChangeError'{0x00000000d687b390}: Found class java.lang.Object, but interface was expected> (0x00000000d687b390) 
thrown [s\src\hotspot\share\interpreter\linkResolver.cpp, line 840]
Event: 63.876 Thread 0x000001bffef954b0 Exception <a 'java/lang/NoSuchMethodError'{0x00000000d6969dc0}: 'java.lang.Object java.lang.invoke.DirectMethodHandle$Holder.invokeSpecial(java.lang.Object, java.lang.Object, int, long)'> (0x00000000d6969dc0) 
thrown [s\src\hotspot\share\interpreter\linkResolver.cpp, line 773]
Event: 63.908 Thread 0x000001bfd8af86b0 Exception <a 'java/lang/NoSuchMethodError'{0x00000000d6993cc0}: 'java.lang.Object java.lang.invoke.DirectMethodHandle$Holder.invokeSpecial(java.lang.Object, java.lang.Object, java.lang.Object, java.lang.Object, int, java.lang.Object, java.lang.Object)'> (0x00000000d6993cc0) 
thrown [s\src\hotspot\share\interpreter\linkResolver.cpp, line 773]
Event: 65.250 Thread 0x000001bffef954b0 Exception <a 'java/lang/NoSuchMethodError'{0x00000000d60683c8}: 'int java.lang.invoke.DirectMethodHandle$Holder.invokeSpecialIFC(java.lang.Object, java.lang.Object, java.lang.Object)'> (0x00000000d60683c8) 
thrown [s\src\hotspot\share\interpreter\linkResolver.cpp, line 773]
Event: 65.314 Thread 0x000001bffef954b0 Exception <a 'java/io/FileNotFoundException'{0x00000000d6131ba8}> (0x00000000d6131ba8) 
thrown [s\src\hotspot\share\prims\jni.cpp, line 520]
Event: 65.315 Thread 0x000001bffef954b0 Exception <a 'java/io/FileNotFoundException'{0x00000000d6132df8}> (0x00000000d6132df8) 
thrown [s\src\hotspot\share\prims\jni.cpp, line 520]
Event: 65.737 Thread 0x000001bffef954b0 Exception <a 'java/lang/NoSuchMethodError'{0x00000000d561dd90}: 'void java.lang.invoke.DirectMethodHandle$Holder.invokeVirtual(java.lang.Object, java.lang.Object, java.lang.Object, java.lang.Object, java.lang.Object)'> (0x00000000d561dd90) 
thrown [s\src\hotspot\share\interpreter\linkResolver.cpp, line 773]
Event: 67.463 Thread 0x000001bffef954b0 Implicit null exception at 0x000001bf87d8aa25 to 0x000001bf87d8ad94
Event: 67.562 Thread 0x000001bffef954b0 Exception <a 'java/lang/NoSuchMethodError'{0x00000000d6368298}: 'int java.lang.invoke.DirectMethodHandle$Holder.invokeSpecial(java.lang.Object, java.lang.Object, java.lang.Object, java.lang.Object)'> (0x00000000d6368298) 
thrown [s\src\hotspot\share\interpreter\linkResolver.cpp, line 773]
Event: 67.639 Thread 0x000001bffef954b0 Exception <a 'java/io/FileNotFoundException'{0x00000000d64a6398}> (0x00000000d64a6398) 
thrown [s\src\hotspot\share\prims\jni.cpp, line 520]
Event: 67.640 Thread 0x000001bffef954b0 Exception <a 'java/io/FileNotFoundException'{0x00000000d64a7738}> (0x00000000d64a7738) 
thrown [s\src\hotspot\share\prims\jni.cpp, line 520]
Event: 67.640 Thread 0x000001bffef954b0 Exception <a 'java/io/FileNotFoundException'{0x00000000d64a8710}> (0x00000000d64a8710) 
thrown [s\src\hotspot\share\prims\jni.cpp, line 520]

ZGC Phase Switch (0 events):
No events

VM Operations (20 events):
Event: 97.287 Executing VM operation: Cleanup
Event: 97.287 Executing VM operation: Cleanup done
Event: 105.036 Executing VM operation: ParallelGCFailedAllocation (Allocation Failure)
Event: 105.040 Executing VM operation: ParallelGCFailedAllocation (Allocation Failure) done
Event: 106.046 Executing VM operation: Cleanup
Event: 106.046 Executing VM operation: Cleanup done
Event: 115.050 Executing VM operation: Cleanup
Event: 115.050 Executing VM operation: Cleanup done
Event: 120.218 Executing VM operation: HandshakeAllThreads (HandshakeForDeflation)
Event: 120.218 Executing VM operation: HandshakeAllThreads (HandshakeForDeflation) done
Event: 120.218 Executing VM operation: RendezvousGCThreads
Event: 120.218 Executing VM operation: RendezvousGCThreads done
Event: 123.227 Executing VM operation: Cleanup
Event: 123.227 Executing VM operation: Cleanup done
Event: 133.247 Executing VM operation: Cleanup
Event: 133.247 Executing VM operation: Cleanup done
Event: 133.498 Executing VM operation: HandshakeAllThreads (Deoptimize)
Event: 133.498 Executing VM operation: HandshakeAllThreads (Deoptimize) done
Event: 133.751 Executing VM operation: HandshakeAllThreads (Deoptimize)
Event: 133.751 Executing VM operation: HandshakeAllThreads (Deoptimize) done

Memory protections (0 events):
No events

Nmethod flushes (20 events):
Event: 61.507 Thread 0x000001bffd505da0 flushing  nmethod 0x000001bf80340310
Event: 61.507 Thread 0x000001bffd505da0 flushing  nmethod 0x000001bf80342410
Event: 61.507 Thread 0x000001bffd505da0 flushing  nmethod 0x000001bf80342c90
Event: 61.507 Thread 0x000001bffd505da0 flushing  nmethod 0x000001bf80356b10
Event: 61.507 Thread 0x000001bffd505da0 flushing  nmethod 0x000001bf80386110
Event: 61.507 Thread 0x000001bffd505da0 flushing  nmethod 0x000001bf80417490
Event: 61.507 Thread 0x000001bffd505da0 flushing  nmethod 0x000001bf80417990
Event: 61.507 Thread 0x000001bffd505da0 flushing  nmethod 0x000001bf8041b310
Event: 61.507 Thread 0x000001bffd505da0 flushing  nmethod 0x000001bf8043d190
Event: 61.507 Thread 0x000001bffd505da0 flushing  nmethod 0x000001bf8043db10
Event: 61.507 Thread 0x000001bffd505da0 flushing  nmethod 0x000001bf80442a10
Event: 61.507 Thread 0x000001bffd505da0 flushing  nmethod 0x000001bf80445810
Event: 61.507 Thread 0x000001bffd505da0 flushing  nmethod 0x000001bf8045e110
Event: 61.507 Thread 0x000001bffd505da0 flushing  nmethod 0x000001bf80460e10
Event: 61.507 Thread 0x000001bffd505da0 flushing  nmethod 0x000001bf80489c10
Event: 61.507 Thread 0x000001bffd505da0 flushing  nmethod 0x000001bf804ab490
Event: 61.507 Thread 0x000001bffd505da0 flushing  nmethod 0x000001bf804b3a10
Event: 61.507 Thread 0x000001bffd505da0 flushing  nmethod 0x000001bf804bb990
Event: 61.507 Thread 0x000001bffd505da0 flushing  nmethod 0x000001bf804bc410
Event: 61.507 Thread 0x000001bffd505da0 flushing  nmethod 0x000001bf804c4c90

Events (20 events):
Event: 13.794 Thread 0x000001bfff085fa0 Thread exited: 0x000001bfff085fa0
Event: 14.199 Thread 0x000001bffec3e420 Thread added: 0x000001bffe31eae0
Event: 14.250 Thread 0x000001bffec3e420 Thread added: 0x000001bffed4c420
Event: 14.279 Thread 0x000001bffec3e420 Thread added: 0x000001bffef954b0
Event: 14.437 Thread 0x000001bffd5a32e0 Thread added: 0x000001bfff11e4f0
Event: 15.618 Thread 0x000001bffec3e420 Thread added: 0x000001bffef961d0
Event: 15.766 Thread 0x000001bffef961d0 Thread exited: 0x000001bffef961d0
Event: 16.127 Thread 0x000001bff7d48b10 Thread added: 0x000001bffef961d0
Event: 16.127 Thread 0x000001bff7d48b10 Thread added: 0x000001bffef95b40
Event: 16.127 Thread 0x000001bff7d48b10 Thread added: 0x000001bffef96860
Event: 16.127 Thread 0x000001bff7d48b10 Thread added: 0x000001bffef96ef0
Event: 16.128 Thread 0x000001bff7d48b10 Thread added: 0x000001bffef94e20
Event: 16.144 Thread 0x000001bff7d48b10 Thread added: 0x000001bffef97580
Event: 16.438 Thread 0x000001bffef954b0 Thread added: 0x000001bffef94100
Event: 16.474 Thread 0x000001bff7d48b10 Thread added: 0x000001bffef94790
Event: 16.474 Thread 0x000001bff7d48b10 Thread added: 0x000001bfd8af58c0
Event: 19.306 Thread 0x000001bffe619980 Thread exited: 0x000001bffe619980
Event: 22.358 Thread 0x000001bfff11e4f0 Thread exited: 0x000001bfff11e4f0
Event: 63.339 Thread 0x000001bfd8af58c0 Thread added: 0x000001bfd8af86b0
Event: 68.997 Thread 0x000001bfd8af58c0 Thread added: 0x000001bfd8af4ba0


Dynamic libraries:
0x00007ff74ac20000 - 0x00007ff74ac2e000 	c:\Users\Administrator\.vscode\extensions\redhat.java-1.43.1-win32-x64\jre\21.0.7-win32-x86_64\bin\java.exe
0x00007fff35270000 - 0x00007fff35470000 	C:\Windows\SYSTEM32\ntdll.dll
0x00007fff34e10000 - 0x00007fff34ecc000 	C:\Windows\System32\KERNEL32.DLL
0x00007fff32b10000 - 0x00007fff32e6f000 	C:\Windows\System32\KERNELBASE.dll
0x00007fff330b0000 - 0x00007fff331c0000 	C:\Windows\System32\ucrtbase.dll
0x00007fff28480000 - 0x00007fff28498000 	c:\Users\Administrator\.vscode\extensions\redhat.java-1.43.1-win32-x64\jre\21.0.7-win32-x86_64\bin\jli.dll
0x00007fff35050000 - 0x00007fff351f5000 	C:\Windows\System32\USER32.dll
0x00007fff33010000 - 0x00007fff33036000 	C:\Windows\System32\win32u.dll
0x00007fff35200000 - 0x00007fff3522b000 	C:\Windows\System32\GDI32.dll
0x00007fff32ef0000 - 0x00007fff33001000 	C:\Windows\System32\gdi32full.dll
0x00007fff32850000 - 0x00007fff328f0000 	C:\Windows\System32\msvcp_win.dll
0x00007fff21ef0000 - 0x00007fff21f0e000 	c:\Users\Administrator\.vscode\extensions\redhat.java-1.43.1-win32-x64\jre\21.0.7-win32-x86_64\bin\VCRUNTIME140.dll
0x00007fff1cef0000 - 0x00007fff1d195000 	C:\Windows\WinSxS\amd64_microsoft.windows.common-controls_6595b64144ccf1df_6.0.20348.1_none_88d3d41d702dedea\COMCTL32.dll
0x00007fff33860000 - 0x00007fff33903000 	C:\Windows\System32\msvcrt.dll
0x00007fff34900000 - 0x00007fff34931000 	C:\Windows\System32\IMM32.DLL
0x00007fff28470000 - 0x00007fff2847c000 	c:\Users\Administrator\.vscode\extensions\redhat.java-1.43.1-win32-x64\jre\21.0.7-win32-x86_64\bin\vcruntime140_1.dll
0x00007fff1e910000 - 0x00007fff1e99d000 	c:\Users\Administrator\.vscode\extensions\redhat.java-1.43.1-win32-x64\jre\21.0.7-win32-x86_64\bin\msvcp140.dll
0x00007fff0fb60000 - 0x00007fff108f0000 	c:\Users\Administrator\.vscode\extensions\redhat.java-1.43.1-win32-x64\jre\21.0.7-win32-x86_64\bin\server\jvm.dll
0x00007fff33920000 - 0x00007fff339cc000 	C:\Windows\System32\ADVAPI32.dll
0x00007fff34d00000 - 0x00007fff34d9e000 	C:\Windows\System32\sechost.dll
0x00007fff34be0000 - 0x00007fff34cff000 	C:\Windows\System32\RPCRT4.dll
0x00007fff33fd0000 - 0x00007fff34041000 	C:\Windows\System32\WS2_32.dll
0x00007fff32720000 - 0x00007fff3276d000 	C:\Windows\SYSTEM32\POWRPROF.dll
0x00007fff11a20000 - 0x00007fff11a47000 	C:\Windows\SYSTEM32\WINMM.dll
0x00007fff29cb0000 - 0x00007fff29cba000 	C:\Windows\SYSTEM32\VERSION.dll
0x00007fff32700000 - 0x00007fff32713000 	C:\Windows\SYSTEM32\UMPDC.dll
0x00007fff31240000 - 0x00007fff31257000 	C:\Windows\SYSTEM32\kernel.appcore.dll
0x00007fff22e50000 - 0x00007fff22e5a000 	c:\Users\Administrator\.vscode\extensions\redhat.java-1.43.1-win32-x64\jre\21.0.7-win32-x86_64\bin\jimage.dll
0x00007fff23ae0000 - 0x00007fff23cf2000 	C:\Windows\SYSTEM32\DBGHELP.DLL
0x00007fff23a10000 - 0x00007fff23a40000 	C:\Windows\SYSTEM32\dbgcore.DLL
0x00007fff32e70000 - 0x00007fff32eee000 	C:\Windows\System32\bcryptPrimitives.dll
0x00007fff22bd0000 - 0x00007fff22bdf000 	c:\Users\Administrator\.vscode\extensions\redhat.java-1.43.1-win32-x64\jre\21.0.7-win32-x86_64\bin\instrument.dll
0x00007fff21ed0000 - 0x00007fff21eef000 	c:\Users\Administrator\.vscode\extensions\redhat.java-1.43.1-win32-x64\jre\21.0.7-win32-x86_64\bin\java.dll
0x00007fff341a0000 - 0x00007fff348fa000 	C:\Windows\System32\SHELL32.dll
0x00007fff257f0000 - 0x00007fff26035000 	C:\Windows\SYSTEM32\windows.storage.dll
0x00007fff33270000 - 0x00007fff335e1000 	C:\Windows\System32\combase.dll
0x00007fff33ee0000 - 0x00007fff33fcb000 	C:\Windows\System32\SHCORE.dll
0x00007fff34db0000 - 0x00007fff34e0f000 	C:\Windows\System32\shlwapi.dll
0x00007fff32780000 - 0x00007fff327a1000 	C:\Windows\SYSTEM32\profapi.dll
0x00007fff21eb0000 - 0x00007fff21ec8000 	c:\Users\Administrator\.vscode\extensions\redhat.java-1.43.1-win32-x64\jre\21.0.7-win32-x86_64\bin\zip.dll
0x00007fff22dc0000 - 0x00007fff22dd0000 	C:\Users\Administrator\.vscode\extensions\redhat.java-1.43.1-win32-x64\jre\21.0.7-win32-x86_64\bin\net.dll
0x00007fff2a9b0000 - 0x00007fff2aab2000 	C:\Windows\SYSTEM32\WINHTTP.dll
0x00007fff31d70000 - 0x00007fff31dd8000 	C:\Windows\system32\mswsock.dll
0x00007fff21e30000 - 0x00007fff21e46000 	C:\Users\Administrator\.vscode\extensions\redhat.java-1.43.1-win32-x64\jre\21.0.7-win32-x86_64\bin\nio.dll
0x00007fff221b0000 - 0x00007fff221c0000 	c:\Users\Administrator\.vscode\extensions\redhat.java-1.43.1-win32-x64\jre\21.0.7-win32-x86_64\bin\verify.dll
0x00007fff1fe40000 - 0x00007fff1fe85000 	C:\Users\Administrator\AppData\Roaming\Code\User\globalStorage\redhat.java\1.43.1\config_ss_win\org.eclipse.equinox.launcher\org.eclipse.equinox.launcher.win32.win32.x86_64_1.2.1300.v20250331-1702\eclipse_11911.dll
0x00007fff33700000 - 0x00007fff33835000 	C:\Windows\System32\ole32.dll
0x00007fff31fc0000 - 0x00007fff31fd8000 	C:\Windows\SYSTEM32\CRYPTSP.dll
0x00007fff31900000 - 0x00007fff31935000 	C:\Windows\system32\rsaenh.dll
0x00007fff31e60000 - 0x00007fff31e8e000 	C:\Windows\SYSTEM32\USERENV.dll
0x00007fff32100000 - 0x00007fff32127000 	C:\Windows\SYSTEM32\bcrypt.dll
0x00007fff31fb0000 - 0x00007fff31fbc000 	C:\Windows\SYSTEM32\CRYPTBASE.dll
0x00007fff31ad0000 - 0x00007fff31afd000 	C:\Windows\SYSTEM32\IPHLPAPI.DLL
0x00007fff34da0000 - 0x00007fff34da9000 	C:\Windows\System32\NSI.dll
0x00007fff214d0000 - 0x00007fff21519000 	C:\Users\Administrator\AppData\Local\Temp\2\jna-146731693\jna12625552523201631248.dll
0x00007fff33910000 - 0x00007fff33918000 	C:\Windows\System32\PSAPI.DLL
0x00007fff2c3e0000 - 0x00007fff2c3f9000 	C:\Windows\SYSTEM32\dhcpcsvc6.DLL
0x00007fff2c3c0000 - 0x00007fff2c3dd000 	C:\Windows\SYSTEM32\dhcpcsvc.DLL

dbghelp: loaded successfully - version: 4.0.5 - missing functions: none
symbol engine: initialized successfully - sym options: 0x614 - pdb path: .;c:\Users\Administrator\.vscode\extensions\redhat.java-1.43.1-win32-x64\jre\21.0.7-win32-x86_64\bin;C:\Windows\SYSTEM32;C:\Windows\WinSxS\amd64_microsoft.windows.common-controls_6595b64144ccf1df_6.0.20348.1_none_88d3d41d702dedea;c:\Users\Administrator\.vscode\extensions\redhat.java-1.43.1-win32-x64\jre\21.0.7-win32-x86_64\bin\server;C:\Users\Administrator\AppData\Roaming\Code\User\globalStorage\redhat.java\1.43.1\config_ss_win\org.eclipse.equinox.launcher\org.eclipse.equinox.launcher.win32.win32.x86_64_1.2.1300.v20250331-1702;C:\Users\Administrator\AppData\Local\Temp\2\jna-146731693

VM Arguments:
jvm_args: --add-modules=ALL-SYSTEM --add-opens=java.base/java.util=ALL-UNNAMED --add-opens=java.base/java.lang=ALL-UNNAMED --add-opens=java.base/sun.nio.fs=ALL-UNNAMED -Declipse.application=org.eclipse.jdt.ls.core.id1 -Dosgi.bundles.defaultStartLevel=4 -Declipse.product=org.eclipse.jdt.ls.core.product -Djava.import.generatesMetadataFilesAtProjectRoot=false -DDetectVMInstallationsJob.disabled=true -Dfile.encoding=utf8 -XX:+UseParallelGC -XX:GCTimeRatio=4 -XX:AdaptiveSizePolicyWeight=90 -Dsun.zip.disableMemoryMapping=true -Xmx2G -Xms100m -Xlog:disable -javaagent:c:\Users\Administrator\.vscode\extensions\redhat.java-1.43.1-win32-x64\lombok\lombok-1.18.39-4050.jar 
java_command: c:\Users\Administrator\.vscode\extensions\redhat.java-1.43.1-win32-x64\server\plugins\org.eclipse.equinox.launcher_1.7.0.v20250519-0528.jar -configuration c:\Users\Administrator\AppData\Roaming\Code\User\globalStorage\redhat.java\1.43.1\config_ss_win -data c:\Users\Administrator\AppData\Roaming\Code\User\workspaceStorage\34ce6cadecba1fb2d5a0478fb1fb3966\redhat.java\ss_ws --pipe=\\.\pipe\lsp-d38681f89cd66dbab00df702e903618a-sock
java_class_path (initial): c:\Users\Administrator\.vscode\extensions\redhat.java-1.43.1-win32-x64\server\plugins\org.eclipse.equinox.launcher_1.7.0.v20250519-0528.jar
Launcher Type: SUN_STANDARD

[Global flags]
    uintx AdaptiveSizePolicyWeight                 = 90                                        {product} {command line}
     intx CICompilerCount                          = 3                                         {product} {ergonomic}
    uintx GCTimeRatio                              = 4                                         {product} {command line}
   size_t InitialHeapSize                          = 104857600                                 {product} {command line}
   size_t MaxHeapSize                              = 2147483648                                {product} {command line}
   size_t MaxNewSize                               = 715653120                                 {product} {ergonomic}
   size_t MinHeapDeltaBytes                        = 524288                                    {product} {ergonomic}
   size_t MinHeapSize                              = 104857600                                 {product} {command line}
   size_t NewSize                                  = 34603008                                  {product} {ergonomic}
    uintx NonNMethodCodeHeapSize                   = 5832780                                {pd product} {ergonomic}
    uintx NonProfiledCodeHeapSize                  = 122912730                              {pd product} {ergonomic}
   size_t OldSize                                  = 70254592                                  {product} {ergonomic}
    uintx ProfiledCodeHeapSize                     = 122912730                              {pd product} {ergonomic}
    uintx ReservedCodeCacheSize                    = 251658240                              {pd product} {ergonomic}
     bool SegmentedCodeCache                       = true                                      {product} {ergonomic}
   size_t SoftMaxHeapSize                          = 2147483648                             {manageable} {ergonomic}
     bool UseCompressedOops                        = true                           {product lp64_product} {ergonomic}
     bool UseLargePagesIndividualAllocation        = false                                  {pd product} {ergonomic}
     bool UseParallelGC                            = true                                      {product} {command line}

Logging:
Log output configuration:
 #0: stdout all=off uptime,level,tags foldmultilines=false
 #1: stderr all=off uptime,level,tags foldmultilines=false

Environment Variables:
JAVA_HOME=C:\Program Files\Zulu\zulu-21
PATH=C:\Windows\system32;C:\Windows;C:\Windows\System32\Wbem;C:\Windows\System32\WindowsPowerShell\v1.0\;C:\Windows\System32\OpenSSH\;C:\Program Files\Git\cmd;C:\Program Files\nodejs\;C:\Program Files\Bandizip\;C:\Users\Administrator\Downloads\gradle-9.0.0-rc-3-all\gradle-9.0.0-rc-3\bin;C:\Program Files\Zulu\zulu-21\bin;C:\Users\Administrator\AppData\Local\Microsoft\WindowsApps;C:\Users\Administrator\AppData\Local\Programs\Microsoft VS Code\bin;C:\Users\Administrator\AppData\Roaming\npm;C:\Program Files\Zulu\zulu-21\bin;
USERNAME=Administrator
OS=Windows_NT
PROCESSOR_IDENTIFIER=Intel64 Family 6 Model 62 Stepping 4, GenuineIntel
TMP=C:\Users\ADMINI~1\AppData\Local\Temp\2
TEMP=C:\Users\ADMINI~1\AppData\Local\Temp\2




Periodic native trim disabled

---------------  S Y S T E M  ---------------

OS:
 Windows Server 2022 , 64 bit Build 20348 (10.0.20348.143)
OS uptime: 0 days 1:50 hours
KVM virtualization detected

CPU: total 4 (initial active 4) (4 cores per cpu, 1 threads per core) family 6 model 62 stepping 4 microcode 0x42e, cx8, cmov, fxsr, mmx, sse, sse2, sse3, ssse3, sse4.1, sse4.2, popcnt, tsc, avx, aes, erms, clmul, vzeroupper, clflush, hv, rdtscp, f16c
Processor Information for the first 4 processors :
  Max Mhz: 3300, Current Mhz: 3300, Mhz Limit: 3300

Memory: 4k page, system-wide physical 4095M (194M free)
TotalPageFile size 7935M (AvailPageFile size 9M)
current process WorkingSet (physical memory assigned to process): 197M, peak: 219M
current process commit charge ("private bytes"): 295M, peak: 318M

vm_info: OpenJDK 64-Bit Server VM (21.0.7+6-LTS) for windows-amd64 JRE (21.0.7+6-LTS), built on 2025-04-15T00:00:00Z by "admin" with MS VC++ 17.7 (VS2022)

END.
